<?xml version="1.0" encoding="UTF-8"?>
<testsuites name="Demo Test Suite" time="236.738" tests="7" failures="1" skips="0" errors="0">
   <testsuite name="Demo Test Suite" tests="7" failures="1" errors="0" time="236.738" skips="0" timestamp="2021-03-14 01:49:11" hostname="apple - 192.168.43.12" id="Test Suites/Demo Test Suite">
      <properties>
         <property name="deviceName" value=""/>
         <property name="devicePlatform" value=""/>
         <property name="logFolder" value="/Users/apple/Documents/GitHub/SpinSci/Reports/20210314_014850/Demo Test Suite/20210314_014850"/>
         <property name="logFiles" value="/Users/apple/Documents/GitHub/SpinSci/Reports/20210314_014850/Demo Test Suite/20210314_014850/execution0.log"/>
         <property name="attachments" value="/Users/apple/Documents/GitHub/SpinSci/passed.png, /Users/apple/Documents/GitHub/SpinSci/passed.png, /Users/apple/Documents/GitHub/SpinSci/passed.png, /Users/apple/Documents/GitHub/SpinSci/passed.png, /Users/apple/Documents/GitHub/SpinSci/passed.png, /Users/apple/Documents/GitHub/SpinSci/passed.png, /Users/apple/Documents/GitHub/SpinSci/passed.png, /Users/apple/Documents/GitHub/SpinSci/passed.png, /Users/apple/Documents/GitHub/SpinSci/passed.png, /Users/apple/Documents/GitHub/SpinSci/passed.png, /Users/apple/Documents/GitHub/SpinSci/passed.png, /Users/apple/Documents/GitHub/SpinSci/passed.png, /Users/apple/Documents/GitHub/SpinSci/passed.png, /Users/apple/Documents/GitHub/SpinSci/passed.png, /Users/apple/Documents/GitHub/SpinSci/passed.png, /Users/apple/Documents/GitHub/SpinSci/passed.png, /Users/apple/Documents/GitHub/SpinSci/passed.png, /Users/apple/Documents/GitHub/SpinSci/passed.png, /Users/apple/Documents/GitHub/SpinSci/passed.png, /Users/apple/Documents/GitHub/SpinSci/passed.png, /Users/apple/Documents/GitHub/SpinSci/passed.png, /Users/apple/Documents/GitHub/SpinSci/passed.png, /Users/apple/Documents/GitHub/SpinSci/passed.png, /Users/apple/Documents/GitHub/SpinSci/passed.png, /Users/apple/Documents/GitHub/SpinSci/passed.png, /Users/apple/Documents/GitHub/SpinSci/passed.png, /Users/apple/Documents/GitHub/SpinSci/passed.png, /Users/apple/Documents/GitHub/SpinSci/passed.png, /Users/apple/Documents/GitHub/SpinSci/passed.png, /Users/apple/Documents/GitHub/SpinSci/passed.png, /Users/apple/Documents/GitHub/SpinSci/passed.png, /Users/apple/Documents/GitHub/SpinSci/passed.png, /Users/apple/Documents/GitHub/SpinSci/passed.png, /Users/apple/Documents/GitHub/SpinSci/passed.png, /Users/apple/Documents/GitHub/SpinSci/passed.png, /Users/apple/Documents/GitHub/SpinSci/passed.png, /Users/apple/Documents/GitHub/SpinSci/passed.png, /Users/apple/Documents/GitHub/SpinSci/passed.png, /Users/apple/Documents/GitHub/SpinSci/passed.png, /Users/apple/Documents/GitHub/SpinSci/passed.png, /Users/apple/Documents/GitHub/SpinSci/passed.png, /Users/apple/Documents/GitHub/SpinSci/passed.png, /Users/apple/Documents/GitHub/SpinSci/passed.png, /Users/apple/Documents/GitHub/SpinSci/passed.png, /Users/apple/Documents/GitHub/SpinSci/passed.png, /Users/apple/Documents/GitHub/SpinSci/passed.png, /Users/apple/Documents/GitHub/SpinSci/passed.png, /Users/apple/Documents/GitHub/SpinSci/passed.png, /Users/apple/Documents/GitHub/SpinSci/passed.png, /Users/apple/Documents/GitHub/SpinSci/passed.png, /Users/apple/Documents/GitHub/SpinSci/passed.png, /Users/apple/Documents/GitHub/SpinSci/passed.png, /Users/apple/Documents/GitHub/SpinSci/passed.png, /Users/apple/Documents/GitHub/SpinSci/passed.png, /Users/apple/Documents/GitHub/SpinSci/passed.png, /Users/apple/Documents/GitHub/SpinSci/passed.png, /Users/apple/Documents/GitHub/SpinSci/Reports/20210314_014850/Demo Test Suite/20210314_014850/1615666895462.png, /Users/apple/Documents/GitHub/SpinSci/passed.png, /Users/apple/Documents/GitHub/SpinSci/passed.png, /Users/apple/Documents/GitHub/SpinSci/passed.png, /Users/apple/Documents/GitHub/SpinSci/passed.png, /Users/apple/Documents/GitHub/SpinSci/passed.png, /Users/apple/Documents/GitHub/SpinSci/passed.png, /Users/apple/Documents/GitHub/SpinSci/passed.png, /Users/apple/Documents/GitHub/SpinSci/passed.png, /Users/apple/Documents/GitHub/SpinSci/passed.png, /Users/apple/Documents/GitHub/SpinSci/passed.png, /Users/apple/Documents/GitHub/SpinSci/passed.png, /Users/apple/Documents/GitHub/SpinSci/passed.png, /Users/apple/Documents/GitHub/SpinSci/passed.png, /Users/apple/Documents/GitHub/SpinSci/passed.png, /Users/apple/Documents/GitHub/SpinSci/passed.png, /Users/apple/Documents/GitHub/SpinSci/passed.png, /Users/apple/Documents/GitHub/SpinSci/passed.png, /Users/apple/Documents/GitHub/SpinSci/passed.png, /Users/apple/Documents/GitHub/SpinSci/passed.png, /Users/apple/Documents/GitHub/SpinSci/passed.png, /Users/apple/Documents/GitHub/SpinSci/passed.png, /Users/apple/Documents/GitHub/SpinSci/passed.png, /Users/apple/Documents/GitHub/SpinSci/passed.png, /Users/apple/Documents/GitHub/SpinSci/passed.png"/>
         <property name="hostName" value="apple - 192.168.43.12"/>
         <property name="os" value="Mac OS X 64bit"/>
         <property name="katalonVersion" value="7.8.1.208"/>
         <property name="browser" value="Firefox 85.0"/>
         <property name="hostAddress" value="192.168.43.12"/>
         <property name="sessionId" value="73d01cc5-8d8b-ac40-bd87-4c93a4ba8df2"/>
         <property name="seleniumVersion" value="3.141.59"/>
         <property name="proxyInformation" value="ProxyInformation { proxyOption=NO_PROXY, proxyServerType=HTTP, username=, password=********, proxyServerAddress=, proxyServerPort=0, executionList=&quot;&quot;, isApplyToDesiredCapabilities=true }"/>
         <property name="platform" value="Mac OS X"/>
      </properties>
      <testcase name="Test Cases/TC_ID_07 Display Pending Referrals card in the Patient Dashboard" time="37.817" classname="Test Cases/TC_ID_07 Display Pending Referrals card in the Patient Dashboard" status="PASSED">
         <system-out><![CDATA[2021-03-14 01:49:21 - [TEST_CASE][PASSED] - Test Cases/TC_ID_07 Display Pending Referrals card in the Patient Dashboard: Test Cases/TC_ID_07 Display Pending Referrals card in the Patient Dashboard

2021-03-14 01:49:22 - [TEST_STEP][PASSED] - patientCallerId = "6082719000": null

2021-03-14 01:49:22 - [TEST_STEP][PASSED] - patientCalledTo = "4698991226": null

2021-03-14 01:49:22 - [TEST_STEP][PASSED] - soucePatientName = "Cadence,Anna": null

2021-03-14 01:49:22 - [TEST_STEP][PASSED] - sourcePatientDOB = "09-09-1983": null

2021-03-14 01:49:22 - [TEST_STEP][PASSED] - subjectPatientName = "Cadence,Anna": null

2021-03-14 01:49:22 - [TEST_STEP][PASSED] - subjectPatientDOB = "09-09-1983": null

2021-03-14 01:49:22 - [TEST_STEP][PASSED] - upComingReferrals = "1": null

2021-03-14 01:49:22 - [TEST_STEP][PASSED] - closedReferrals = "13": null

2021-03-14 01:49:22 - [TEST_STEP][PASSED] - mainPage.Mainpage.searchWith(patientCallerId, patientCalledTo): mainPage.Mainpage.searchWith is PASSED

2021-03-14 01:49:22 - [MESSAGE][PASSED] - Object 'Object Repository/MainPage/patientCallerIdInputBox' is present

2021-03-14 01:49:23 - [MESSAGE][PASSED] - Object 'Object Repository/MainPage/patientCallerIdInputBox' is visible

2021-03-14 01:49:23 - [MESSAGE][PASSED] - Object 'Object Repository/MainPage/patientCallerIdInputBox' is clickable

2021-03-14 01:49:23 - [MESSAGE][PASSED] - Text of object 'Object Repository/MainPage/patientCallerIdInputBox' is cleared

2021-03-14 01:49:23 - [MESSAGE][PASSED] - Keys '6082719000' sent to object: 'Object Repository/MainPage/patientCallerIdInputBox'

2021-03-14 01:49:24 - [MESSAGE][PASSED] - Object 'Object Repository/MainPage/patientCalledToInputBox' is present

2021-03-14 01:49:24 - [MESSAGE][PASSED] - Object 'Object Repository/MainPage/patientCalledToInputBox' is visible

2021-03-14 01:49:24 - [MESSAGE][PASSED] - Object 'Object Repository/MainPage/patientCalledToInputBox' is clickable

2021-03-14 01:49:25 - [MESSAGE][PASSED] - Text of object 'Object Repository/MainPage/patientCalledToInputBox' is cleared

2021-03-14 01:49:25 - [MESSAGE][PASSED] - Keys '4698991226' sent to object: 'Object Repository/MainPage/patientCalledToInputBox'

2021-03-14 01:49:25 - [MESSAGE][PASSED] - Object 'Object Repository/MainPage/submitButton' is present

2021-03-14 01:49:25 - [MESSAGE][PASSED] - Object 'Object Repository/MainPage/submitButton' is visible

2021-03-14 01:49:26 - [MESSAGE][PASSED] - Object 'Object Repository/MainPage/submitButton' is clickable

2021-03-14 01:49:26 - [MESSAGE][PASSED] - Object: 'Object Repository/MainPage/submitButton' is clicked on

2021-03-14 01:49:27 - [MESSAGE][PASSED] - Taking screenshot successfully
[[ATTACHMENT|/Users/apple/Documents/GitHub/SpinSci/passed.png]]

2021-03-14 01:49:30 - [MESSAGE][PASSED] - Web element with id: 'Object Repository/MainPage/noOngoingIterationText' located by 'By.xpath: //h3[text()='Waiting for a new interaction...']' is not present after '10' second(s)

2021-03-14 01:49:30 - [MESSAGE][PASSED] - mainPage.Mainpage.searchWith is PASSED

2021-03-14 01:49:30 - [TEST_STEP][PASSED] - mainPage.Mainpage.verifySource(soucePatientName, sourcePatientDOB): mainPage.Mainpage.verifySource is PASSED

2021-03-14 01:49:30 - [MESSAGE][PASSED] - Taking screenshot successfully
[[ATTACHMENT|/Users/apple/Documents/GitHub/SpinSci/passed.png]]

2021-03-14 01:49:31 - [MESSAGE][PASSED] - Object 'Object Repository/MainPage/Verification/getTableRowsBasedonPatientName' is present

2021-03-14 01:49:31 - [MESSAGE][PASSED] - Object 'Object Repository/MainPage/Verification/getTableRowsBasedonPatientName' is present

2021-03-14 01:49:31 - [MESSAGE][PASSED] - Object 'Object Repository/MainPage/Verification/getTableRowsBasedonPatientName' is visible

2021-03-14 01:49:31 - [MESSAGE][PASSED] - Scroll to object 'Object Repository/MainPage/Verification/getTableRowsBasedonPatientName' successfully

2021-03-14 01:49:32 - [MESSAGE][PASSED] - Object 'Object Repository/MainPage/Verification/getDOBOfPatient' is present

2021-03-14 01:49:32 - [MESSAGE][PASSED] - Object 'Object Repository/MainPage/Verification/getDOBOfPatient' is visible

2021-03-14 01:49:32 - [MESSAGE][PASSED] - Text of object 'Object Repository/MainPage/Verification/getDOBOfPatient' is: '09-09-1983'

2021-03-14 01:49:32 - [MESSAGE][PASSED] - Object 'Object Repository/MainPage/Verification/verifyCheckMarkOfPatient' is present

2021-03-14 01:49:33 - [MESSAGE][PASSED] - Object 'Object Repository/MainPage/Verification/verifyCheckMarkOfPatient' is visible

2021-03-14 01:49:33 - [MESSAGE][PASSED] - Object 'Object Repository/MainPage/Verification/verifyCheckMarkOfPatient' is clickable

2021-03-14 01:49:33 - [MESSAGE][PASSED] - Object: 'Object Repository/MainPage/Verification/verifyCheckMarkOfPatient' is clicked on

2021-03-14 01:49:34 - [MESSAGE][PASSED] - Object 'Object Repository/MainPage/Verification/sourceTabName' is present

2021-03-14 01:49:34 - [MESSAGE][PASSED] - Object 'Object Repository/MainPage/Verification/sourceTabName' is visible

2021-03-14 01:49:34 - [MESSAGE][PASSED] - Text of object 'Object Repository/MainPage/Verification/sourceTabName' is: 'Cadence Anna'

2021-03-14 01:49:35 - [MESSAGE][PASSED] - Taking screenshot successfully
[[ATTACHMENT|/Users/apple/Documents/GitHub/SpinSci/passed.png]]

2021-03-14 01:49:35 - [MESSAGE][PASSED] - Actual text 'Cadence Anna' and expected text 'Cadence Anna' are matched 

2021-03-14 01:49:35 - [MESSAGE][PASSED] - mainPage.Mainpage.verifySource is PASSED

2021-03-14 01:49:35 - [TEST_STEP][PASSED] - mainPage.Mainpage.verifySubject(subjectPatientName, subjectPatientDOB): mainPage.Mainpage.verifySubject is PASSED

2021-03-14 01:49:35 - [MESSAGE][PASSED] - Taking screenshot successfully
[[ATTACHMENT|/Users/apple/Documents/GitHub/SpinSci/passed.png]]

2021-03-14 01:49:36 - [MESSAGE][PASSED] - Object 'Object Repository/MainPage/Verification/getTableRowsBasedonPatientName' is present

2021-03-14 01:49:36 - [MESSAGE][PASSED] - Object 'Object Repository/MainPage/Verification/getTableRowsBasedonPatientName' is present

2021-03-14 01:49:36 - [MESSAGE][PASSED] - Object 'Object Repository/MainPage/Verification/getTableRowsBasedonPatientName' is visible

2021-03-14 01:49:36 - [MESSAGE][PASSED] - Scroll to object 'Object Repository/MainPage/Verification/getTableRowsBasedonPatientName' successfully

2021-03-14 01:49:37 - [MESSAGE][PASSED] - Object 'Object Repository/MainPage/Verification/getDOBOfPatient' is present

2021-03-14 01:49:37 - [MESSAGE][PASSED] - Object 'Object Repository/MainPage/Verification/getDOBOfPatient' is visible

2021-03-14 01:49:37 - [MESSAGE][PASSED] - Text of object 'Object Repository/MainPage/Verification/getDOBOfPatient' is: '09-09-1983'

2021-03-14 01:49:37 - [MESSAGE][PASSED] - Object 'Object Repository/MainPage/Verification/verifyCheckMarkOfPatient' is present

2021-03-14 01:49:38 - [MESSAGE][PASSED] - Object 'Object Repository/MainPage/Verification/verifyCheckMarkOfPatient' is visible

2021-03-14 01:49:38 - [MESSAGE][PASSED] - Object 'Object Repository/MainPage/Verification/verifyCheckMarkOfPatient' is clickable

2021-03-14 01:49:39 - [MESSAGE][PASSED] - Object: 'Object Repository/MainPage/Verification/verifyCheckMarkOfPatient' is clicked on

2021-03-14 01:49:41 - [MESSAGE][PASSED] - Taking screenshot successfully
[[ATTACHMENT|/Users/apple/Documents/GitHub/SpinSci/passed.png]]

2021-03-14 01:49:41 - [MESSAGE][PASSED] - Web element with id: 'Object Repository/MainPage/Verification/subjectTabName' located by 'By.xpath: (//div[@class="p-verification__top-item-note"])[3]' is not present after '10' second(s)

2021-03-14 01:49:41 - [MESSAGE][PASSED] - mainPage.Mainpage.verifySubject is PASSED

2021-03-14 01:49:41 - [TEST_STEP][PASSED] - cards.ReferralsCard.verifyUpcomingReferrals(upComingReferrals): cards.ReferralsCard.verifyUpcomingReferrals is PASSED

2021-03-14 01:49:41 - [MESSAGE][PASSED] - Object 'Object Repository/MainPage/Cards/PendingReferralsCard/upComingReferralsNumber' is present

2021-03-14 01:49:42 - [MESSAGE][PASSED] - Object 'Object Repository/MainPage/Cards/PendingReferralsCard/upComingReferralsNumber' is visible

2021-03-14 01:49:42 - [MESSAGE][PASSED] - Text of object 'Object Repository/MainPage/Cards/PendingReferralsCard/upComingReferralsNumber' is: '1'

2021-03-14 01:49:43 - [MESSAGE][PASSED] - Taking screenshot successfully
[[ATTACHMENT|/Users/apple/Documents/GitHub/SpinSci/passed.png]]

2021-03-14 01:49:43 - [MESSAGE][PASSED] - Actual text '1' and expected text '1' are matched 

2021-03-14 01:49:43 - [MESSAGE][PASSED] - cards.ReferralsCard.verifyUpcomingReferrals is PASSED

2021-03-14 01:49:43 - [TEST_STEP][PASSED] - cards.ReferralsCard.verifyClosedReferrals(closedReferrals): cards.ReferralsCard.verifyClosedReferrals is PASSED

2021-03-14 01:49:43 - [MESSAGE][PASSED] - Object 'Object Repository/MainPage/Cards/PendingReferralsCard/closedReferralsNumber' is present

2021-03-14 01:49:43 - [MESSAGE][PASSED] - Object 'Object Repository/MainPage/Cards/PendingReferralsCard/closedReferralsNumber' is visible

2021-03-14 01:49:43 - [MESSAGE][PASSED] - Text of object 'Object Repository/MainPage/Cards/PendingReferralsCard/closedReferralsNumber' is: '13'

2021-03-14 01:49:44 - [MESSAGE][PASSED] - Taking screenshot successfully
[[ATTACHMENT|/Users/apple/Documents/GitHub/SpinSci/passed.png]]

2021-03-14 01:49:44 - [MESSAGE][PASSED] - Actual text '13' and expected text '13' are matched 

2021-03-14 01:49:44 - [MESSAGE][PASSED] - cards.ReferralsCard.verifyClosedReferrals is PASSED

2021-03-14 01:49:44 - [TEST_STEP][PASSED] - cards.ReferralsCard.clickOnGearIcon(): cards.ReferralsCard.clickOnGearIcon is PASSED

2021-03-14 01:49:44 - [MESSAGE][PASSED] - Object 'Object Repository/MainPage/Cards/PendingReferralsCard/gearIcon' is present

2021-03-14 01:49:44 - [MESSAGE][PASSED] - Object 'Object Repository/MainPage/Cards/PendingReferralsCard/gearIcon' is visible

2021-03-14 01:49:45 - [MESSAGE][PASSED] - Object 'Object Repository/MainPage/Cards/PendingReferralsCard/gearIcon' is clickable

2021-03-14 01:49:45 - [MESSAGE][PASSED] - Object: 'Object Repository/MainPage/Cards/PendingReferralsCard/gearIcon' is clicked on

2021-03-14 01:49:46 - [MESSAGE][PASSED] - Taking screenshot successfully
[[ATTACHMENT|/Users/apple/Documents/GitHub/SpinSci/passed.png]]

2021-03-14 01:49:46 - [MESSAGE][PASSED] - Object 'Object Repository/MainPage/Cards/PendingReferralsCard/moreDetailsOption' is present

2021-03-14 01:49:46 - [MESSAGE][PASSED] - cards.ReferralsCard.clickOnGearIcon is PASSED

2021-03-14 01:49:46 - [TEST_STEP][PASSED] - cards.ReferralsCard.clickOnMoreDetails(): cards.ReferralsCard.clickOnMoreDetails is PASSED

2021-03-14 01:49:46 - [MESSAGE][PASSED] - Object 'Object Repository/MainPage/Cards/PendingReferralsCard/moreDetailsOption' is present

2021-03-14 01:49:47 - [MESSAGE][PASSED] - Object 'Object Repository/MainPage/Cards/PendingReferralsCard/moreDetailsOption' is visible

2021-03-14 01:49:47 - [MESSAGE][PASSED] - Object 'Object Repository/MainPage/Cards/PendingReferralsCard/moreDetailsOption' is clickable

2021-03-14 01:49:48 - [MESSAGE][PASSED] - Object: 'Object Repository/MainPage/Cards/PendingReferralsCard/moreDetailsOption' is clicked on

2021-03-14 01:49:48 - [MESSAGE][PASSED] - cards.ReferralsCard.clickOnMoreDetails is PASSED

2021-03-14 01:49:48 - [TEST_STEP][PASSED] - tabs.ReferralsTab.verifyReferral("1150", "Phoenix, Physician, MD", "Kevin Walker", "Consultation", "Pending"): tabs.ReferralsTab.verifyReferral is PASSED

2021-03-14 01:49:48 - [MESSAGE][PASSED] - Object 'Object Repository/MainPage/Tabs/ReferralsTab/tableCell' is present

2021-03-14 01:49:49 - [MESSAGE][PASSED] - Object 'Object Repository/MainPage/Tabs/ReferralsTab/tableCell' is visible

2021-03-14 01:49:49 - [MESSAGE][PASSED] - Text of object 'Object Repository/MainPage/Tabs/ReferralsTab/tableCell' is: '1150'

2021-03-14 01:49:49 - [MESSAGE][PASSED] - Object 'Object Repository/MainPage/Tabs/ReferralsTab/tableCell' is present

2021-03-14 01:49:49 - [MESSAGE][PASSED] - Object 'Object Repository/MainPage/Tabs/ReferralsTab/tableCell' is visible

2021-03-14 01:49:49 - [MESSAGE][PASSED] - Text of object 'Object Repository/MainPage/Tabs/ReferralsTab/tableCell' is: 'Phoenix, Physician, MD'

2021-03-14 01:49:50 - [MESSAGE][PASSED] - Object 'Object Repository/MainPage/Tabs/ReferralsTab/tableCell' is present

2021-03-14 01:49:50 - [MESSAGE][PASSED] - Object 'Object Repository/MainPage/Tabs/ReferralsTab/tableCell' is visible

2021-03-14 01:49:50 - [MESSAGE][PASSED] - Text of object 'Object Repository/MainPage/Tabs/ReferralsTab/tableCell' is: 'Kevin Walker'

2021-03-14 01:49:50 - [MESSAGE][PASSED] - Object 'Object Repository/MainPage/Tabs/ReferralsTab/tableCell' is present

2021-03-14 01:49:51 - [MESSAGE][PASSED] - Object 'Object Repository/MainPage/Tabs/ReferralsTab/tableCell' is visible

2021-03-14 01:49:51 - [MESSAGE][PASSED] - Text of object 'Object Repository/MainPage/Tabs/ReferralsTab/tableCell' is: 'Consultation'

2021-03-14 01:49:51 - [MESSAGE][PASSED] - Object 'Object Repository/MainPage/Tabs/ReferralsTab/tableCell' is present

2021-03-14 01:49:51 - [MESSAGE][PASSED] - Object 'Object Repository/MainPage/Tabs/ReferralsTab/tableCell' is visible

2021-03-14 01:49:52 - [MESSAGE][PASSED] - Text of object 'Object Repository/MainPage/Tabs/ReferralsTab/tableCell' is: 'Pending'

2021-03-14 01:49:52 - [MESSAGE][PASSED] - Taking screenshot successfully
[[ATTACHMENT|/Users/apple/Documents/GitHub/SpinSci/passed.png]]

2021-03-14 01:49:52 - [MESSAGE][PASSED] - Actual text '1150' and expected text '1150' are matched 

2021-03-14 01:49:53 - [MESSAGE][PASSED] - Taking screenshot successfully
[[ATTACHMENT|/Users/apple/Documents/GitHub/SpinSci/passed.png]]

2021-03-14 01:49:53 - [MESSAGE][PASSED] - Actual text 'Phoenix, Physician, MD' and expected text 'Phoenix, Physician, MD' are matched 

2021-03-14 01:49:53 - [MESSAGE][PASSED] - Taking screenshot successfully
[[ATTACHMENT|/Users/apple/Documents/GitHub/SpinSci/passed.png]]

2021-03-14 01:49:53 - [MESSAGE][PASSED] - Actual text 'Kevin Walker' and expected text 'Kevin Walker' are matched 

2021-03-14 01:49:54 - [MESSAGE][PASSED] - Taking screenshot successfully
[[ATTACHMENT|/Users/apple/Documents/GitHub/SpinSci/passed.png]]

2021-03-14 01:49:54 - [MESSAGE][PASSED] - Actual text 'Consultation' and expected text 'Consultation' are matched 

2021-03-14 01:49:54 - [MESSAGE][PASSED] - Taking screenshot successfully
[[ATTACHMENT|/Users/apple/Documents/GitHub/SpinSci/passed.png]]

2021-03-14 01:49:54 - [MESSAGE][PASSED] - Actual text 'Pending' and expected text 'Pending' are matched 

2021-03-14 01:49:54 - [MESSAGE][PASSED] - tabs.ReferralsTab.verifyReferral is PASSED

2021-03-14 01:49:54 - [TEST_STEP][PASSED] - Start listener action : closeBrowserBeforeTestSuire: Refresh successfully

2021-03-14 01:49:54 - [TEST_STEP][PASSED] - refresh(): Refresh successfully

2021-03-14 01:49:57 - [MESSAGE][PASSED] - Refresh successfully

2021-03-14 01:49:59 - [TEST_STEP][PASSED] - Video: Video recording for test case 'Test Cases/TC_ID_07 Display Pending Referrals card in the Patient Dashboard' .

2021-03-14 01:49:59 - [MESSAGE][INFO] - Video recording for test case 'Test Cases/TC_ID_07 Display Pending Referrals card in the Patient Dashboard' .]]></system-out>
         <system-err><![CDATA[]]></system-err>
      </testcase>
      <testcase name="Test Cases/TC_ID_02 Verify Patient details on the Dashboard based on incoming call" time="40.908" classname="Test Cases/TC_ID_02 Verify Patient details on the Dashboard based on incoming call" status="PASSED">
         <system-out><![CDATA[2021-03-14 01:49:59 - [TEST_CASE][PASSED] - Test Cases/TC_ID_02 Verify Patient details on the Dashboard based on incoming call: Test Cases/TC_ID_02 Verify Patient details on the Dashboard based on incoming call

2021-03-14 01:49:59 - [TEST_STEP][PASSED] - patientCallerId = "6082719000": null

2021-03-14 01:49:59 - [TEST_STEP][PASSED] - patientCalledTo = "4698991226": null

2021-03-14 01:49:59 - [TEST_STEP][PASSED] - soucePatientName = "Cadence,Sam": null

2021-03-14 01:49:59 - [TEST_STEP][PASSED] - sourcePatientDOB = "09-12-1949": null

2021-03-14 01:49:59 - [TEST_STEP][PASSED] - subjectPatientName = "Cadence,Alyssa": null

2021-03-14 01:49:59 - [TEST_STEP][PASSED] - subjectPatientDOB = "03-24-1978": null

2021-03-14 01:49:59 - [TEST_STEP][PASSED] - subjectPatientlocation = "VERONA,Wisconsin,53593": null

2021-03-14 01:49:59 - [TEST_STEP][PASSED] - patientContactNumber = "(608) 271-9000": null

2021-03-14 01:49:59 - [TEST_STEP][PASSED] - subjectPatientCardTitle = "Subject is a Patient (42 year old Female)": null

2021-03-14 01:49:59 - [TEST_STEP][PASSED] - mainPage.Mainpage.searchWith(patientCallerId, patientCalledTo): mainPage.Mainpage.searchWith is PASSED

2021-03-14 01:50:00 - [MESSAGE][PASSED] - Object 'Object Repository/MainPage/patientCallerIdInputBox' is present

2021-03-14 01:50:00 - [MESSAGE][PASSED] - Object 'Object Repository/MainPage/patientCallerIdInputBox' is visible

2021-03-14 01:50:00 - [MESSAGE][PASSED] - Object 'Object Repository/MainPage/patientCallerIdInputBox' is clickable

2021-03-14 01:50:00 - [MESSAGE][PASSED] - Text of object 'Object Repository/MainPage/patientCallerIdInputBox' is cleared

2021-03-14 01:50:01 - [MESSAGE][PASSED] - Keys '6082719000' sent to object: 'Object Repository/MainPage/patientCallerIdInputBox'

2021-03-14 01:50:01 - [MESSAGE][PASSED] - Object 'Object Repository/MainPage/patientCalledToInputBox' is present

2021-03-14 01:50:01 - [MESSAGE][PASSED] - Object 'Object Repository/MainPage/patientCalledToInputBox' is visible

2021-03-14 01:50:02 - [MESSAGE][PASSED] - Object 'Object Repository/MainPage/patientCalledToInputBox' is clickable

2021-03-14 01:50:02 - [MESSAGE][PASSED] - Text of object 'Object Repository/MainPage/patientCalledToInputBox' is cleared

2021-03-14 01:50:02 - [MESSAGE][PASSED] - Keys '4698991226' sent to object: 'Object Repository/MainPage/patientCalledToInputBox'

2021-03-14 01:50:02 - [MESSAGE][PASSED] - Object 'Object Repository/MainPage/submitButton' is present

2021-03-14 01:50:03 - [MESSAGE][PASSED] - Object 'Object Repository/MainPage/submitButton' is visible

2021-03-14 01:50:03 - [MESSAGE][PASSED] - Object 'Object Repository/MainPage/submitButton' is clickable

2021-03-14 01:50:03 - [MESSAGE][PASSED] - Object: 'Object Repository/MainPage/submitButton' is clicked on

2021-03-14 01:50:04 - [MESSAGE][PASSED] - Taking screenshot successfully
[[ATTACHMENT|/Users/apple/Documents/GitHub/SpinSci/passed.png]]

2021-03-14 01:50:06 - [MESSAGE][PASSED] - Web element with id: 'Object Repository/MainPage/noOngoingIterationText' located by 'By.xpath: //h3[text()='Waiting for a new interaction...']' is not present after '10' second(s)

2021-03-14 01:50:06 - [MESSAGE][PASSED] - mainPage.Mainpage.searchWith is PASSED

2021-03-14 01:50:06 - [TEST_STEP][PASSED] - mainPage.Mainpage.verifySource(soucePatientName, sourcePatientDOB): mainPage.Mainpage.verifySource is PASSED

2021-03-14 01:50:06 - [MESSAGE][PASSED] - Taking screenshot successfully
[[ATTACHMENT|/Users/apple/Documents/GitHub/SpinSci/passed.png]]

2021-03-14 01:50:07 - [MESSAGE][PASSED] - Object 'Object Repository/MainPage/Verification/getTableRowsBasedonPatientName' is present

2021-03-14 01:50:07 - [MESSAGE][PASSED] - Object 'Object Repository/MainPage/Verification/getTableRowsBasedonPatientName' is present

2021-03-14 01:50:07 - [MESSAGE][PASSED] - Object 'Object Repository/MainPage/Verification/getTableRowsBasedonPatientName' is visible

2021-03-14 01:50:07 - [MESSAGE][PASSED] - Scroll to object 'Object Repository/MainPage/Verification/getTableRowsBasedonPatientName' successfully

2021-03-14 01:50:08 - [MESSAGE][PASSED] - Object 'Object Repository/MainPage/Verification/getDOBOfPatient' is present

2021-03-14 01:50:08 - [MESSAGE][PASSED] - Object 'Object Repository/MainPage/Verification/getDOBOfPatient' is visible

2021-03-14 01:50:08 - [MESSAGE][PASSED] - Text of object 'Object Repository/MainPage/Verification/getDOBOfPatient' is: '09-12-1949'

2021-03-14 01:50:08 - [MESSAGE][PASSED] - Object 'Object Repository/MainPage/Verification/verifyCheckMarkOfPatient' is present

2021-03-14 01:50:09 - [MESSAGE][PASSED] - Object 'Object Repository/MainPage/Verification/verifyCheckMarkOfPatient' is visible

2021-03-14 01:50:09 - [MESSAGE][PASSED] - Object 'Object Repository/MainPage/Verification/verifyCheckMarkOfPatient' is clickable

2021-03-14 01:50:09 - [MESSAGE][PASSED] - Object: 'Object Repository/MainPage/Verification/verifyCheckMarkOfPatient' is clicked on

2021-03-14 01:50:10 - [MESSAGE][PASSED] - Object 'Object Repository/MainPage/Verification/sourceTabName' is present

2021-03-14 01:50:10 - [MESSAGE][PASSED] - Object 'Object Repository/MainPage/Verification/sourceTabName' is visible

2021-03-14 01:50:10 - [MESSAGE][PASSED] - Text of object 'Object Repository/MainPage/Verification/sourceTabName' is: 'Cadence Sam'

2021-03-14 01:50:11 - [MESSAGE][PASSED] - Taking screenshot successfully
[[ATTACHMENT|/Users/apple/Documents/GitHub/SpinSci/passed.png]]

2021-03-14 01:50:11 - [MESSAGE][PASSED] - Actual text 'Cadence Sam' and expected text 'Cadence Sam' are matched 

2021-03-14 01:50:11 - [MESSAGE][PASSED] - mainPage.Mainpage.verifySource is PASSED

2021-03-14 01:50:11 - [TEST_STEP][PASSED] - mainPage.Mainpage.verifySubject(subjectPatientName, subjectPatientDOB, subjectPatientlocation): mainPage.Mainpage.verifySubject is PASSED

2021-03-14 01:50:11 - [MESSAGE][PASSED] - Taking screenshot successfully
[[ATTACHMENT|/Users/apple/Documents/GitHub/SpinSci/passed.png]]

2021-03-14 01:50:12 - [MESSAGE][PASSED] - Object 'Object Repository/MainPage/Verification/getTableRowsBasedonPatientName' is present

2021-03-14 01:50:12 - [MESSAGE][PASSED] - Object 'Object Repository/MainPage/Verification/getTableRowsBasedonPatientName' is present

2021-03-14 01:50:12 - [MESSAGE][PASSED] - Object 'Object Repository/MainPage/Verification/getTableRowsBasedonPatientName' is visible

2021-03-14 01:50:12 - [MESSAGE][PASSED] - Scroll to object 'Object Repository/MainPage/Verification/getTableRowsBasedonPatientName' successfully

2021-03-14 01:50:13 - [MESSAGE][PASSED] - Object 'Object Repository/MainPage/Verification/getDOBOfPatient' is present

2021-03-14 01:50:13 - [MESSAGE][PASSED] - Object 'Object Repository/MainPage/Verification/getDOBOfPatient' is visible

2021-03-14 01:50:13 - [MESSAGE][PASSED] - Text of object 'Object Repository/MainPage/Verification/getDOBOfPatient' is: '03-24-1978'

2021-03-14 01:50:13 - [MESSAGE][PASSED] - Object 'Object Repository/MainPage/Verification/verifyCheckMarkOfPatient' is present

2021-03-14 01:50:14 - [MESSAGE][PASSED] - Object 'Object Repository/MainPage/Verification/verifyCheckMarkOfPatient' is visible

2021-03-14 01:50:14 - [MESSAGE][PASSED] - Object 'Object Repository/MainPage/Verification/verifyCheckMarkOfPatient' is clickable

2021-03-14 01:50:14 - [MESSAGE][PASSED] - Object: 'Object Repository/MainPage/Verification/verifyCheckMarkOfPatient' is clicked on

2021-03-14 01:50:17 - [MESSAGE][PASSED] - Taking screenshot successfully
[[ATTACHMENT|/Users/apple/Documents/GitHub/SpinSci/passed.png]]

2021-03-14 01:50:17 - [MESSAGE][PASSED] - Web element with id: 'Object Repository/MainPage/Verification/subjectTabName' located by 'By.xpath: (//div[@class="p-verification__top-item-note"])[3]' is not present after '10' second(s)

2021-03-14 01:50:17 - [MESSAGE][PASSED] - mainPage.Mainpage.verifySubject is PASSED

2021-03-14 01:50:17 - [TEST_STEP][PASSED] - mainPage.Patient.verifyPatientDetails(subjectPatientCardTitle, subjectPatientName, "1978-03-24", patientContactNumber, subjectPatientlocation): mainPage.Patient.verifyPatientDetails is PASSED

2021-03-14 01:50:17 - [MESSAGE][PASSED] - Object 'Object Repository/MainPage/Cards/SubjectCard/subjectTitle' is present

2021-03-14 01:50:18 - [MESSAGE][PASSED] - Object 'Object Repository/MainPage/Cards/SubjectCard/subjectTitle' is visible

2021-03-14 01:50:18 - [MESSAGE][PASSED] - Text of object 'Object Repository/MainPage/Cards/SubjectCard/subjectTitle' is: 'Subject is a Patient (42 year old Female)'

2021-03-14 01:50:18 - [MESSAGE][PASSED] - Object 'Object Repository/MainPage/Cards/SubjectCard/subjectAddress' is present

2021-03-14 01:50:18 - [MESSAGE][PASSED] - Object 'Object Repository/MainPage/Cards/SubjectCard/subjectAddress' is visible

2021-03-14 01:50:19 - [MESSAGE][PASSED] - Text of object 'Object Repository/MainPage/Cards/SubjectCard/subjectAddress' is: 'Address: VERONA,Wisconsin,53593'

2021-03-14 01:50:19 - [MESSAGE][PASSED] - Object 'Object Repository/MainPage/Cards/SubjectCard/subjectName' is present

2021-03-14 01:50:19 - [MESSAGE][PASSED] - Object 'Object Repository/MainPage/Cards/SubjectCard/subjectName' is visible

2021-03-14 01:50:19 - [MESSAGE][PASSED] - Text of object 'Object Repository/MainPage/Cards/SubjectCard/subjectName' is: 'Cadence Alyssa'

2021-03-14 01:50:20 - [MESSAGE][PASSED] - Object 'Object Repository/MainPage/Cards/SubjectCard/subjectDOB' is present

2021-03-14 01:50:20 - [MESSAGE][PASSED] - Object 'Object Repository/MainPage/Cards/SubjectCard/subjectDOB' is visible

2021-03-14 01:50:20 - [MESSAGE][PASSED] - Text of object 'Object Repository/MainPage/Cards/SubjectCard/subjectDOB' is: 'DOB: 1978-03-24'

2021-03-14 01:50:20 - [MESSAGE][PASSED] - Object 'Object Repository/MainPage/Cards/SubjectCard/subjectEmpi' is present

2021-03-14 01:50:21 - [MESSAGE][PASSED] - Object 'Object Repository/MainPage/Cards/SubjectCard/subjectEmpi' is visible

2021-03-14 01:50:21 - [MESSAGE][PASSED] - Text of object 'Object Repository/MainPage/Cards/SubjectCard/subjectEmpi' is: 'EMPI: E2650'

2021-03-14 01:50:21 - [MESSAGE][PASSED] - Object 'Object Repository/MainPage/Cards/SubjectCard/subjectContactNumber' is present

2021-03-14 01:50:21 - [MESSAGE][PASSED] - Object 'Object Repository/MainPage/Cards/SubjectCard/subjectContactNumber' is visible

2021-03-14 01:50:22 - [MESSAGE][PASSED] - Text of object 'Object Repository/MainPage/Cards/SubjectCard/subjectContactNumber' is: 'Contact Number:  (608) 271-9000'

2021-03-14 01:50:22 - [MESSAGE][PASSED] - Taking screenshot successfully
[[ATTACHMENT|/Users/apple/Documents/GitHub/SpinSci/passed.png]]

2021-03-14 01:50:22 - [MESSAGE][PASSED] - Actual text 'Subject is a Patient (42 year old Female)' and expected text 'Subject is a Patient (42 year old Female)' are matched 

2021-03-14 01:50:23 - [MESSAGE][PASSED] - Taking screenshot successfully
[[ATTACHMENT|/Users/apple/Documents/GitHub/SpinSci/passed.png]]

2021-03-14 01:50:23 - [MESSAGE][PASSED] - Actual text 'VERONA,Wisconsin,53593' and expected text 'VERONA,Wisconsin,53593' are matched 

2021-03-14 01:50:23 - [MESSAGE][PASSED] - Taking screenshot successfully
[[ATTACHMENT|/Users/apple/Documents/GitHub/SpinSci/passed.png]]

2021-03-14 01:50:23 - [MESSAGE][PASSED] - Actual text 'Cadence Alyssa' and expected text 'Cadence Alyssa' are matched 

2021-03-14 01:50:24 - [MESSAGE][PASSED] - Taking screenshot successfully
[[ATTACHMENT|/Users/apple/Documents/GitHub/SpinSci/passed.png]]

2021-03-14 01:50:24 - [MESSAGE][PASSED] - Actual text '1978-03-24' and expected text '1978-03-24' are matched 

2021-03-14 01:50:24 - [MESSAGE][PASSED] - Taking screenshot successfully
[[ATTACHMENT|/Users/apple/Documents/GitHub/SpinSci/passed.png]]

2021-03-14 01:50:24 - [MESSAGE][PASSED] - Actual text '(608) 271-9000' and expected text '(608) 271-9000' are matched 

2021-03-14 01:50:25 - [MESSAGE][PASSED] - Taking screenshot successfully
[[ATTACHMENT|/Users/apple/Documents/GitHub/SpinSci/passed.png]]

2021-03-14 01:50:25 - [MESSAGE][PASSED] - Object 'Object Repository/MainPage/Cards/AppoinmentsCard/cardTitle' is present

2021-03-14 01:50:26 - [MESSAGE][PASSED] - Taking screenshot successfully
[[ATTACHMENT|/Users/apple/Documents/GitHub/SpinSci/passed.png]]

2021-03-14 01:50:26 - [MESSAGE][PASSED] - Object 'Object Repository/MainPage/Cards/BillingInformationCard/cardTitle' is present

2021-03-14 01:50:26 - [MESSAGE][PASSED] - Taking screenshot successfully
[[ATTACHMENT|/Users/apple/Documents/GitHub/SpinSci/passed.png]]

2021-03-14 01:50:27 - [MESSAGE][PASSED] - Object 'Object Repository/MainPage/Cards/EmergencyInfoCard/cardTitle' is present

2021-03-14 01:50:27 - [MESSAGE][PASSED] - Taking screenshot successfully
[[ATTACHMENT|/Users/apple/Documents/GitHub/SpinSci/passed.png]]

2021-03-14 01:50:27 - [MESSAGE][PASSED] - Object 'Object Repository/MainPage/Cards/EmploymentInfoCard/cardTitle' is present

2021-03-14 01:50:28 - [MESSAGE][PASSED] - Taking screenshot successfully
[[ATTACHMENT|/Users/apple/Documents/GitHub/SpinSci/passed.png]]

2021-03-14 01:50:28 - [MESSAGE][PASSED] - Object 'Object Repository/MainPage/Cards/InsuranceDetails/cardTitle' is present

2021-03-14 01:50:29 - [MESSAGE][PASSED] - Taking screenshot successfully
[[ATTACHMENT|/Users/apple/Documents/GitHub/SpinSci/passed.png]]

2021-03-14 01:50:29 - [MESSAGE][PASSED] - Object 'Object Repository/MainPage/Cards/PatientCareTeamCard/cardTitle' is present

2021-03-14 01:50:29 - [MESSAGE][PASSED] - Taking screenshot successfully
[[ATTACHMENT|/Users/apple/Documents/GitHub/SpinSci/passed.png]]

2021-03-14 01:50:30 - [MESSAGE][PASSED] - Object 'Object Repository/MainPage/Cards/PendingReferralsCard/cardTitle' is present

2021-03-14 01:50:30 - [MESSAGE][PASSED] - Taking screenshot successfully
[[ATTACHMENT|/Users/apple/Documents/GitHub/SpinSci/passed.png]]

2021-03-14 01:50:30 - [MESSAGE][PASSED] - Object 'Object Repository/MainPage/Cards/Pharmacies/cardTitle' is present

2021-03-14 01:50:31 - [MESSAGE][PASSED] - Taking screenshot successfully
[[ATTACHMENT|/Users/apple/Documents/GitHub/SpinSci/passed.png]]

2021-03-14 01:50:31 - [MESSAGE][PASSED] - Object 'Object Repository/MainPage/Navigations/appoinmentsTab' is present

2021-03-14 01:50:32 - [MESSAGE][PASSED] - Taking screenshot successfully
[[ATTACHMENT|/Users/apple/Documents/GitHub/SpinSci/passed.png]]

2021-03-14 01:50:32 - [MESSAGE][PASSED] - Object 'Object Repository/MainPage/Navigations/billingTab' is present

2021-03-14 01:50:33 - [MESSAGE][PASSED] - Taking screenshot successfully
[[ATTACHMENT|/Users/apple/Documents/GitHub/SpinSci/passed.png]]

2021-03-14 01:50:33 - [MESSAGE][PASSED] - Object 'Object Repository/MainPage/Navigations/dashboardTab' is present

2021-03-14 01:50:33 - [MESSAGE][PASSED] - Taking screenshot successfully
[[ATTACHMENT|/Users/apple/Documents/GitHub/SpinSci/passed.png]]

2021-03-14 01:50:34 - [MESSAGE][PASSED] - Object 'Object Repository/MainPage/Navigations/medicationTab' is present

2021-03-14 01:50:34 - [MESSAGE][PASSED] - Taking screenshot successfully
[[ATTACHMENT|/Users/apple/Documents/GitHub/SpinSci/passed.png]]

2021-03-14 01:50:34 - [MESSAGE][PASSED] - Object 'Object Repository/MainPage/Navigations/ReferralsTab' is present

2021-03-14 01:50:35 - [MESSAGE][PASSED] - Taking screenshot successfully
[[ATTACHMENT|/Users/apple/Documents/GitHub/SpinSci/passed.png]]

2021-03-14 01:50:35 - [MESSAGE][PASSED] - Object 'Object Repository/MainPage/Navigations/traigeTab' is present

2021-03-14 01:50:35 - [MESSAGE][PASSED] - mainPage.Patient.verifyPatientDetails is PASSED

2021-03-14 01:50:35 - [TEST_STEP][PASSED] - Start listener action : closeBrowserBeforeTestSuire: Refresh successfully

2021-03-14 01:50:35 - [TEST_STEP][PASSED] - refresh(): Refresh successfully

2021-03-14 01:50:38 - [MESSAGE][PASSED] - Refresh successfully

2021-03-14 01:50:40 - [TEST_STEP][PASSED] - Video: Video recording for test case 'Test Cases/TC_ID_02 Verify Patient details on the Dashboard based on incoming call' .

2021-03-14 01:50:40 - [MESSAGE][INFO] - Video recording for test case 'Test Cases/TC_ID_02 Verify Patient details on the Dashboard based on incoming call' .]]></system-out>
         <system-err><![CDATA[]]></system-err>
      </testcase>
      <testcase name="Test Cases/TC_ID_11 Display Patient Care Team card (PCP) details in the Patient Dashboard" time="25.308" classname="Test Cases/TC_ID_11 Display Patient Care Team card (PCP) details in the Patient Dashboard" status="PASSED">
         <system-out><![CDATA[2021-03-14 01:50:40 - [TEST_CASE][PASSED] - Test Cases/TC_ID_11 Display Patient Care Team card (PCP) details in the Patient Dashboard: Test Cases/TC_ID_11 Display Patient Care Team card (PCP) details in the Patient Dashboard

2021-03-14 01:50:40 - [TEST_STEP][PASSED] - patientCallerId = "6082719000": null

2021-03-14 01:50:40 - [TEST_STEP][PASSED] - patientCalledTo = "4698991226": null

2021-03-14 01:50:40 - [TEST_STEP][PASSED] - soucePatientName = "Cadence,Anna": null

2021-03-14 01:50:40 - [TEST_STEP][PASSED] - sourcePatientDOB = "09-09-1983": null

2021-03-14 01:50:40 - [TEST_STEP][PASSED] - subjectPatientName = "Cadence,Anna": null

2021-03-14 01:50:40 - [TEST_STEP][PASSED] - subjectPatientDOB = "09-09-1983": null

2021-03-14 01:50:40 - [TEST_STEP][PASSED] - pcpName = "Family Medicine, Physician, MD": null

2021-03-14 01:50:40 - [TEST_STEP][PASSED] - pcpCenter = "": null

2021-03-14 01:50:40 - [TEST_STEP][PASSED] - pcpDept = "Cardio": null

2021-03-14 01:50:40 - [TEST_STEP][PASSED] - mainPage.Mainpage.searchWith(patientCallerId, patientCalledTo): mainPage.Mainpage.searchWith is PASSED

2021-03-14 01:50:41 - [MESSAGE][PASSED] - Object 'Object Repository/MainPage/patientCallerIdInputBox' is present

2021-03-14 01:50:41 - [MESSAGE][PASSED] - Object 'Object Repository/MainPage/patientCallerIdInputBox' is visible

2021-03-14 01:50:41 - [MESSAGE][PASSED] - Object 'Object Repository/MainPage/patientCallerIdInputBox' is clickable

2021-03-14 01:50:41 - [MESSAGE][PASSED] - Text of object 'Object Repository/MainPage/patientCallerIdInputBox' is cleared

2021-03-14 01:50:42 - [MESSAGE][PASSED] - Keys '6082719000' sent to object: 'Object Repository/MainPage/patientCallerIdInputBox'

2021-03-14 01:50:42 - [MESSAGE][PASSED] - Object 'Object Repository/MainPage/patientCalledToInputBox' is present

2021-03-14 01:50:42 - [MESSAGE][PASSED] - Object 'Object Repository/MainPage/patientCalledToInputBox' is visible

2021-03-14 01:50:42 - [MESSAGE][PASSED] - Object 'Object Repository/MainPage/patientCalledToInputBox' is clickable

2021-03-14 01:50:43 - [MESSAGE][PASSED] - Text of object 'Object Repository/MainPage/patientCalledToInputBox' is cleared

2021-03-14 01:50:43 - [MESSAGE][PASSED] - Keys '4698991226' sent to object: 'Object Repository/MainPage/patientCalledToInputBox'

2021-03-14 01:50:43 - [MESSAGE][PASSED] - Object 'Object Repository/MainPage/submitButton' is present

2021-03-14 01:50:43 - [MESSAGE][PASSED] - Object 'Object Repository/MainPage/submitButton' is visible

2021-03-14 01:50:44 - [MESSAGE][PASSED] - Object 'Object Repository/MainPage/submitButton' is clickable

2021-03-14 01:50:44 - [MESSAGE][PASSED] - Object: 'Object Repository/MainPage/submitButton' is clicked on

2021-03-14 01:50:45 - [MESSAGE][PASSED] - Taking screenshot successfully
[[ATTACHMENT|/Users/apple/Documents/GitHub/SpinSci/passed.png]]

2021-03-14 01:50:47 - [MESSAGE][PASSED] - Web element with id: 'Object Repository/MainPage/noOngoingIterationText' located by 'By.xpath: //h3[text()='Waiting for a new interaction...']' is not present after '10' second(s)

2021-03-14 01:50:47 - [MESSAGE][PASSED] - mainPage.Mainpage.searchWith is PASSED

2021-03-14 01:50:47 - [TEST_STEP][PASSED] - mainPage.Mainpage.verifySource(soucePatientName, sourcePatientDOB): mainPage.Mainpage.verifySource is PASSED

2021-03-14 01:50:47 - [MESSAGE][PASSED] - Taking screenshot successfully
[[ATTACHMENT|/Users/apple/Documents/GitHub/SpinSci/passed.png]]

2021-03-14 01:50:48 - [MESSAGE][PASSED] - Object 'Object Repository/MainPage/Verification/getTableRowsBasedonPatientName' is present

2021-03-14 01:50:48 - [MESSAGE][PASSED] - Object 'Object Repository/MainPage/Verification/getTableRowsBasedonPatientName' is present

2021-03-14 01:50:48 - [MESSAGE][PASSED] - Object 'Object Repository/MainPage/Verification/getTableRowsBasedonPatientName' is visible

2021-03-14 01:50:48 - [MESSAGE][PASSED] - Scroll to object 'Object Repository/MainPage/Verification/getTableRowsBasedonPatientName' successfully

2021-03-14 01:50:49 - [MESSAGE][PASSED] - Object 'Object Repository/MainPage/Verification/getDOBOfPatient' is present

2021-03-14 01:50:49 - [MESSAGE][PASSED] - Object 'Object Repository/MainPage/Verification/getDOBOfPatient' is visible

2021-03-14 01:50:49 - [MESSAGE][PASSED] - Text of object 'Object Repository/MainPage/Verification/getDOBOfPatient' is: '09-09-1983'

2021-03-14 01:50:49 - [MESSAGE][PASSED] - Object 'Object Repository/MainPage/Verification/verifyCheckMarkOfPatient' is present

2021-03-14 01:50:49 - [MESSAGE][PASSED] - Object 'Object Repository/MainPage/Verification/verifyCheckMarkOfPatient' is visible

2021-03-14 01:50:50 - [MESSAGE][PASSED] - Object 'Object Repository/MainPage/Verification/verifyCheckMarkOfPatient' is clickable

2021-03-14 01:50:50 - [MESSAGE][PASSED] - Object: 'Object Repository/MainPage/Verification/verifyCheckMarkOfPatient' is clicked on

2021-03-14 01:50:51 - [MESSAGE][PASSED] - Object 'Object Repository/MainPage/Verification/sourceTabName' is present

2021-03-14 01:50:51 - [MESSAGE][PASSED] - Object 'Object Repository/MainPage/Verification/sourceTabName' is visible

2021-03-14 01:50:51 - [MESSAGE][PASSED] - Text of object 'Object Repository/MainPage/Verification/sourceTabName' is: 'Cadence Anna'

2021-03-14 01:50:52 - [MESSAGE][PASSED] - Taking screenshot successfully
[[ATTACHMENT|/Users/apple/Documents/GitHub/SpinSci/passed.png]]

2021-03-14 01:50:52 - [MESSAGE][PASSED] - Actual text 'Cadence Anna' and expected text 'Cadence Anna' are matched 

2021-03-14 01:50:52 - [MESSAGE][PASSED] - mainPage.Mainpage.verifySource is PASSED

2021-03-14 01:50:52 - [TEST_STEP][PASSED] - mainPage.Mainpage.verifySubject(subjectPatientName, subjectPatientDOB): mainPage.Mainpage.verifySubject is PASSED

2021-03-14 01:50:52 - [MESSAGE][PASSED] - Taking screenshot successfully
[[ATTACHMENT|/Users/apple/Documents/GitHub/SpinSci/passed.png]]

2021-03-14 01:50:53 - [MESSAGE][PASSED] - Object 'Object Repository/MainPage/Verification/getTableRowsBasedonPatientName' is present

2021-03-14 01:50:53 - [MESSAGE][PASSED] - Object 'Object Repository/MainPage/Verification/getTableRowsBasedonPatientName' is present

2021-03-14 01:50:53 - [MESSAGE][PASSED] - Object 'Object Repository/MainPage/Verification/getTableRowsBasedonPatientName' is visible

2021-03-14 01:50:53 - [MESSAGE][PASSED] - Scroll to object 'Object Repository/MainPage/Verification/getTableRowsBasedonPatientName' successfully

2021-03-14 01:50:54 - [MESSAGE][PASSED] - Object 'Object Repository/MainPage/Verification/getDOBOfPatient' is present

2021-03-14 01:50:54 - [MESSAGE][PASSED] - Object 'Object Repository/MainPage/Verification/getDOBOfPatient' is visible

2021-03-14 01:50:54 - [MESSAGE][PASSED] - Text of object 'Object Repository/MainPage/Verification/getDOBOfPatient' is: '09-09-1983'

2021-03-14 01:50:54 - [MESSAGE][PASSED] - Object 'Object Repository/MainPage/Verification/verifyCheckMarkOfPatient' is present

2021-03-14 01:50:54 - [MESSAGE][PASSED] - Object 'Object Repository/MainPage/Verification/verifyCheckMarkOfPatient' is visible

2021-03-14 01:50:55 - [MESSAGE][PASSED] - Object 'Object Repository/MainPage/Verification/verifyCheckMarkOfPatient' is clickable

2021-03-14 01:50:55 - [MESSAGE][PASSED] - Object: 'Object Repository/MainPage/Verification/verifyCheckMarkOfPatient' is clicked on

2021-03-14 01:50:56 - [MESSAGE][PASSED] - Taking screenshot successfully
[[ATTACHMENT|/Users/apple/Documents/GitHub/SpinSci/passed.png]]

2021-03-14 01:50:57 - [MESSAGE][PASSED] - Web element with id: 'Object Repository/MainPage/Verification/subjectTabName' located by 'By.xpath: (//div[@class="p-verification__top-item-note"])[3]' is not present after '10' second(s)

2021-03-14 01:50:57 - [MESSAGE][PASSED] - mainPage.Mainpage.verifySubject is PASSED

2021-03-14 01:50:57 - [TEST_STEP][PASSED] - cards.PatientCareTeamCard.verifyPcpDetails(pcpName, pcpCenter, pcpDept): cards.PatientCareTeamCard.verifyPcpDetails is PASSED

2021-03-14 01:50:58 - [MESSAGE][PASSED] - Object 'Object Repository/MainPage/Cards/PatientCareTeamCard/pcpName' is present

2021-03-14 01:50:58 - [MESSAGE][PASSED] - Object 'Object Repository/MainPage/Cards/PatientCareTeamCard/pcpName' is visible

2021-03-14 01:50:58 - [MESSAGE][PASSED] - Text of object 'Object Repository/MainPage/Cards/PatientCareTeamCard/pcpName' is: 'PCP Name: Family Medicine, Physician, MD'

2021-03-14 01:50:59 - [MESSAGE][PASSED] - Object 'Object Repository/MainPage/Cards/PatientCareTeamCard/pcpCenter' is present

2021-03-14 01:50:59 - [MESSAGE][PASSED] - Object 'Object Repository/MainPage/Cards/PatientCareTeamCard/pcpCenter' is visible

2021-03-14 01:50:59 - [MESSAGE][PASSED] - Text of object 'Object Repository/MainPage/Cards/PatientCareTeamCard/pcpCenter' is: 'PCP Center: '

2021-03-14 01:50:59 - [MESSAGE][PASSED] - Object 'Object Repository/MainPage/Cards/PatientCareTeamCard/pcpDep' is present

2021-03-14 01:51:00 - [MESSAGE][PASSED] - Object 'Object Repository/MainPage/Cards/PatientCareTeamCard/pcpDep' is visible

2021-03-14 01:51:00 - [MESSAGE][PASSED] - Text of object 'Object Repository/MainPage/Cards/PatientCareTeamCard/pcpDep' is: 'PCP Dept: Cardio'

2021-03-14 01:51:00 - [MESSAGE][PASSED] - Taking screenshot successfully
[[ATTACHMENT|/Users/apple/Documents/GitHub/SpinSci/passed.png]]

2021-03-14 01:51:00 - [MESSAGE][PASSED] - Actual text 'Family Medicine, Physician, MD' and expected text 'Family Medicine, Physician, MD' are matched 

2021-03-14 01:51:01 - [MESSAGE][PASSED] - Taking screenshot successfully
[[ATTACHMENT|/Users/apple/Documents/GitHub/SpinSci/passed.png]]

2021-03-14 01:51:01 - [MESSAGE][PASSED] - Actual text 'Cardio' and expected text 'Cardio' are matched 

2021-03-14 01:51:01 - [MESSAGE][PASSED] - cards.PatientCareTeamCard.verifyPcpDetails is PASSED

2021-03-14 01:51:01 - [TEST_STEP][PASSED] - Start listener action : closeBrowserBeforeTestSuire: Refresh successfully

2021-03-14 01:51:01 - [TEST_STEP][PASSED] - refresh(): Refresh successfully

2021-03-14 01:51:03 - [MESSAGE][PASSED] - Refresh successfully

2021-03-14 01:51:06 - [TEST_STEP][PASSED] - Video: Video recording for test case 'Test Cases/TC_ID_11 Display Patient Care Team card (PCP) details in the Patient Dashboard' .

2021-03-14 01:51:06 - [MESSAGE][INFO] - Video recording for test case 'Test Cases/TC_ID_11 Display Patient Care Team card (PCP) details in the Patient Dashboard' .]]></system-out>
         <system-err><![CDATA[]]></system-err>
      </testcase>
      <testcase name="Test Cases/TC_ID_05 Display upcoming appointments card in the Patient Dashboard" time="36.568" classname="Test Cases/TC_ID_05 Display upcoming appointments card in the Patient Dashboard" status="FAILED">
         <failure type="FAILED" message="Test Cases/TC_ID_05 Display upcoming appointments card in the Patient Dashboard FAILED.
Reason:
com.kms.katalon.core.exception.StepFailedException: appointment Time value does not matched
	at com.kms.katalon.core.util.KeywordUtil.markFailedAndStop(KeywordUtil.java:28)
	at com.kms.katalon.core.util.KeywordUtil$markFailedAndStop.call(Unknown Source)
	at webAutomation.Verifications.verifyTextMatch(Verifications.groovy:56)
	at webAutomation.Verifications$verifyTextMatch$1.call(Unknown Source)
	at tabs.AppoinmentsTab.verifyAppoinment(AppoinmentsTab.groovy:38)
	at tabs.AppoinmentsTab.invokeMethod(AppoinmentsTab.groovy)
	at com.kms.katalon.core.main.CustomKeywordDelegatingMetaClass.invokeStaticMethod(CustomKeywordDelegatingMetaClass.java:50)
	at TC_ID_05 Display upcoming appointments card in the Patient Dashboard.run(TC_ID_05 Display upcoming appointments card in the Patient Dashboard:40)
	at com.kms.katalon.core.main.ScriptEngine.run(ScriptEngine.java:194)
	at com.kms.katalon.core.main.ScriptEngine.runScriptAsRawText(ScriptEngine.java:119)
	at com.kms.katalon.core.main.TestCaseExecutor.runScript(TestCaseExecutor.java:393)
	at com.kms.katalon.core.main.TestCaseExecutor.doExecute(TestCaseExecutor.java:384)
	at com.kms.katalon.core.main.TestCaseExecutor.processExecutionPhase(TestCaseExecutor.java:363)
	at com.kms.katalon.core.main.TestCaseExecutor.accessMainPhase(TestCaseExecutor.java:355)
	at com.kms.katalon.core.main.TestCaseExecutor.execute(TestCaseExecutor.java:251)
	at com.kms.katalon.core.main.TestSuiteExecutor.accessTestCaseMainPhase(TestSuiteExecutor.java:203)
	at com.kms.katalon.core.main.TestSuiteExecutor.accessTestSuiteMainPhase(TestSuiteExecutor.java:152)
	at com.kms.katalon.core.main.TestSuiteExecutor.execute(TestSuiteExecutor.java:95)
	at com.kms.katalon.core.main.TestCaseMain.startTestSuite(TestCaseMain.java:157)
	at com.kms.katalon.core.main.TestCaseMain$startTestSuite$0.call(Unknown Source)
	at TempTestSuite1615666730966.run(TempTestSuite1615666730966.groovy:39)
"/>
         <system-out><![CDATA[2021-03-14 01:51:06 - [TEST_CASE][FAILED] - Test Cases/TC_ID_05 Display upcoming appointments card in the Patient Dashboard: Test Cases/TC_ID_05 Display upcoming appointments card in the Patient Dashboard FAILED.
Reason:
com.kms.katalon.core.exception.StepFailedException: appointment Time value does not matched
	at com.kms.katalon.core.util.KeywordUtil.markFailedAndStop(KeywordUtil.java:28)
	at com.kms.katalon.core.util.KeywordUtil$markFailedAndStop.call(Unknown Source)
	at webAutomation.Verifications.verifyTextMatch(Verifications.groovy:56)
	at webAutomation.Verifications$verifyTextMatch$1.call(Unknown Source)
	at tabs.AppoinmentsTab.verifyAppoinment(AppoinmentsTab.groovy:38)
	at tabs.AppoinmentsTab.invokeMethod(AppoinmentsTab.groovy)
	at com.kms.katalon.core.main.CustomKeywordDelegatingMetaClass.invokeStaticMethod(CustomKeywordDelegatingMetaClass.java:50)
	at TC_ID_05 Display upcoming appointments card in the Patient Dashboard.run(TC_ID_05 Display upcoming appointments card in the Patient Dashboard:40)
	at com.kms.katalon.core.main.ScriptEngine.run(ScriptEngine.java:194)
	at com.kms.katalon.core.main.ScriptEngine.runScriptAsRawText(ScriptEngine.java:119)
	at com.kms.katalon.core.main.TestCaseExecutor.runScript(TestCaseExecutor.java:393)
	at com.kms.katalon.core.main.TestCaseExecutor.doExecute(TestCaseExecutor.java:384)
	at com.kms.katalon.core.main.TestCaseExecutor.processExecutionPhase(TestCaseExecutor.java:363)
	at com.kms.katalon.core.main.TestCaseExecutor.accessMainPhase(TestCaseExecutor.java:355)
	at com.kms.katalon.core.main.TestCaseExecutor.execute(TestCaseExecutor.java:251)
	at com.kms.katalon.core.main.TestSuiteExecutor.accessTestCaseMainPhase(TestSuiteExecutor.java:203)
	at com.kms.katalon.core.main.TestSuiteExecutor.accessTestSuiteMainPhase(TestSuiteExecutor.java:152)
	at com.kms.katalon.core.main.TestSuiteExecutor.execute(TestSuiteExecutor.java:95)
	at com.kms.katalon.core.main.TestCaseMain.startTestSuite(TestCaseMain.java:157)
	at com.kms.katalon.core.main.TestCaseMain$startTestSuite$0.call(Unknown Source)
	at TempTestSuite1615666730966.run(TempTestSuite1615666730966.groovy:39)


2021-03-14 01:51:06 - [TEST_STEP][PASSED] - patientCallerId = "2158821126": null

2021-03-14 01:51:06 - [TEST_STEP][PASSED] - patientCalledTo = "4698991226": null

2021-03-14 01:51:06 - [TEST_STEP][PASSED] - soucePatientName = "Cadence,Anna": null

2021-03-14 01:51:06 - [TEST_STEP][PASSED] - sourcePatientDOB = "09-09-1983": null

2021-03-14 01:51:06 - [TEST_STEP][PASSED] - subjectPatientName = "Cadence,Anna": null

2021-03-14 01:51:06 - [TEST_STEP][PASSED] - subjectPatientDOB = "09-09-1983": null

2021-03-14 01:51:06 - [TEST_STEP][PASSED] - mainPage.Mainpage.searchWith(patientCallerId, patientCalledTo): mainPage.Mainpage.searchWith is PASSED

2021-03-14 01:51:06 - [MESSAGE][PASSED] - Object 'Object Repository/MainPage/patientCallerIdInputBox' is present

2021-03-14 01:51:06 - [MESSAGE][PASSED] - Object 'Object Repository/MainPage/patientCallerIdInputBox' is visible

2021-03-14 01:51:06 - [MESSAGE][PASSED] - Object 'Object Repository/MainPage/patientCallerIdInputBox' is clickable

2021-03-14 01:51:07 - [MESSAGE][PASSED] - Text of object 'Object Repository/MainPage/patientCallerIdInputBox' is cleared

2021-03-14 01:51:07 - [MESSAGE][PASSED] - Keys '2158821126' sent to object: 'Object Repository/MainPage/patientCallerIdInputBox'

2021-03-14 01:51:07 - [MESSAGE][PASSED] - Object 'Object Repository/MainPage/patientCalledToInputBox' is present

2021-03-14 01:51:08 - [MESSAGE][PASSED] - Object 'Object Repository/MainPage/patientCalledToInputBox' is visible

2021-03-14 01:51:08 - [MESSAGE][PASSED] - Object 'Object Repository/MainPage/patientCalledToInputBox' is clickable

2021-03-14 01:51:08 - [MESSAGE][PASSED] - Text of object 'Object Repository/MainPage/patientCalledToInputBox' is cleared

2021-03-14 01:51:08 - [MESSAGE][PASSED] - Keys '4698991226' sent to object: 'Object Repository/MainPage/patientCalledToInputBox'

2021-03-14 01:51:08 - [MESSAGE][PASSED] - Object 'Object Repository/MainPage/submitButton' is present

2021-03-14 01:51:09 - [MESSAGE][PASSED] - Object 'Object Repository/MainPage/submitButton' is visible

2021-03-14 01:51:09 - [MESSAGE][PASSED] - Object 'Object Repository/MainPage/submitButton' is clickable

2021-03-14 01:51:09 - [MESSAGE][PASSED] - Object: 'Object Repository/MainPage/submitButton' is clicked on

2021-03-14 01:51:10 - [MESSAGE][PASSED] - Taking screenshot successfully
[[ATTACHMENT|/Users/apple/Documents/GitHub/SpinSci/passed.png]]

2021-03-14 01:51:12 - [MESSAGE][PASSED] - Web element with id: 'Object Repository/MainPage/noOngoingIterationText' located by 'By.xpath: //h3[text()='Waiting for a new interaction...']' is not present after '10' second(s)

2021-03-14 01:51:12 - [MESSAGE][PASSED] - mainPage.Mainpage.searchWith is PASSED

2021-03-14 01:51:12 - [TEST_STEP][PASSED] - mainPage.Mainpage.verifySource(soucePatientName, sourcePatientDOB): mainPage.Mainpage.verifySource is PASSED

2021-03-14 01:51:12 - [MESSAGE][PASSED] - Taking screenshot successfully
[[ATTACHMENT|/Users/apple/Documents/GitHub/SpinSci/passed.png]]

2021-03-14 01:51:12 - [MESSAGE][PASSED] - Object 'Object Repository/MainPage/Verification/getTableRowsBasedonPatientName' is present

2021-03-14 01:51:13 - [MESSAGE][PASSED] - Object 'Object Repository/MainPage/Verification/getTableRowsBasedonPatientName' is present

2021-03-14 01:51:13 - [MESSAGE][PASSED] - Object 'Object Repository/MainPage/Verification/getTableRowsBasedonPatientName' is visible

2021-03-14 01:51:13 - [MESSAGE][PASSED] - Scroll to object 'Object Repository/MainPage/Verification/getTableRowsBasedonPatientName' successfully

2021-03-14 01:51:13 - [MESSAGE][PASSED] - Object 'Object Repository/MainPage/Verification/getDOBOfPatient' is present

2021-03-14 01:51:14 - [MESSAGE][PASSED] - Object 'Object Repository/MainPage/Verification/getDOBOfPatient' is visible

2021-03-14 01:51:14 - [MESSAGE][PASSED] - Text of object 'Object Repository/MainPage/Verification/getDOBOfPatient' is: '09-09-1983'

2021-03-14 01:51:14 - [MESSAGE][PASSED] - Object 'Object Repository/MainPage/Verification/verifyCheckMarkOfPatient' is present

2021-03-14 01:51:14 - [MESSAGE][PASSED] - Object 'Object Repository/MainPage/Verification/verifyCheckMarkOfPatient' is visible

2021-03-14 01:51:15 - [MESSAGE][PASSED] - Object 'Object Repository/MainPage/Verification/verifyCheckMarkOfPatient' is clickable

2021-03-14 01:51:15 - [MESSAGE][PASSED] - Object: 'Object Repository/MainPage/Verification/verifyCheckMarkOfPatient' is clicked on

2021-03-14 01:51:16 - [MESSAGE][PASSED] - Object 'Object Repository/MainPage/Verification/sourceTabName' is present

2021-03-14 01:51:16 - [MESSAGE][PASSED] - Object 'Object Repository/MainPage/Verification/sourceTabName' is visible

2021-03-14 01:51:16 - [MESSAGE][PASSED] - Text of object 'Object Repository/MainPage/Verification/sourceTabName' is: 'Cadence Anna'

2021-03-14 01:51:17 - [MESSAGE][PASSED] - Taking screenshot successfully
[[ATTACHMENT|/Users/apple/Documents/GitHub/SpinSci/passed.png]]

2021-03-14 01:51:17 - [MESSAGE][PASSED] - Actual text 'Cadence Anna' and expected text 'Cadence Anna' are matched 

2021-03-14 01:51:17 - [MESSAGE][PASSED] - mainPage.Mainpage.verifySource is PASSED

2021-03-14 01:51:17 - [TEST_STEP][PASSED] - mainPage.Mainpage.verifySubject(subjectPatientName, subjectPatientDOB): mainPage.Mainpage.verifySubject is PASSED

2021-03-14 01:51:17 - [MESSAGE][PASSED] - Taking screenshot successfully
[[ATTACHMENT|/Users/apple/Documents/GitHub/SpinSci/passed.png]]

2021-03-14 01:51:17 - [MESSAGE][PASSED] - Object 'Object Repository/MainPage/Verification/getTableRowsBasedonPatientName' is present

2021-03-14 01:51:17 - [MESSAGE][PASSED] - Object 'Object Repository/MainPage/Verification/getTableRowsBasedonPatientName' is present

2021-03-14 01:51:18 - [MESSAGE][PASSED] - Object 'Object Repository/MainPage/Verification/getTableRowsBasedonPatientName' is visible

2021-03-14 01:51:18 - [MESSAGE][PASSED] - Scroll to object 'Object Repository/MainPage/Verification/getTableRowsBasedonPatientName' successfully

2021-03-14 01:51:18 - [MESSAGE][PASSED] - Object 'Object Repository/MainPage/Verification/getDOBOfPatient' is present

2021-03-14 01:51:18 - [MESSAGE][PASSED] - Object 'Object Repository/MainPage/Verification/getDOBOfPatient' is visible

2021-03-14 01:51:19 - [MESSAGE][PASSED] - Text of object 'Object Repository/MainPage/Verification/getDOBOfPatient' is: '09-09-1983'

2021-03-14 01:51:19 - [MESSAGE][PASSED] - Object 'Object Repository/MainPage/Verification/verifyCheckMarkOfPatient' is present

2021-03-14 01:51:19 - [MESSAGE][PASSED] - Object 'Object Repository/MainPage/Verification/verifyCheckMarkOfPatient' is visible

2021-03-14 01:51:19 - [MESSAGE][PASSED] - Object 'Object Repository/MainPage/Verification/verifyCheckMarkOfPatient' is clickable

2021-03-14 01:51:20 - [MESSAGE][PASSED] - Object: 'Object Repository/MainPage/Verification/verifyCheckMarkOfPatient' is clicked on

2021-03-14 01:51:21 - [MESSAGE][PASSED] - Taking screenshot successfully
[[ATTACHMENT|/Users/apple/Documents/GitHub/SpinSci/passed.png]]

2021-03-14 01:51:22 - [MESSAGE][PASSED] - Web element with id: 'Object Repository/MainPage/Verification/subjectTabName' located by 'By.xpath: (//div[@class="p-verification__top-item-note"])[3]' is not present after '10' second(s)

2021-03-14 01:51:22 - [MESSAGE][PASSED] - mainPage.Mainpage.verifySubject is PASSED

2021-03-14 01:51:22 - [TEST_STEP][PASSED] - cards.AppoinmentCard.clickOnGearIcon(): cards.AppoinmentCard.clickOnGearIcon is PASSED

2021-03-14 01:51:22 - [MESSAGE][PASSED] - Object 'Object Repository/MainPage/Cards/AppoinmentsCard/gearIcon' is present

2021-03-14 01:51:23 - [MESSAGE][PASSED] - Object 'Object Repository/MainPage/Cards/AppoinmentsCard/gearIcon' is visible

2021-03-14 01:51:23 - [MESSAGE][PASSED] - Object 'Object Repository/MainPage/Cards/AppoinmentsCard/gearIcon' is clickable

2021-03-14 01:51:23 - [MESSAGE][PASSED] - Object: 'Object Repository/MainPage/Cards/AppoinmentsCard/gearIcon' is clicked on

2021-03-14 01:51:24 - [MESSAGE][PASSED] - Taking screenshot successfully
[[ATTACHMENT|/Users/apple/Documents/GitHub/SpinSci/passed.png]]

2021-03-14 01:51:25 - [MESSAGE][PASSED] - Object 'Object Repository/MainPage/Cards/AppoinmentsCard/moreDetailsOption' is present

2021-03-14 01:51:25 - [MESSAGE][PASSED] - cards.AppoinmentCard.clickOnGearIcon is PASSED

2021-03-14 01:51:25 - [TEST_STEP][PASSED] - cards.AppoinmentCard.clickOnMoreDetails(): cards.AppoinmentCard.clickOnMoreDetails is PASSED

2021-03-14 01:51:25 - [MESSAGE][PASSED] - Object 'Object Repository/MainPage/Cards/AppoinmentsCard/moreDetailsOption' is present

2021-03-14 01:51:25 - [MESSAGE][PASSED] - Object 'Object Repository/MainPage/Cards/AppoinmentsCard/moreDetailsOption' is visible

2021-03-14 01:51:26 - [MESSAGE][PASSED] - Object 'Object Repository/MainPage/Cards/AppoinmentsCard/moreDetailsOption' is clickable

2021-03-14 01:51:26 - [MESSAGE][PASSED] - Object: 'Object Repository/MainPage/Cards/AppoinmentsCard/moreDetailsOption' is clicked on

2021-03-14 01:51:26 - [MESSAGE][PASSED] - cards.AppoinmentCard.clickOnMoreDetails is PASSED

2021-03-14 01:51:26 - [TEST_STEP][PASSED] - tabs.AppoinmentsTab.switchToNoShowsAppoinments(): tabs.AppoinmentsTab.switchToNoShowsAppoinments is PASSED

2021-03-14 01:51:27 - [MESSAGE][PASSED] - Object 'Object Repository/MainPage/Tabs/AppoinmentsTab/noShowsAppoinments' is present

2021-03-14 01:51:27 - [MESSAGE][PASSED] - Object 'Object Repository/MainPage/Tabs/AppoinmentsTab/noShowsAppoinments' is visible

2021-03-14 01:51:27 - [MESSAGE][PASSED] - Object 'Object Repository/MainPage/Tabs/AppoinmentsTab/noShowsAppoinments' is clickable

2021-03-14 01:51:28 - [MESSAGE][PASSED] - Object: 'Object Repository/MainPage/Tabs/AppoinmentsTab/noShowsAppoinments' is clicked on

2021-03-14 01:51:28 - [MESSAGE][PASSED] - tabs.AppoinmentsTab.switchToNoShowsAppoinments is PASSED

2021-03-14 01:51:28 - [TEST_STEP][FAILED] - tabs.AppoinmentsTab.verifyAppoinment("7/21/2020", "EMH PHX CTH DEPT", "Coordinator Phoenix, RN", "TRANSPLANT EVALUATION", "No Show", "4:30 PM"): appointment Time value does not matched

2021-03-14 01:51:28 - [MESSAGE][PASSED] - Object 'Object Repository/MainPage/Tabs/AppoinmentsTab/tableCell' is present

2021-03-14 01:51:28 - [MESSAGE][PASSED] - Object 'Object Repository/MainPage/Tabs/AppoinmentsTab/tableCell' is visible

2021-03-14 01:51:28 - [MESSAGE][PASSED] - Text of object 'Object Repository/MainPage/Tabs/AppoinmentsTab/tableCell' is: '7/21/2020'

2021-03-14 01:51:29 - [MESSAGE][PASSED] - Object 'Object Repository/MainPage/Tabs/AppoinmentsTab/tableCell' is present

2021-03-14 01:51:29 - [MESSAGE][PASSED] - Object 'Object Repository/MainPage/Tabs/AppoinmentsTab/tableCell' is visible

2021-03-14 01:51:29 - [MESSAGE][PASSED] - Text of object 'Object Repository/MainPage/Tabs/AppoinmentsTab/tableCell' is: 'EMH PHX CTH DEPT'

2021-03-14 01:51:29 - [MESSAGE][PASSED] - Object 'Object Repository/MainPage/Tabs/AppoinmentsTab/tableCell' is present

2021-03-14 01:51:30 - [MESSAGE][PASSED] - Object 'Object Repository/MainPage/Tabs/AppoinmentsTab/tableCell' is visible

2021-03-14 01:51:30 - [MESSAGE][PASSED] - Text of object 'Object Repository/MainPage/Tabs/AppoinmentsTab/tableCell' is: 'Coordinator Phoenix, RN'

2021-03-14 01:51:30 - [MESSAGE][PASSED] - Object 'Object Repository/MainPage/Tabs/AppoinmentsTab/tableCell' is present

2021-03-14 01:51:30 - [MESSAGE][PASSED] - Object 'Object Repository/MainPage/Tabs/AppoinmentsTab/tableCell' is visible

2021-03-14 01:51:31 - [MESSAGE][PASSED] - Text of object 'Object Repository/MainPage/Tabs/AppoinmentsTab/tableCell' is: 'TRANSPLANT EVALUATION'

2021-03-14 01:51:31 - [MESSAGE][PASSED] - Object 'Object Repository/MainPage/Tabs/AppoinmentsTab/tableCell' is present

2021-03-14 01:51:31 - [MESSAGE][PASSED] - Object 'Object Repository/MainPage/Tabs/AppoinmentsTab/tableCell' is visible

2021-03-14 01:51:31 - [MESSAGE][PASSED] - Text of object 'Object Repository/MainPage/Tabs/AppoinmentsTab/tableCell' is: 'No Show'

2021-03-14 01:51:31 - [MESSAGE][PASSED] - Object 'Object Repository/MainPage/Tabs/AppoinmentsTab/tableCell' is present

2021-03-14 01:51:32 - [MESSAGE][PASSED] - Object 'Object Repository/MainPage/Tabs/AppoinmentsTab/tableCell' is visible

2021-03-14 01:51:32 - [MESSAGE][PASSED] - Text of object 'Object Repository/MainPage/Tabs/AppoinmentsTab/tableCell' is: '3:30 PM'

2021-03-14 01:51:32 - [MESSAGE][PASSED] - Taking screenshot successfully
[[ATTACHMENT|/Users/apple/Documents/GitHub/SpinSci/passed.png]]

2021-03-14 01:51:32 - [MESSAGE][PASSED] - Actual text '7/21/2020' and expected text '7/21/2020' are matched 

2021-03-14 01:51:33 - [MESSAGE][PASSED] - Taking screenshot successfully
[[ATTACHMENT|/Users/apple/Documents/GitHub/SpinSci/passed.png]]

2021-03-14 01:51:33 - [MESSAGE][PASSED] - Actual text 'EMH PHX CTH DEPT' and expected text 'EMH PHX CTH DEPT' are matched 

2021-03-14 01:51:33 - [MESSAGE][PASSED] - Taking screenshot successfully
[[ATTACHMENT|/Users/apple/Documents/GitHub/SpinSci/passed.png]]

2021-03-14 01:51:33 - [MESSAGE][PASSED] - Actual text 'Coordinator Phoenix, RN' and expected text 'Coordinator Phoenix, RN' are matched 

2021-03-14 01:51:34 - [MESSAGE][PASSED] - Taking screenshot successfully
[[ATTACHMENT|/Users/apple/Documents/GitHub/SpinSci/passed.png]]

2021-03-14 01:51:34 - [MESSAGE][PASSED] - Actual text 'TRANSPLANT EVALUATION' and expected text 'TRANSPLANT EVALUATION' are matched 

2021-03-14 01:51:34 - [MESSAGE][PASSED] - Taking screenshot successfully
[[ATTACHMENT|/Users/apple/Documents/GitHub/SpinSci/passed.png]]

2021-03-14 01:51:34 - [MESSAGE][PASSED] - Actual text 'No Show' and expected text 'No Show' are matched 

2021-03-14 01:51:35 - [MESSAGE][PASSED] - Taking screenshot successfully
[[ATTACHMENT|/Users/apple/Documents/GitHub/SpinSci/passed.png]]

2021-03-14 01:51:35 - [MESSAGE][WARNING] - Unable to verify match between actual text '4:30 PM' and expected text '3:30 PM' (Root cause: com.kms.katalon.core.exception.StepFailedException: Actual text '4:30 PM' and expected text '3:30 PM' are not matched
	at com.kms.katalon.core.keyword.builtin.VerifyMatchKeyword$_verifyMatch_closure1.doCall(VerifyMatchKeyword.groovy:57)
	at com.kms.katalon.core.keyword.builtin.VerifyMatchKeyword$_verifyMatch_closure1.call(VerifyMatchKeyword.groovy)
	at com.kms.katalon.core.keyword.internal.KeywordMain.runKeyword(KeywordMain.groovy:68)
	at com.kms.katalon.core.keyword.builtin.VerifyMatchKeyword.verifyMatch(VerifyMatchKeyword.groovy:60)
	at com.kms.katalon.core.keyword.builtin.VerifyMatchKeyword.execute(VerifyMatchKeyword.groovy:45)
	at com.kms.katalon.core.keyword.internal.KeywordExecutor.executeKeywordForPlatform(KeywordExecutor.groovy:73)
	at com.kms.katalon.core.keyword.BuiltinKeywords.verifyMatch(BuiltinKeywords.groovy:55)
	at webAutomation.Verifications.verifyTextMatch(Verifications.groovy:54)
	at webAutomation.Verifications$verifyTextMatch$1.call(Unknown Source)
	at tabs.AppoinmentsTab.verifyAppoinment(AppoinmentsTab.groovy:38)
	at tabs.AppoinmentsTab.invokeMethod(AppoinmentsTab.groovy)
	at com.kms.katalon.core.main.CustomKeywordDelegatingMetaClass.invokeStaticMethod(CustomKeywordDelegatingMetaClass.java:50)
	at TC_ID_05 Display upcoming appointments card in the Patient Dashboard.run(TC_ID_05 Display upcoming appointments card in the Patient Dashboard:40)
	at com.kms.katalon.core.main.ScriptEngine.run(ScriptEngine.java:194)
	at com.kms.katalon.core.main.ScriptEngine.runScriptAsRawText(ScriptEngine.java:119)
	at com.kms.katalon.core.main.TestCaseExecutor.runScript(TestCaseExecutor.java:393)
	at com.kms.katalon.core.main.TestCaseExecutor.doExecute(TestCaseExecutor.java:384)
	at com.kms.katalon.core.main.TestCaseExecutor.processExecutionPhase(TestCaseExecutor.java:363)
	at com.kms.katalon.core.main.TestCaseExecutor.accessMainPhase(TestCaseExecutor.java:355)
	at com.kms.katalon.core.main.TestCaseExecutor.execute(TestCaseExecutor.java:251)
	at com.kms.katalon.core.main.TestSuiteExecutor.accessTestCaseMainPhase(TestSuiteExecutor.java:203)
	at com.kms.katalon.core.main.TestSuiteExecutor.accessTestSuiteMainPhase(TestSuiteExecutor.java:152)
	at com.kms.katalon.core.main.TestSuiteExecutor.execute(TestSuiteExecutor.java:95)
	at com.kms.katalon.core.main.TestCaseMain.startTestSuite(TestCaseMain.java:157)
	at com.kms.katalon.core.main.TestCaseMain$startTestSuite$0.call(Unknown Source)
	at TempTestSuite1615666730966.run(TempTestSuite1615666730966.groovy:39)
)

2021-03-14 01:51:35 - [MESSAGE][PASSED] - Taking screenshot successfully
[[ATTACHMENT|/Users/apple/Documents/GitHub/SpinSci/Reports/20210314_014850/Demo Test Suite/20210314_014850/1615666895462.png]]

2021-03-14 01:51:35 - [MESSAGE][FAILED] - appointment Time value does not matched

2021-03-14 01:51:35 - [TEST_STEP][PASSED] - Start listener action : closeBrowserBeforeTestSuire: Refresh successfully

2021-03-14 01:51:35 - [TEST_STEP][PASSED] - refresh(): Refresh successfully

2021-03-14 01:51:40 - [MESSAGE][PASSED] - Refresh successfully

2021-03-14 01:51:42 - [TEST_STEP][PASSED] - Video: Video recording for test case 'Test Cases/TC_ID_05 Display upcoming appointments card in the Patient Dashboard' .

2021-03-14 01:51:42 - [MESSAGE][INFO] - Video recording for test case 'Test Cases/TC_ID_05 Display upcoming appointments card in the Patient Dashboard' .]]></system-out>
         <system-err><![CDATA[2021-03-14 01:51:06 - [TEST_CASE][FAILED] - Test Cases/TC_ID_05 Display upcoming appointments card in the Patient Dashboard: Test Cases/TC_ID_05 Display upcoming appointments card in the Patient Dashboard FAILED.
Reason:
com.kms.katalon.core.exception.StepFailedException: appointment Time value does not matched
	at com.kms.katalon.core.util.KeywordUtil.markFailedAndStop(KeywordUtil.java:28)
	at com.kms.katalon.core.util.KeywordUtil$markFailedAndStop.call(Unknown Source)
	at webAutomation.Verifications.verifyTextMatch(Verifications.groovy:56)
	at webAutomation.Verifications$verifyTextMatch$1.call(Unknown Source)
	at tabs.AppoinmentsTab.verifyAppoinment(AppoinmentsTab.groovy:38)
	at tabs.AppoinmentsTab.invokeMethod(AppoinmentsTab.groovy)
	at com.kms.katalon.core.main.CustomKeywordDelegatingMetaClass.invokeStaticMethod(CustomKeywordDelegatingMetaClass.java:50)
	at TC_ID_05 Display upcoming appointments card in the Patient Dashboard.run(TC_ID_05 Display upcoming appointments card in the Patient Dashboard:40)
	at com.kms.katalon.core.main.ScriptEngine.run(ScriptEngine.java:194)
	at com.kms.katalon.core.main.ScriptEngine.runScriptAsRawText(ScriptEngine.java:119)
	at com.kms.katalon.core.main.TestCaseExecutor.runScript(TestCaseExecutor.java:393)
	at com.kms.katalon.core.main.TestCaseExecutor.doExecute(TestCaseExecutor.java:384)
	at com.kms.katalon.core.main.TestCaseExecutor.processExecutionPhase(TestCaseExecutor.java:363)
	at com.kms.katalon.core.main.TestCaseExecutor.accessMainPhase(TestCaseExecutor.java:355)
	at com.kms.katalon.core.main.TestCaseExecutor.execute(TestCaseExecutor.java:251)
	at com.kms.katalon.core.main.TestSuiteExecutor.accessTestCaseMainPhase(TestSuiteExecutor.java:203)
	at com.kms.katalon.core.main.TestSuiteExecutor.accessTestSuiteMainPhase(TestSuiteExecutor.java:152)
	at com.kms.katalon.core.main.TestSuiteExecutor.execute(TestSuiteExecutor.java:95)
	at com.kms.katalon.core.main.TestCaseMain.startTestSuite(TestCaseMain.java:157)
	at com.kms.katalon.core.main.TestCaseMain$startTestSuite$0.call(Unknown Source)
	at TempTestSuite1615666730966.run(TempTestSuite1615666730966.groovy:39)]]></system-err>
      </testcase>
      <testcase name="Test Cases/TC_ID_09 Display Pending bills card in the Patient Dashboard" time="30.856" classname="Test Cases/TC_ID_09 Display Pending bills card in the Patient Dashboard" status="PASSED">
         <system-out><![CDATA[2021-03-14 01:51:42 - [TEST_CASE][PASSED] - Test Cases/TC_ID_09 Display Pending bills card in the Patient Dashboard: Test Cases/TC_ID_09 Display Pending bills card in the Patient Dashboard

2021-03-14 01:51:42 - [TEST_STEP][PASSED] - patientCallerId = "6082719000": null

2021-03-14 01:51:42 - [TEST_STEP][PASSED] - patientCalledTo = "4698991226": null

2021-03-14 01:51:42 - [TEST_STEP][PASSED] - soucePatientName = "Cadence,Anna": null

2021-03-14 01:51:42 - [TEST_STEP][PASSED] - sourcePatientDOB = "09-09-1983": null

2021-03-14 01:51:42 - [TEST_STEP][PASSED] - subjectPatientName = "Cadence,Anna": null

2021-03-14 01:51:42 - [TEST_STEP][PASSED] - subjectPatientDOB = "09-09-1983": null

2021-03-14 01:51:42 - [TEST_STEP][PASSED] - bills = "16": null

2021-03-14 01:51:42 - [TEST_STEP][PASSED] - patientBalance = "19413.11": null

2021-03-14 01:51:42 - [TEST_STEP][PASSED] - insuranceBalance = "405.57": null

2021-03-14 01:51:42 - [TEST_STEP][PASSED] - mainPage.Mainpage.searchWith(patientCallerId, patientCalledTo): mainPage.Mainpage.searchWith is PASSED

2021-03-14 01:51:42 - [MESSAGE][PASSED] - Object 'Object Repository/MainPage/patientCallerIdInputBox' is present

2021-03-14 01:51:43 - [MESSAGE][PASSED] - Object 'Object Repository/MainPage/patientCallerIdInputBox' is visible

2021-03-14 01:51:43 - [MESSAGE][PASSED] - Object 'Object Repository/MainPage/patientCallerIdInputBox' is clickable

2021-03-14 01:51:43 - [MESSAGE][PASSED] - Text of object 'Object Repository/MainPage/patientCallerIdInputBox' is cleared

2021-03-14 01:51:43 - [MESSAGE][PASSED] - Keys '6082719000' sent to object: 'Object Repository/MainPage/patientCallerIdInputBox'

2021-03-14 01:51:44 - [MESSAGE][PASSED] - Object 'Object Repository/MainPage/patientCalledToInputBox' is present

2021-03-14 01:51:44 - [MESSAGE][PASSED] - Object 'Object Repository/MainPage/patientCalledToInputBox' is visible

2021-03-14 01:51:44 - [MESSAGE][PASSED] - Object 'Object Repository/MainPage/patientCalledToInputBox' is clickable

2021-03-14 01:51:45 - [MESSAGE][PASSED] - Text of object 'Object Repository/MainPage/patientCalledToInputBox' is cleared

2021-03-14 01:51:45 - [MESSAGE][PASSED] - Keys '4698991226' sent to object: 'Object Repository/MainPage/patientCalledToInputBox'

2021-03-14 01:51:45 - [MESSAGE][PASSED] - Object 'Object Repository/MainPage/submitButton' is present

2021-03-14 01:51:45 - [MESSAGE][PASSED] - Object 'Object Repository/MainPage/submitButton' is visible

2021-03-14 01:51:45 - [MESSAGE][PASSED] - Object 'Object Repository/MainPage/submitButton' is clickable

2021-03-14 01:51:46 - [MESSAGE][PASSED] - Object: 'Object Repository/MainPage/submitButton' is clicked on

2021-03-14 01:51:47 - [MESSAGE][PASSED] - Taking screenshot successfully
[[ATTACHMENT|/Users/apple/Documents/GitHub/SpinSci/passed.png]]

2021-03-14 01:51:48 - [MESSAGE][PASSED] - Web element with id: 'Object Repository/MainPage/noOngoingIterationText' located by 'By.xpath: //h3[text()='Waiting for a new interaction...']' is not present after '10' second(s)

2021-03-14 01:51:48 - [MESSAGE][PASSED] - mainPage.Mainpage.searchWith is PASSED

2021-03-14 01:51:48 - [TEST_STEP][PASSED] - mainPage.Mainpage.verifySource(soucePatientName, sourcePatientDOB): mainPage.Mainpage.verifySource is PASSED

2021-03-14 01:51:49 - [MESSAGE][PASSED] - Taking screenshot successfully
[[ATTACHMENT|/Users/apple/Documents/GitHub/SpinSci/passed.png]]

2021-03-14 01:51:49 - [MESSAGE][PASSED] - Object 'Object Repository/MainPage/Verification/getTableRowsBasedonPatientName' is present

2021-03-14 01:51:49 - [MESSAGE][PASSED] - Object 'Object Repository/MainPage/Verification/getTableRowsBasedonPatientName' is present

2021-03-14 01:51:50 - [MESSAGE][PASSED] - Object 'Object Repository/MainPage/Verification/getTableRowsBasedonPatientName' is visible

2021-03-14 01:51:50 - [MESSAGE][PASSED] - Scroll to object 'Object Repository/MainPage/Verification/getTableRowsBasedonPatientName' successfully

2021-03-14 01:51:50 - [MESSAGE][PASSED] - Object 'Object Repository/MainPage/Verification/getDOBOfPatient' is present

2021-03-14 01:51:51 - [MESSAGE][PASSED] - Object 'Object Repository/MainPage/Verification/getDOBOfPatient' is visible

2021-03-14 01:51:51 - [MESSAGE][PASSED] - Text of object 'Object Repository/MainPage/Verification/getDOBOfPatient' is: '09-09-1983'

2021-03-14 01:51:51 - [MESSAGE][PASSED] - Object 'Object Repository/MainPage/Verification/verifyCheckMarkOfPatient' is present

2021-03-14 01:51:51 - [MESSAGE][PASSED] - Object 'Object Repository/MainPage/Verification/verifyCheckMarkOfPatient' is visible

2021-03-14 01:51:52 - [MESSAGE][PASSED] - Object 'Object Repository/MainPage/Verification/verifyCheckMarkOfPatient' is clickable

2021-03-14 01:51:52 - [MESSAGE][PASSED] - Object: 'Object Repository/MainPage/Verification/verifyCheckMarkOfPatient' is clicked on

2021-03-14 01:51:53 - [MESSAGE][PASSED] - Object 'Object Repository/MainPage/Verification/sourceTabName' is present

2021-03-14 01:51:53 - [MESSAGE][PASSED] - Object 'Object Repository/MainPage/Verification/sourceTabName' is visible

2021-03-14 01:51:53 - [MESSAGE][PASSED] - Text of object 'Object Repository/MainPage/Verification/sourceTabName' is: 'Cadence Anna'

2021-03-14 01:51:54 - [MESSAGE][PASSED] - Taking screenshot successfully
[[ATTACHMENT|/Users/apple/Documents/GitHub/SpinSci/passed.png]]

2021-03-14 01:51:54 - [MESSAGE][PASSED] - Actual text 'Cadence Anna' and expected text 'Cadence Anna' are matched 

2021-03-14 01:51:54 - [MESSAGE][PASSED] - mainPage.Mainpage.verifySource is PASSED

2021-03-14 01:51:54 - [TEST_STEP][PASSED] - mainPage.Mainpage.verifySubject(subjectPatientName, subjectPatientDOB): mainPage.Mainpage.verifySubject is PASSED

2021-03-14 01:51:54 - [MESSAGE][PASSED] - Taking screenshot successfully
[[ATTACHMENT|/Users/apple/Documents/GitHub/SpinSci/passed.png]]

2021-03-14 01:51:54 - [MESSAGE][PASSED] - Object 'Object Repository/MainPage/Verification/getTableRowsBasedonPatientName' is present

2021-03-14 01:51:55 - [MESSAGE][PASSED] - Object 'Object Repository/MainPage/Verification/getTableRowsBasedonPatientName' is present

2021-03-14 01:51:55 - [MESSAGE][PASSED] - Object 'Object Repository/MainPage/Verification/getTableRowsBasedonPatientName' is visible

2021-03-14 01:51:55 - [MESSAGE][PASSED] - Scroll to object 'Object Repository/MainPage/Verification/getTableRowsBasedonPatientName' successfully

2021-03-14 01:51:55 - [MESSAGE][PASSED] - Object 'Object Repository/MainPage/Verification/getDOBOfPatient' is present

2021-03-14 01:51:56 - [MESSAGE][PASSED] - Object 'Object Repository/MainPage/Verification/getDOBOfPatient' is visible

2021-03-14 01:51:56 - [MESSAGE][PASSED] - Text of object 'Object Repository/MainPage/Verification/getDOBOfPatient' is: '09-09-1983'

2021-03-14 01:51:56 - [MESSAGE][PASSED] - Object 'Object Repository/MainPage/Verification/verifyCheckMarkOfPatient' is present

2021-03-14 01:51:56 - [MESSAGE][PASSED] - Object 'Object Repository/MainPage/Verification/verifyCheckMarkOfPatient' is visible

2021-03-14 01:51:57 - [MESSAGE][PASSED] - Object 'Object Repository/MainPage/Verification/verifyCheckMarkOfPatient' is clickable

2021-03-14 01:51:57 - [MESSAGE][PASSED] - Object: 'Object Repository/MainPage/Verification/verifyCheckMarkOfPatient' is clicked on

2021-03-14 01:51:58 - [MESSAGE][PASSED] - Taking screenshot successfully
[[ATTACHMENT|/Users/apple/Documents/GitHub/SpinSci/passed.png]]

2021-03-14 01:51:59 - [MESSAGE][PASSED] - Web element with id: 'Object Repository/MainPage/Verification/subjectTabName' located by 'By.xpath: (//div[@class="p-verification__top-item-note"])[3]' is not present after '10' second(s)

2021-03-14 01:51:59 - [MESSAGE][PASSED] - mainPage.Mainpage.verifySubject is PASSED

2021-03-14 01:51:59 - [TEST_STEP][PASSED] - cards.BillingInformationCard.verifyPatientBillingDetails(bills, patientBalance, insuranceBalance): cards.BillingInformationCard.verifyPatientBillingDetails is PASSED

2021-03-14 01:51:59 - [MESSAGE][PASSED] - Object 'Object Repository/MainPage/Cards/BillingInformationCard/patientBills' is present

2021-03-14 01:52:00 - [MESSAGE][PASSED] - Object 'Object Repository/MainPage/Cards/BillingInformationCard/patientBills' is visible

2021-03-14 01:52:01 - [MESSAGE][PASSED] - Text of object 'Object Repository/MainPage/Cards/BillingInformationCard/patientBills' is: '16'

2021-03-14 01:52:01 - [MESSAGE][PASSED] - Object 'Object Repository/MainPage/Cards/BillingInformationCard/patientBalanceAmount' is present

2021-03-14 01:52:01 - [MESSAGE][PASSED] - Object 'Object Repository/MainPage/Cards/BillingInformationCard/patientBalanceAmount' is visible

2021-03-14 01:52:01 - [MESSAGE][PASSED] - Text of object 'Object Repository/MainPage/Cards/BillingInformationCard/patientBalanceAmount' is: '$19413.11'

2021-03-14 01:52:02 - [MESSAGE][PASSED] - Object 'Object Repository/MainPage/Cards/BillingInformationCard/insuranceBalanceAmount' is present

2021-03-14 01:52:02 - [MESSAGE][PASSED] - Object 'Object Repository/MainPage/Cards/BillingInformationCard/insuranceBalanceAmount' is visible

2021-03-14 01:52:02 - [MESSAGE][PASSED] - Text of object 'Object Repository/MainPage/Cards/BillingInformationCard/insuranceBalanceAmount' is: '$405.57'

2021-03-14 01:52:03 - [MESSAGE][PASSED] - Taking screenshot successfully
[[ATTACHMENT|/Users/apple/Documents/GitHub/SpinSci/passed.png]]

2021-03-14 01:52:03 - [MESSAGE][PASSED] - Actual text '16' and expected text '16' are matched 

2021-03-14 01:52:03 - [MESSAGE][PASSED] - Taking screenshot successfully
[[ATTACHMENT|/Users/apple/Documents/GitHub/SpinSci/passed.png]]

2021-03-14 01:52:03 - [MESSAGE][PASSED] - Actual text '$19413.11' and expected text '$19413.11' are matched 

2021-03-14 01:52:04 - [MESSAGE][PASSED] - Taking screenshot successfully
[[ATTACHMENT|/Users/apple/Documents/GitHub/SpinSci/passed.png]]

2021-03-14 01:52:04 - [MESSAGE][PASSED] - Actual text '$405.57' and expected text '$405.57' are matched 

2021-03-14 01:52:04 - [MESSAGE][PASSED] - cards.BillingInformationCard.verifyPatientBillingDetails is PASSED

2021-03-14 01:52:04 - [TEST_STEP][PASSED] - cards.BillingInformationCard.clickOnGearIcon(): cards.BillingInformationCard.clickOnGearIcon is PASSED

2021-03-14 01:52:04 - [MESSAGE][PASSED] - Object 'Object Repository/MainPage/Cards/BillingInformationCard/gearIcon' is present

2021-03-14 01:52:04 - [MESSAGE][PASSED] - Object 'Object Repository/MainPage/Cards/BillingInformationCard/gearIcon' is visible

2021-03-14 01:52:04 - [MESSAGE][PASSED] - Object 'Object Repository/MainPage/Cards/BillingInformationCard/gearIcon' is clickable

2021-03-14 01:52:05 - [MESSAGE][PASSED] - Object: 'Object Repository/MainPage/Cards/BillingInformationCard/gearIcon' is clicked on

2021-03-14 01:52:06 - [MESSAGE][PASSED] - Taking screenshot successfully
[[ATTACHMENT|/Users/apple/Documents/GitHub/SpinSci/passed.png]]

2021-03-14 01:52:06 - [MESSAGE][PASSED] - Object 'Object Repository/MainPage/Cards/BillingInformationCard/moreDetailsOption' is present

2021-03-14 01:52:06 - [MESSAGE][PASSED] - cards.BillingInformationCard.clickOnGearIcon is PASSED

2021-03-14 01:52:06 - [TEST_STEP][PASSED] - cards.BillingInformationCard.clickOnMoreDetails(): cards.BillingInformationCard.clickOnMoreDetails is PASSED

2021-03-14 01:52:06 - [MESSAGE][PASSED] - Object 'Object Repository/MainPage/Cards/BillingInformationCard/moreDetailsOption' is present

2021-03-14 01:52:07 - [MESSAGE][PASSED] - Object 'Object Repository/MainPage/Cards/BillingInformationCard/moreDetailsOption' is visible

2021-03-14 01:52:07 - [MESSAGE][PASSED] - Object 'Object Repository/MainPage/Cards/BillingInformationCard/moreDetailsOption' is clickable

2021-03-14 01:52:08 - [MESSAGE][PASSED] - Object: 'Object Repository/MainPage/Cards/BillingInformationCard/moreDetailsOption' is clicked on

2021-03-14 01:52:08 - [MESSAGE][PASSED] - cards.BillingInformationCard.clickOnMoreDetails is PASSED

2021-03-14 01:52:08 - [TEST_STEP][PASSED] - Start listener action : closeBrowserBeforeTestSuire: Refresh successfully

2021-03-14 01:52:08 - [TEST_STEP][PASSED] - refresh(): Refresh successfully

2021-03-14 01:52:11 - [MESSAGE][PASSED] - Refresh successfully

2021-03-14 01:52:13 - [TEST_STEP][PASSED] - Video: Video recording for test case 'Test Cases/TC_ID_09 Display Pending bills card in the Patient Dashboard' .

2021-03-14 01:52:13 - [MESSAGE][INFO] - Video recording for test case 'Test Cases/TC_ID_09 Display Pending bills card in the Patient Dashboard' .]]></system-out>
         <system-err><![CDATA[]]></system-err>
      </testcase>
      <testcase name="Test Cases/TC_ID_16 Display Additional information card (PCP) details in the Patient Dashboard" time="24.957" classname="Test Cases/TC_ID_16 Display Additional information card (PCP) details in the Patient Dashboard" status="PASSED">
         <system-out><![CDATA[2021-03-14 01:52:13 - [TEST_CASE][PASSED] - Test Cases/TC_ID_16 Display Additional information card (PCP) details in the Patient Dashboard: Test Cases/TC_ID_16 Display Additional information card (PCP) details in the Patient Dashboard

2021-03-14 01:52:13 - [TEST_STEP][PASSED] - patientCallerId = "6082719000": null

2021-03-14 01:52:13 - [TEST_STEP][PASSED] - patientCalledTo = "4698991226": null

2021-03-14 01:52:13 - [TEST_STEP][PASSED] - soucePatientName = "Cadence,Anna": null

2021-03-14 01:52:13 - [TEST_STEP][PASSED] - sourcePatientDOB = "09-09-1983": null

2021-03-14 01:52:13 - [TEST_STEP][PASSED] - subjectPatientName = "Cadence,Anna": null

2021-03-14 01:52:13 - [TEST_STEP][PASSED] - subjectPatientDOB = "09-09-1983": null

2021-03-14 01:52:13 - [TEST_STEP][PASSED] - name = "Smith, John": null

2021-03-14 01:52:13 - [TEST_STEP][PASSED] - contactNumber = "608-271-9000": null

2021-03-14 01:52:13 - [TEST_STEP][PASSED] - mainPage.Mainpage.searchWith(patientCallerId, patientCalledTo): mainPage.Mainpage.searchWith is PASSED

2021-03-14 01:52:13 - [MESSAGE][PASSED] - Object 'Object Repository/MainPage/patientCallerIdInputBox' is present

2021-03-14 01:52:14 - [MESSAGE][PASSED] - Object 'Object Repository/MainPage/patientCallerIdInputBox' is visible

2021-03-14 01:52:14 - [MESSAGE][PASSED] - Object 'Object Repository/MainPage/patientCallerIdInputBox' is clickable

2021-03-14 01:52:14 - [MESSAGE][PASSED] - Text of object 'Object Repository/MainPage/patientCallerIdInputBox' is cleared

2021-03-14 01:52:14 - [MESSAGE][PASSED] - Keys '6082719000' sent to object: 'Object Repository/MainPage/patientCallerIdInputBox'

2021-03-14 01:52:15 - [MESSAGE][PASSED] - Object 'Object Repository/MainPage/patientCalledToInputBox' is present

2021-03-14 01:52:15 - [MESSAGE][PASSED] - Object 'Object Repository/MainPage/patientCalledToInputBox' is visible

2021-03-14 01:52:15 - [MESSAGE][PASSED] - Object 'Object Repository/MainPage/patientCalledToInputBox' is clickable

2021-03-14 01:52:15 - [MESSAGE][PASSED] - Text of object 'Object Repository/MainPage/patientCalledToInputBox' is cleared

2021-03-14 01:52:16 - [MESSAGE][PASSED] - Keys '4698991226' sent to object: 'Object Repository/MainPage/patientCalledToInputBox'

2021-03-14 01:52:16 - [MESSAGE][PASSED] - Object 'Object Repository/MainPage/submitButton' is present

2021-03-14 01:52:16 - [MESSAGE][PASSED] - Object 'Object Repository/MainPage/submitButton' is visible

2021-03-14 01:52:16 - [MESSAGE][PASSED] - Object 'Object Repository/MainPage/submitButton' is clickable

2021-03-14 01:52:17 - [MESSAGE][PASSED] - Object: 'Object Repository/MainPage/submitButton' is clicked on

2021-03-14 01:52:18 - [MESSAGE][PASSED] - Taking screenshot successfully
[[ATTACHMENT|/Users/apple/Documents/GitHub/SpinSci/passed.png]]

2021-03-14 01:52:19 - [MESSAGE][PASSED] - Web element with id: 'Object Repository/MainPage/noOngoingIterationText' located by 'By.xpath: //h3[text()='Waiting for a new interaction...']' is not present after '10' second(s)

2021-03-14 01:52:19 - [MESSAGE][PASSED] - mainPage.Mainpage.searchWith is PASSED

2021-03-14 01:52:19 - [TEST_STEP][PASSED] - mainPage.Mainpage.verifySource(soucePatientName, sourcePatientDOB): mainPage.Mainpage.verifySource is PASSED

2021-03-14 01:52:20 - [MESSAGE][PASSED] - Taking screenshot successfully
[[ATTACHMENT|/Users/apple/Documents/GitHub/SpinSci/passed.png]]

2021-03-14 01:52:20 - [MESSAGE][PASSED] - Object 'Object Repository/MainPage/Verification/getTableRowsBasedonPatientName' is present

2021-03-14 01:52:20 - [MESSAGE][PASSED] - Object 'Object Repository/MainPage/Verification/getTableRowsBasedonPatientName' is present

2021-03-14 01:52:20 - [MESSAGE][PASSED] - Object 'Object Repository/MainPage/Verification/getTableRowsBasedonPatientName' is visible

2021-03-14 01:52:21 - [MESSAGE][PASSED] - Scroll to object 'Object Repository/MainPage/Verification/getTableRowsBasedonPatientName' successfully

2021-03-14 01:52:21 - [MESSAGE][PASSED] - Object 'Object Repository/MainPage/Verification/getDOBOfPatient' is present

2021-03-14 01:52:21 - [MESSAGE][PASSED] - Object 'Object Repository/MainPage/Verification/getDOBOfPatient' is visible

2021-03-14 01:52:21 - [MESSAGE][PASSED] - Text of object 'Object Repository/MainPage/Verification/getDOBOfPatient' is: '09-09-1983'

2021-03-14 01:52:22 - [MESSAGE][PASSED] - Object 'Object Repository/MainPage/Verification/verifyCheckMarkOfPatient' is present

2021-03-14 01:52:22 - [MESSAGE][PASSED] - Object 'Object Repository/MainPage/Verification/verifyCheckMarkOfPatient' is visible

2021-03-14 01:52:22 - [MESSAGE][PASSED] - Object 'Object Repository/MainPage/Verification/verifyCheckMarkOfPatient' is clickable

2021-03-14 01:52:23 - [MESSAGE][PASSED] - Object: 'Object Repository/MainPage/Verification/verifyCheckMarkOfPatient' is clicked on

2021-03-14 01:52:23 - [MESSAGE][PASSED] - Object 'Object Repository/MainPage/Verification/sourceTabName' is present

2021-03-14 01:52:23 - [MESSAGE][PASSED] - Object 'Object Repository/MainPage/Verification/sourceTabName' is visible

2021-03-14 01:52:24 - [MESSAGE][PASSED] - Text of object 'Object Repository/MainPage/Verification/sourceTabName' is: 'Cadence Anna'

2021-03-14 01:52:24 - [MESSAGE][PASSED] - Taking screenshot successfully
[[ATTACHMENT|/Users/apple/Documents/GitHub/SpinSci/passed.png]]

2021-03-14 01:52:24 - [MESSAGE][PASSED] - Actual text 'Cadence Anna' and expected text 'Cadence Anna' are matched 

2021-03-14 01:52:24 - [MESSAGE][PASSED] - mainPage.Mainpage.verifySource is PASSED

2021-03-14 01:52:24 - [TEST_STEP][PASSED] - mainPage.Mainpage.verifySubject(subjectPatientName, subjectPatientDOB): mainPage.Mainpage.verifySubject is PASSED

2021-03-14 01:52:25 - [MESSAGE][PASSED] - Taking screenshot successfully
[[ATTACHMENT|/Users/apple/Documents/GitHub/SpinSci/passed.png]]

2021-03-14 01:52:25 - [MESSAGE][PASSED] - Object 'Object Repository/MainPage/Verification/getTableRowsBasedonPatientName' is present

2021-03-14 01:52:25 - [MESSAGE][PASSED] - Object 'Object Repository/MainPage/Verification/getTableRowsBasedonPatientName' is present

2021-03-14 01:52:25 - [MESSAGE][PASSED] - Object 'Object Repository/MainPage/Verification/getTableRowsBasedonPatientName' is visible

2021-03-14 01:52:26 - [MESSAGE][PASSED] - Scroll to object 'Object Repository/MainPage/Verification/getTableRowsBasedonPatientName' successfully

2021-03-14 01:52:26 - [MESSAGE][PASSED] - Object 'Object Repository/MainPage/Verification/getDOBOfPatient' is present

2021-03-14 01:52:26 - [MESSAGE][PASSED] - Object 'Object Repository/MainPage/Verification/getDOBOfPatient' is visible

2021-03-14 01:52:26 - [MESSAGE][PASSED] - Text of object 'Object Repository/MainPage/Verification/getDOBOfPatient' is: '09-09-1983'

2021-03-14 01:52:27 - [MESSAGE][PASSED] - Object 'Object Repository/MainPage/Verification/verifyCheckMarkOfPatient' is present

2021-03-14 01:52:27 - [MESSAGE][PASSED] - Object 'Object Repository/MainPage/Verification/verifyCheckMarkOfPatient' is visible

2021-03-14 01:52:27 - [MESSAGE][PASSED] - Object 'Object Repository/MainPage/Verification/verifyCheckMarkOfPatient' is clickable

2021-03-14 01:52:28 - [MESSAGE][PASSED] - Object: 'Object Repository/MainPage/Verification/verifyCheckMarkOfPatient' is clicked on

2021-03-14 01:52:30 - [MESSAGE][PASSED] - Taking screenshot successfully
[[ATTACHMENT|/Users/apple/Documents/GitHub/SpinSci/passed.png]]

2021-03-14 01:52:30 - [MESSAGE][PASSED] - Web element with id: 'Object Repository/MainPage/Verification/subjectTabName' located by 'By.xpath: (//div[@class="p-verification__top-item-note"])[3]' is not present after '10' second(s)

2021-03-14 01:52:30 - [MESSAGE][PASSED] - mainPage.Mainpage.verifySubject is PASSED

2021-03-14 01:52:30 - [TEST_STEP][PASSED] - cards.EmergencyContactInformationCard.verifyEmergencyContactDetails(name, contactNumber): cards.EmergencyContactInformationCard.verifyEmergencyContactDetails is PASSED

2021-03-14 01:52:31 - [MESSAGE][PASSED] - Object 'Object Repository/MainPage/Cards/EmergencyInfoCard/name' is present

2021-03-14 01:52:31 - [MESSAGE][PASSED] - Object 'Object Repository/MainPage/Cards/EmergencyInfoCard/name' is visible

2021-03-14 01:52:31 - [MESSAGE][PASSED] - Text of object 'Object Repository/MainPage/Cards/EmergencyInfoCard/name' is: 'Name: Smith, John'

2021-03-14 01:52:31 - [MESSAGE][PASSED] - Object 'Object Repository/MainPage/Cards/EmergencyInfoCard/contactNumber' is present

2021-03-14 01:52:32 - [MESSAGE][PASSED] - Object 'Object Repository/MainPage/Cards/EmergencyInfoCard/contactNumber' is visible

2021-03-14 01:52:32 - [MESSAGE][PASSED] - Text of object 'Object Repository/MainPage/Cards/EmergencyInfoCard/contactNumber' is: 'Contact Number: 608-271-9000'

2021-03-14 01:52:32 - [MESSAGE][PASSED] - Taking screenshot successfully
[[ATTACHMENT|/Users/apple/Documents/GitHub/SpinSci/passed.png]]

2021-03-14 01:52:32 - [MESSAGE][PASSED] - Actual text 'Smith, John' and expected text 'Smith, John' are matched 

2021-03-14 01:52:33 - [MESSAGE][PASSED] - Taking screenshot successfully
[[ATTACHMENT|/Users/apple/Documents/GitHub/SpinSci/passed.png]]

2021-03-14 01:52:33 - [MESSAGE][PASSED] - Actual text '608-271-9000' and expected text '608-271-9000' are matched 

2021-03-14 01:52:33 - [MESSAGE][PASSED] - cards.EmergencyContactInformationCard.verifyEmergencyContactDetails is PASSED

2021-03-14 01:52:33 - [TEST_STEP][PASSED] - Start listener action : closeBrowserBeforeTestSuire: Refresh successfully

2021-03-14 01:52:33 - [TEST_STEP][PASSED] - refresh(): Refresh successfully

2021-03-14 01:52:36 - [MESSAGE][PASSED] - Refresh successfully

2021-03-14 01:52:38 - [TEST_STEP][PASSED] - Video: Video recording for test case 'Test Cases/TC_ID_16 Display Additional information card (PCP) details in the Patient Dashboard' .

2021-03-14 01:52:38 - [MESSAGE][INFO] - Video recording for test case 'Test Cases/TC_ID_16 Display Additional information card (PCP) details in the Patient Dashboard' .]]></system-out>
         <system-err><![CDATA[]]></system-err>
      </testcase>
      <testcase name="Test Cases/TC_ID_14 Display Pharmacies card in the Patient Dashboard" time="29.703" classname="Test Cases/TC_ID_14 Display Pharmacies card in the Patient Dashboard" status="PASSED">
         <system-out><![CDATA[2021-03-14 01:52:38 - [TEST_CASE][PASSED] - Test Cases/TC_ID_14 Display Pharmacies card in the Patient Dashboard: Test Cases/TC_ID_14 Display Pharmacies card in the Patient Dashboard

2021-03-14 01:52:38 - [TEST_STEP][PASSED] - patientCallerId = "6082719000": null

2021-03-14 01:52:38 - [TEST_STEP][PASSED] - patientCalledTo = "4698991226": null

2021-03-14 01:52:38 - [TEST_STEP][PASSED] - soucePatientName = "Cadence,Anna": null

2021-03-14 01:52:38 - [TEST_STEP][PASSED] - sourcePatientDOB = "09-09-1983": null

2021-03-14 01:52:38 - [TEST_STEP][PASSED] - subjectPatientName = "Cadence,Anna": null

2021-03-14 01:52:38 - [TEST_STEP][PASSED] - subjectPatientDOB = "09-09-1983": null

2021-03-14 01:52:38 - [TEST_STEP][PASSED] - pharmacyName = "EMC Prescription Pharmacy South": null

2021-03-14 01:52:38 - [TEST_STEP][PASSED] - pharmacyNumber = "555-555-5555": null

2021-03-14 01:52:38 - [TEST_STEP][PASSED] - mainPage.Mainpage.searchWith(patientCallerId, patientCalledTo): mainPage.Mainpage.searchWith is PASSED

2021-03-14 01:52:38 - [MESSAGE][PASSED] - Object 'Object Repository/MainPage/patientCallerIdInputBox' is present

2021-03-14 01:52:38 - [MESSAGE][PASSED] - Object 'Object Repository/MainPage/patientCallerIdInputBox' is visible

2021-03-14 01:52:39 - [MESSAGE][PASSED] - Object 'Object Repository/MainPage/patientCallerIdInputBox' is clickable

2021-03-14 01:52:39 - [MESSAGE][PASSED] - Text of object 'Object Repository/MainPage/patientCallerIdInputBox' is cleared

2021-03-14 01:52:39 - [MESSAGE][PASSED] - Keys '6082719000' sent to object: 'Object Repository/MainPage/patientCallerIdInputBox'

2021-03-14 01:52:40 - [MESSAGE][PASSED] - Object 'Object Repository/MainPage/patientCalledToInputBox' is present

2021-03-14 01:52:40 - [MESSAGE][PASSED] - Object 'Object Repository/MainPage/patientCalledToInputBox' is visible

2021-03-14 01:52:40 - [MESSAGE][PASSED] - Object 'Object Repository/MainPage/patientCalledToInputBox' is clickable

2021-03-14 01:52:40 - [MESSAGE][PASSED] - Text of object 'Object Repository/MainPage/patientCalledToInputBox' is cleared

2021-03-14 01:52:41 - [MESSAGE][PASSED] - Keys '4698991226' sent to object: 'Object Repository/MainPage/patientCalledToInputBox'

2021-03-14 01:52:41 - [MESSAGE][PASSED] - Object 'Object Repository/MainPage/submitButton' is present

2021-03-14 01:52:41 - [MESSAGE][PASSED] - Object 'Object Repository/MainPage/submitButton' is visible

2021-03-14 01:52:41 - [MESSAGE][PASSED] - Object 'Object Repository/MainPage/submitButton' is clickable

2021-03-14 01:52:42 - [MESSAGE][PASSED] - Object: 'Object Repository/MainPage/submitButton' is clicked on

2021-03-14 01:52:43 - [MESSAGE][PASSED] - Taking screenshot successfully
[[ATTACHMENT|/Users/apple/Documents/GitHub/SpinSci/passed.png]]

2021-03-14 01:52:44 - [MESSAGE][PASSED] - Web element with id: 'Object Repository/MainPage/noOngoingIterationText' located by 'By.xpath: //h3[text()='Waiting for a new interaction...']' is not present after '10' second(s)

2021-03-14 01:52:44 - [MESSAGE][PASSED] - mainPage.Mainpage.searchWith is PASSED

2021-03-14 01:52:44 - [TEST_STEP][PASSED] - mainPage.Mainpage.verifySource(soucePatientName, sourcePatientDOB): mainPage.Mainpage.verifySource is PASSED

2021-03-14 01:52:45 - [MESSAGE][PASSED] - Taking screenshot successfully
[[ATTACHMENT|/Users/apple/Documents/GitHub/SpinSci/passed.png]]

2021-03-14 01:52:45 - [MESSAGE][PASSED] - Object 'Object Repository/MainPage/Verification/getTableRowsBasedonPatientName' is present

2021-03-14 01:52:45 - [MESSAGE][PASSED] - Object 'Object Repository/MainPage/Verification/getTableRowsBasedonPatientName' is present

2021-03-14 01:52:45 - [MESSAGE][PASSED] - Object 'Object Repository/MainPage/Verification/getTableRowsBasedonPatientName' is visible

2021-03-14 01:52:46 - [MESSAGE][PASSED] - Scroll to object 'Object Repository/MainPage/Verification/getTableRowsBasedonPatientName' successfully

2021-03-14 01:52:46 - [MESSAGE][PASSED] - Object 'Object Repository/MainPage/Verification/getDOBOfPatient' is present

2021-03-14 01:52:46 - [MESSAGE][PASSED] - Object 'Object Repository/MainPage/Verification/getDOBOfPatient' is visible

2021-03-14 01:52:46 - [MESSAGE][PASSED] - Text of object 'Object Repository/MainPage/Verification/getDOBOfPatient' is: '09-09-1983'

2021-03-14 01:52:46 - [MESSAGE][PASSED] - Object 'Object Repository/MainPage/Verification/verifyCheckMarkOfPatient' is present

2021-03-14 01:52:47 - [MESSAGE][PASSED] - Object 'Object Repository/MainPage/Verification/verifyCheckMarkOfPatient' is visible

2021-03-14 01:52:47 - [MESSAGE][PASSED] - Object 'Object Repository/MainPage/Verification/verifyCheckMarkOfPatient' is clickable

2021-03-14 01:52:47 - [MESSAGE][PASSED] - Object: 'Object Repository/MainPage/Verification/verifyCheckMarkOfPatient' is clicked on

2021-03-14 01:52:48 - [MESSAGE][PASSED] - Object 'Object Repository/MainPage/Verification/sourceTabName' is present

2021-03-14 01:52:48 - [MESSAGE][PASSED] - Object 'Object Repository/MainPage/Verification/sourceTabName' is visible

2021-03-14 01:52:48 - [MESSAGE][PASSED] - Text of object 'Object Repository/MainPage/Verification/sourceTabName' is: 'Cadence Anna'

2021-03-14 01:52:49 - [MESSAGE][PASSED] - Taking screenshot successfully
[[ATTACHMENT|/Users/apple/Documents/GitHub/SpinSci/passed.png]]

2021-03-14 01:52:49 - [MESSAGE][PASSED] - Actual text 'Cadence Anna' and expected text 'Cadence Anna' are matched 

2021-03-14 01:52:49 - [MESSAGE][PASSED] - mainPage.Mainpage.verifySource is PASSED

2021-03-14 01:52:49 - [TEST_STEP][PASSED] - mainPage.Mainpage.verifySubject(subjectPatientName, subjectPatientDOB): mainPage.Mainpage.verifySubject is PASSED

2021-03-14 01:52:50 - [MESSAGE][PASSED] - Taking screenshot successfully
[[ATTACHMENT|/Users/apple/Documents/GitHub/SpinSci/passed.png]]

2021-03-14 01:52:50 - [MESSAGE][PASSED] - Object 'Object Repository/MainPage/Verification/getTableRowsBasedonPatientName' is present

2021-03-14 01:52:50 - [MESSAGE][PASSED] - Object 'Object Repository/MainPage/Verification/getTableRowsBasedonPatientName' is present

2021-03-14 01:52:50 - [MESSAGE][PASSED] - Object 'Object Repository/MainPage/Verification/getTableRowsBasedonPatientName' is visible

2021-03-14 01:52:51 - [MESSAGE][PASSED] - Scroll to object 'Object Repository/MainPage/Verification/getTableRowsBasedonPatientName' successfully

2021-03-14 01:52:51 - [MESSAGE][PASSED] - Object 'Object Repository/MainPage/Verification/getDOBOfPatient' is present

2021-03-14 01:52:51 - [MESSAGE][PASSED] - Object 'Object Repository/MainPage/Verification/getDOBOfPatient' is visible

2021-03-14 01:52:51 - [MESSAGE][PASSED] - Text of object 'Object Repository/MainPage/Verification/getDOBOfPatient' is: '09-09-1983'

2021-03-14 01:52:51 - [MESSAGE][PASSED] - Object 'Object Repository/MainPage/Verification/verifyCheckMarkOfPatient' is present

2021-03-14 01:52:52 - [MESSAGE][PASSED] - Object 'Object Repository/MainPage/Verification/verifyCheckMarkOfPatient' is visible

2021-03-14 01:52:52 - [MESSAGE][PASSED] - Object 'Object Repository/MainPage/Verification/verifyCheckMarkOfPatient' is clickable

2021-03-14 01:52:52 - [MESSAGE][PASSED] - Object: 'Object Repository/MainPage/Verification/verifyCheckMarkOfPatient' is clicked on

2021-03-14 01:52:55 - [MESSAGE][PASSED] - Taking screenshot successfully
[[ATTACHMENT|/Users/apple/Documents/GitHub/SpinSci/passed.png]]

2021-03-14 01:52:55 - [MESSAGE][PASSED] - Web element with id: 'Object Repository/MainPage/Verification/subjectTabName' located by 'By.xpath: (//div[@class="p-verification__top-item-note"])[3]' is not present after '10' second(s)

2021-03-14 01:52:55 - [MESSAGE][PASSED] - mainPage.Mainpage.verifySubject is PASSED

2021-03-14 01:52:55 - [TEST_STEP][PASSED] - cards.PharmaciesCard.verifyPatientPharmacyDetails(pharmacyName, pharmacyNumber): cards.PharmaciesCard.verifyPatientPharmacyDetails is PASSED

2021-03-14 01:52:55 - [MESSAGE][PASSED] - Object 'Object Repository/MainPage/Cards/Pharmacies/prefPharamacyName' is present

2021-03-14 01:52:56 - [MESSAGE][PASSED] - Object 'Object Repository/MainPage/Cards/Pharmacies/prefPharamacyName' is visible

2021-03-14 01:52:56 - [MESSAGE][PASSED] - Text of object 'Object Repository/MainPage/Cards/Pharmacies/prefPharamacyName' is: 'Preferred Pharmacy Name: EMC Prescription Pharmacy South'

2021-03-14 01:52:56 - [MESSAGE][PASSED] - Object 'Object Repository/MainPage/Cards/Pharmacies/pharmacyNumber' is present

2021-03-14 01:52:56 - [MESSAGE][PASSED] - Object 'Object Repository/MainPage/Cards/Pharmacies/pharmacyNumber' is visible

2021-03-14 01:52:57 - [MESSAGE][PASSED] - Text of object 'Object Repository/MainPage/Cards/Pharmacies/pharmacyNumber' is: 'Pharmacy Number: 555-555-5555'

2021-03-14 01:52:57 - [MESSAGE][PASSED] - Taking screenshot successfully
[[ATTACHMENT|/Users/apple/Documents/GitHub/SpinSci/passed.png]]

2021-03-14 01:52:57 - [MESSAGE][PASSED] - Actual text 'EMC Prescription Pharmacy South' and expected text 'EMC Prescription Pharmacy South' are matched 

2021-03-14 01:52:58 - [MESSAGE][PASSED] - Taking screenshot successfully
[[ATTACHMENT|/Users/apple/Documents/GitHub/SpinSci/passed.png]]

2021-03-14 01:52:58 - [MESSAGE][PASSED] - Actual text '555-555-5555' and expected text '555-555-5555' are matched 

2021-03-14 01:52:58 - [MESSAGE][PASSED] - cards.PharmaciesCard.verifyPatientPharmacyDetails is PASSED

2021-03-14 01:52:58 - [TEST_STEP][PASSED] - cards.PharmaciesCard.clickOnGearIcon(): cards.PharmaciesCard.clickOnGearIcon is PASSED

2021-03-14 01:52:58 - [MESSAGE][PASSED] - Object 'Object Repository/MainPage/Cards/Pharmacies/gearIcon' is present

2021-03-14 01:52:58 - [MESSAGE][PASSED] - Object 'Object Repository/MainPage/Cards/Pharmacies/gearIcon' is visible

2021-03-14 01:52:58 - [MESSAGE][PASSED] - Object 'Object Repository/MainPage/Cards/Pharmacies/gearIcon' is clickable

2021-03-14 01:52:59 - [MESSAGE][PASSED] - Object: 'Object Repository/MainPage/Cards/Pharmacies/gearIcon' is clicked on

2021-03-14 01:53:00 - [MESSAGE][PASSED] - Taking screenshot successfully
[[ATTACHMENT|/Users/apple/Documents/GitHub/SpinSci/passed.png]]

2021-03-14 01:53:00 - [MESSAGE][PASSED] - Object 'Object Repository/MainPage/Cards/Pharmacies/moreDetailsOption' is present

2021-03-14 01:53:00 - [MESSAGE][PASSED] - cards.PharmaciesCard.clickOnGearIcon is PASSED

2021-03-14 01:53:00 - [TEST_STEP][PASSED] - cards.PharmaciesCard.clickOnMoreDetails(): cards.PharmaciesCard.clickOnMoreDetails is PASSED

2021-03-14 01:53:00 - [MESSAGE][PASSED] - Object 'Object Repository/MainPage/Cards/Pharmacies/moreDetailsOption' is present

2021-03-14 01:53:01 - [MESSAGE][PASSED] - Object 'Object Repository/MainPage/Cards/Pharmacies/moreDetailsOption' is visible

2021-03-14 01:53:01 - [MESSAGE][PASSED] - Object 'Object Repository/MainPage/Cards/Pharmacies/moreDetailsOption' is clickable

2021-03-14 01:53:02 - [MESSAGE][PASSED] - Object: 'Object Repository/MainPage/Cards/Pharmacies/moreDetailsOption' is clicked on

2021-03-14 01:53:02 - [MESSAGE][PASSED] - cards.PharmaciesCard.clickOnMoreDetails is PASSED

2021-03-14 01:53:02 - [TEST_STEP][PASSED] - Start listener action : closeBrowserBeforeTestSuire: Refresh successfully

2021-03-14 01:53:02 - [TEST_STEP][PASSED] - refresh(): Refresh successfully

2021-03-14 01:53:06 - [MESSAGE][PASSED] - Refresh successfully

2021-03-14 01:53:08 - [TEST_STEP][PASSED] - Video: Video recording for test case 'Test Cases/TC_ID_14 Display Pharmacies card in the Patient Dashboard' .

2021-03-14 01:53:08 - [MESSAGE][INFO] - Video recording for test case 'Test Cases/TC_ID_14 Display Pharmacies card in the Patient Dashboard' .]]></system-out>
         <system-err><![CDATA[]]></system-err>
      </testcase>
      <system-out><![CDATA[2021-03-14 01:49:11 - [TEST_SUITE][INCOMPLETE] - Demo Test Suite: null]]></system-out>
      <system-err><![CDATA[2021-03-14 01:49:11 - [TEST_SUITE][INCOMPLETE] - Demo Test Suite: null]]></system-err>
   </testsuite>
</testsuites>
