<?xml version="1.0" encoding="UTF-8"?>
<testsuites name="Demo Test Suite" time="673.934" tests="4" failures="0" skips="0" errors="0">
   <testsuite name="Demo Test Suite" tests="4" failures="0" errors="0" time="673.934" skips="0" timestamp="2021-03-13 12:19:42" hostname="apple - 192.168.43.12" id="Test Suites/Demo Test Suite">
      <properties>
         <property name="deviceName" value=""/>
         <property name="devicePlatform" value=""/>
         <property name="logFolder" value="/Users/apple/Documents/GitHub/SpinSci/Reports/20210313_121923/Demo Test Suite/20210313_121923"/>
         <property name="logFiles" value="/Users/apple/Documents/GitHub/SpinSci/Reports/20210313_121923/Demo Test Suite/20210313_121923/execution0.log"/>
         <property name="attachments" value="/Users/apple/Documents/GitHub/SpinSci/passed.png, /Users/apple/Documents/GitHub/SpinSci/passed.png, /Users/apple/Documents/GitHub/SpinSci/passed.png, /Users/apple/Documents/GitHub/SpinSci/passed.png, /Users/apple/Documents/GitHub/SpinSci/passed.png, /Users/apple/Documents/GitHub/SpinSci/passed.png, /Users/apple/Documents/GitHub/SpinSci/passed.png, /Users/apple/Documents/GitHub/SpinSci/passed.png, /Users/apple/Documents/GitHub/SpinSci/passed.png, /Users/apple/Documents/GitHub/SpinSci/passed.png, /Users/apple/Documents/GitHub/SpinSci/passed.png, /Users/apple/Documents/GitHub/SpinSci/passed.png, /Users/apple/Documents/GitHub/SpinSci/passed.png, /Users/apple/Documents/GitHub/SpinSci/passed.png, /Users/apple/Documents/GitHub/SpinSci/passed.png, /Users/apple/Documents/GitHub/SpinSci/passed.png, /Users/apple/Documents/GitHub/SpinSci/passed.png, /Users/apple/Documents/GitHub/SpinSci/passed.png, /Users/apple/Documents/GitHub/SpinSci/passed.png, /Users/apple/Documents/GitHub/SpinSci/passed.png, /Users/apple/Documents/GitHub/SpinSci/passed.png, /Users/apple/Documents/GitHub/SpinSci/passed.png, /Users/apple/Documents/GitHub/SpinSci/passed.png, /Users/apple/Documents/GitHub/SpinSci/passed.png, /Users/apple/Documents/GitHub/SpinSci/passed.png, /Users/apple/Documents/GitHub/SpinSci/passed.png, /Users/apple/Documents/GitHub/SpinSci/passed.png, /Users/apple/Documents/GitHub/SpinSci/passed.png, /Users/apple/Documents/GitHub/SpinSci/passed.png, /Users/apple/Documents/GitHub/SpinSci/passed.png, /Users/apple/Documents/GitHub/SpinSci/passed.png, /Users/apple/Documents/GitHub/SpinSci/passed.png, /Users/apple/Documents/GitHub/SpinSci/passed.png, /Users/apple/Documents/GitHub/SpinSci/passed.png, /Users/apple/Documents/GitHub/SpinSci/passed.png, /Users/apple/Documents/GitHub/SpinSci/passed.png, /Users/apple/Documents/GitHub/SpinSci/passed.png, /Users/apple/Documents/GitHub/SpinSci/passed.png, /Users/apple/Documents/GitHub/SpinSci/passed.png, /Users/apple/Documents/GitHub/SpinSci/passed.png, /Users/apple/Documents/GitHub/SpinSci/passed.png, /Users/apple/Documents/GitHub/SpinSci/passed.png, /Users/apple/Documents/GitHub/SpinSci/passed.png, /Users/apple/Documents/GitHub/SpinSci/passed.png, /Users/apple/Documents/GitHub/SpinSci/passed.png, /Users/apple/Documents/GitHub/SpinSci/passed.png, /Users/apple/Documents/GitHub/SpinSci/passed.png, /Users/apple/Documents/GitHub/SpinSci/passed.png, /Users/apple/Documents/GitHub/SpinSci/passed.png, /Users/apple/Documents/GitHub/SpinSci/passed.png, /Users/apple/Documents/GitHub/SpinSci/passed.png, /Users/apple/Documents/GitHub/SpinSci/passed.png, /Users/apple/Documents/GitHub/SpinSci/passed.png, /Users/apple/Documents/GitHub/SpinSci/passed.png, /Users/apple/Documents/GitHub/SpinSci/passed.png, /Users/apple/Documents/GitHub/SpinSci/passed.png"/>
         <property name="hostName" value="apple - 192.168.43.12"/>
         <property name="os" value="Mac OS X 64bit"/>
         <property name="katalonVersion" value="7.8.1.208"/>
         <property name="browser" value="Chrome 88.0.4324.150"/>
         <property name="hostAddress" value="192.168.43.12"/>
         <property name="sessionId" value="77cc497d38832d3444f24840310685c11bf7e0a3"/>
         <property name="seleniumVersion" value="3.141.59"/>
         <property name="proxyInformation" value="ProxyInformation { proxyOption=NO_PROXY, proxyServerType=HTTP, username=, password=********, proxyServerAddress=, proxyServerPort=0, executionList=&quot;&quot;, isApplyToDesiredCapabilities=true }"/>
         <property name="platform" value="Mac OS X"/>
      </properties>
      <testcase name="Test Cases/TC_ID_07 Display Pending Referrals card in the Patient Dashboard" time="173.763" classname="Test Cases/TC_ID_07 Display Pending Referrals card in the Patient Dashboard" status="PASSED">
         <system-out><![CDATA[2021-03-13 12:19:58 - [TEST_CASE][PASSED] - Test Cases/TC_ID_07 Display Pending Referrals card in the Patient Dashboard: Test Cases/TC_ID_07 Display Pending Referrals card in the Patient Dashboard

2021-03-13 12:19:58 - [TEST_STEP][PASSED] - patientCallerId = "6082719000": null

2021-03-13 12:19:58 - [TEST_STEP][PASSED] - patientCalledTo = "4698991226": null

2021-03-13 12:19:58 - [TEST_STEP][PASSED] - soucePatientName = "Cadence,Anna": null

2021-03-13 12:19:58 - [TEST_STEP][PASSED] - sourcePatientDOB = "09-09-1983": null

2021-03-13 12:19:58 - [TEST_STEP][PASSED] - subjectPatientName = "Cadence,Anna": null

2021-03-13 12:19:58 - [TEST_STEP][PASSED] - subjectPatientDOB = "09-09-1983": null

2021-03-13 12:19:58 - [TEST_STEP][PASSED] - upComingReferrals = "1": null

2021-03-13 12:19:58 - [TEST_STEP][PASSED] - closedReferrals = "13": null

2021-03-13 12:19:58 - [TEST_STEP][PASSED] - mainPage.Mainpage.searchWith(patientCallerId, patientCalledTo): mainPage.Mainpage.searchWith is PASSED

2021-03-13 12:20:00 - [MESSAGE][PASSED] - Object 'Object Repository/MainPage/patientCallerIdInputBox' is present

2021-03-13 12:20:02 - [MESSAGE][PASSED] - Object 'Object Repository/MainPage/patientCallerIdInputBox' is visible

2021-03-13 12:20:04 - [MESSAGE][PASSED] - Object 'Object Repository/MainPage/patientCallerIdInputBox' is clickable

2021-03-13 12:20:06 - [MESSAGE][PASSED] - Text of object 'Object Repository/MainPage/patientCallerIdInputBox' is cleared

2021-03-13 12:20:08 - [MESSAGE][PASSED] - Keys '6082719000' sent to object: 'Object Repository/MainPage/patientCallerIdInputBox'

2021-03-13 12:20:10 - [MESSAGE][PASSED] - Object 'Object Repository/MainPage/patientCalledToInputBox' is present

2021-03-13 12:20:11 - [MESSAGE][PASSED] - Object 'Object Repository/MainPage/patientCalledToInputBox' is visible

2021-03-13 12:20:12 - [MESSAGE][PASSED] - Object 'Object Repository/MainPage/patientCalledToInputBox' is clickable

2021-03-13 12:20:14 - [MESSAGE][PASSED] - Text of object 'Object Repository/MainPage/patientCalledToInputBox' is cleared

2021-03-13 12:20:16 - [MESSAGE][PASSED] - Keys '4698991226' sent to object: 'Object Repository/MainPage/patientCalledToInputBox'

2021-03-13 12:20:17 - [MESSAGE][PASSED] - Object 'Object Repository/MainPage/submitButton' is present

2021-03-13 12:20:18 - [MESSAGE][PASSED] - Object 'Object Repository/MainPage/submitButton' is visible

2021-03-13 12:20:20 - [MESSAGE][PASSED] - Object 'Object Repository/MainPage/submitButton' is clickable

2021-03-13 12:20:22 - [MESSAGE][PASSED] - Object: 'Object Repository/MainPage/submitButton' is clicked on

2021-03-13 12:20:24 - [MESSAGE][PASSED] - Taking screenshot successfully
[[ATTACHMENT|/Users/apple/Documents/GitHub/SpinSci/passed.png]]

2021-03-13 12:20:26 - [MESSAGE][PASSED] - Web element with id: 'Object Repository/MainPage/noOngoingIterationText' located by 'By.xpath: //h3[text()='Waiting for a new interaction...']' is not present after '10' second(s)

2021-03-13 12:20:26 - [MESSAGE][PASSED] - mainPage.Mainpage.searchWith is PASSED

2021-03-13 12:20:26 - [TEST_STEP][PASSED] - mainPage.Mainpage.verifySource(soucePatientName, sourcePatientDOB): mainPage.Mainpage.verifySource is PASSED

2021-03-13 12:20:29 - [MESSAGE][PASSED] - Taking screenshot successfully
[[ATTACHMENT|/Users/apple/Documents/GitHub/SpinSci/passed.png]]

2021-03-13 12:20:31 - [MESSAGE][PASSED] - Object 'Object Repository/MainPage/Verification/getTableRowsBasedonPatientName' is present

2021-03-13 12:20:32 - [MESSAGE][PASSED] - Object 'Object Repository/MainPage/Verification/getTableRowsBasedonPatientName' is present

2021-03-13 12:20:34 - [MESSAGE][PASSED] - Object 'Object Repository/MainPage/Verification/getTableRowsBasedonPatientName' is visible

2021-03-13 12:20:36 - [MESSAGE][PASSED] - Scroll to object 'Object Repository/MainPage/Verification/getTableRowsBasedonPatientName' successfully

2021-03-13 12:20:37 - [MESSAGE][PASSED] - Object 'Object Repository/MainPage/Verification/getDOBOfPatient' is present

2021-03-13 12:20:40 - [MESSAGE][PASSED] - Object 'Object Repository/MainPage/Verification/getDOBOfPatient' is visible

2021-03-13 12:20:42 - [MESSAGE][PASSED] - Text of object 'Object Repository/MainPage/Verification/getDOBOfPatient' is: '09-09-1983'

2021-03-13 12:20:43 - [MESSAGE][PASSED] - Object 'Object Repository/MainPage/Verification/verifyCheckMarkOfPatient' is present

2021-03-13 12:20:45 - [MESSAGE][PASSED] - Object 'Object Repository/MainPage/Verification/verifyCheckMarkOfPatient' is visible

2021-03-13 12:20:47 - [MESSAGE][PASSED] - Object 'Object Repository/MainPage/Verification/verifyCheckMarkOfPatient' is clickable

2021-03-13 12:20:49 - [MESSAGE][PASSED] - Object: 'Object Repository/MainPage/Verification/verifyCheckMarkOfPatient' is clicked on

2021-03-13 12:20:51 - [MESSAGE][PASSED] - Object 'Object Repository/MainPage/Verification/sourceTabName' is present

2021-03-13 12:20:53 - [MESSAGE][PASSED] - Object 'Object Repository/MainPage/Verification/sourceTabName' is visible

2021-03-13 12:20:55 - [MESSAGE][PASSED] - Text of object 'Object Repository/MainPage/Verification/sourceTabName' is: 'Cadence Anna'

2021-03-13 12:20:57 - [MESSAGE][PASSED] - Taking screenshot successfully
[[ATTACHMENT|/Users/apple/Documents/GitHub/SpinSci/passed.png]]

2021-03-13 12:20:57 - [MESSAGE][PASSED] - Actual text 'Cadence Anna' and expected text 'Cadence Anna' are matched 

2021-03-13 12:20:57 - [MESSAGE][PASSED] - mainPage.Mainpage.verifySource is PASSED

2021-03-13 12:20:57 - [TEST_STEP][PASSED] - mainPage.Mainpage.verifySubject(subjectPatientName, subjectPatientDOB): mainPage.Mainpage.verifySubject is PASSED

2021-03-13 12:21:00 - [MESSAGE][PASSED] - Taking screenshot successfully
[[ATTACHMENT|/Users/apple/Documents/GitHub/SpinSci/passed.png]]

2021-03-13 12:21:02 - [MESSAGE][PASSED] - Object 'Object Repository/MainPage/Verification/getTableRowsBasedonPatientName' is present

2021-03-13 12:21:05 - [MESSAGE][PASSED] - Object 'Object Repository/MainPage/Verification/getTableRowsBasedonPatientName' is present

2021-03-13 12:21:07 - [MESSAGE][PASSED] - Object 'Object Repository/MainPage/Verification/getTableRowsBasedonPatientName' is visible

2021-03-13 12:21:09 - [MESSAGE][PASSED] - Scroll to object 'Object Repository/MainPage/Verification/getTableRowsBasedonPatientName' successfully

2021-03-13 12:21:11 - [MESSAGE][PASSED] - Object 'Object Repository/MainPage/Verification/getDOBOfPatient' is present

2021-03-13 12:21:13 - [MESSAGE][PASSED] - Object 'Object Repository/MainPage/Verification/getDOBOfPatient' is visible

2021-03-13 12:21:14 - [MESSAGE][PASSED] - Text of object 'Object Repository/MainPage/Verification/getDOBOfPatient' is: '09-09-1983'

2021-03-13 12:21:16 - [MESSAGE][PASSED] - Object 'Object Repository/MainPage/Verification/verifyCheckMarkOfPatient' is present

2021-03-13 12:21:18 - [MESSAGE][PASSED] - Object 'Object Repository/MainPage/Verification/verifyCheckMarkOfPatient' is visible

2021-03-13 12:21:20 - [MESSAGE][PASSED] - Object 'Object Repository/MainPage/Verification/verifyCheckMarkOfPatient' is clickable

2021-03-13 12:21:23 - [MESSAGE][PASSED] - Object: 'Object Repository/MainPage/Verification/verifyCheckMarkOfPatient' is clicked on

2021-03-13 12:21:28 - [MESSAGE][PASSED] - Taking screenshot successfully
[[ATTACHMENT|/Users/apple/Documents/GitHub/SpinSci/passed.png]]

2021-03-13 12:21:31 - [MESSAGE][PASSED] - Web element with id: 'Object Repository/MainPage/Verification/subjectTabName' located by 'By.xpath: (//div[@class="p-verification__top-item-note"])[3]' is not present after '10' second(s)

2021-03-13 12:21:31 - [MESSAGE][PASSED] - mainPage.Mainpage.verifySubject is PASSED

2021-03-13 12:21:31 - [TEST_STEP][PASSED] - cards.ReferralsCard.verifyUpcomingReferrals(upComingReferrals): cards.ReferralsCard.verifyUpcomingReferrals is PASSED

2021-03-13 12:21:33 - [MESSAGE][PASSED] - Object 'Object Repository/MainPage/Cards/PendingReferralsCard/upComingReferralsNumber' is present

2021-03-13 12:21:35 - [MESSAGE][PASSED] - Object 'Object Repository/MainPage/Cards/PendingReferralsCard/upComingReferralsNumber' is visible

2021-03-13 12:21:37 - [MESSAGE][PASSED] - Text of object 'Object Repository/MainPage/Cards/PendingReferralsCard/upComingReferralsNumber' is: '1'

2021-03-13 12:21:40 - [MESSAGE][PASSED] - Taking screenshot successfully
[[ATTACHMENT|/Users/apple/Documents/GitHub/SpinSci/passed.png]]

2021-03-13 12:21:40 - [MESSAGE][PASSED] - Actual text '1' and expected text '1' are matched 

2021-03-13 12:21:40 - [MESSAGE][PASSED] - cards.ReferralsCard.verifyUpcomingReferrals is PASSED

2021-03-13 12:21:40 - [TEST_STEP][PASSED] - cards.ReferralsCard.verifyClosedReferrals(closedReferrals): cards.ReferralsCard.verifyClosedReferrals is PASSED

2021-03-13 12:21:42 - [MESSAGE][PASSED] - Object 'Object Repository/MainPage/Cards/PendingReferralsCard/closedReferralsNumber' is present

2021-03-13 12:21:44 - [MESSAGE][PASSED] - Object 'Object Repository/MainPage/Cards/PendingReferralsCard/closedReferralsNumber' is visible

2021-03-13 12:21:46 - [MESSAGE][PASSED] - Text of object 'Object Repository/MainPage/Cards/PendingReferralsCard/closedReferralsNumber' is: '13'

2021-03-13 12:21:49 - [MESSAGE][PASSED] - Taking screenshot successfully
[[ATTACHMENT|/Users/apple/Documents/GitHub/SpinSci/passed.png]]

2021-03-13 12:21:49 - [MESSAGE][PASSED] - Actual text '13' and expected text '13' are matched 

2021-03-13 12:21:49 - [MESSAGE][PASSED] - cards.ReferralsCard.verifyClosedReferrals is PASSED

2021-03-13 12:21:49 - [TEST_STEP][PASSED] - cards.ReferralsCard.clickOnGearIcon(): cards.ReferralsCard.clickOnGearIcon is PASSED

2021-03-13 12:21:50 - [MESSAGE][PASSED] - Object 'Object Repository/MainPage/Cards/PendingReferralsCard/gearIcon' is present

2021-03-13 12:21:52 - [MESSAGE][PASSED] - Object 'Object Repository/MainPage/Cards/PendingReferralsCard/gearIcon' is visible

2021-03-13 12:21:54 - [MESSAGE][PASSED] - Object 'Object Repository/MainPage/Cards/PendingReferralsCard/gearIcon' is clickable

2021-03-13 12:21:56 - [MESSAGE][PASSED] - Object: 'Object Repository/MainPage/Cards/PendingReferralsCard/gearIcon' is clicked on

2021-03-13 12:21:59 - [MESSAGE][PASSED] - Taking screenshot successfully
[[ATTACHMENT|/Users/apple/Documents/GitHub/SpinSci/passed.png]]

2021-03-13 12:22:00 - [MESSAGE][PASSED] - Object 'Object Repository/MainPage/Cards/PendingReferralsCard/moreDetailsOption' is present

2021-03-13 12:22:00 - [MESSAGE][PASSED] - cards.ReferralsCard.clickOnGearIcon is PASSED

2021-03-13 12:22:00 - [TEST_STEP][PASSED] - cards.ReferralsCard.clickOnMoreDetails(): cards.ReferralsCard.clickOnMoreDetails is PASSED

2021-03-13 12:22:02 - [MESSAGE][PASSED] - Object 'Object Repository/MainPage/Cards/PendingReferralsCard/moreDetailsOption' is present

2021-03-13 12:22:04 - [MESSAGE][PASSED] - Object 'Object Repository/MainPage/Cards/PendingReferralsCard/moreDetailsOption' is visible

2021-03-13 12:22:06 - [MESSAGE][PASSED] - Object 'Object Repository/MainPage/Cards/PendingReferralsCard/moreDetailsOption' is clickable

2021-03-13 12:22:09 - [MESSAGE][PASSED] - Object: 'Object Repository/MainPage/Cards/PendingReferralsCard/moreDetailsOption' is clicked on

2021-03-13 12:22:09 - [MESSAGE][PASSED] - cards.ReferralsCard.clickOnMoreDetails is PASSED

2021-03-13 12:22:09 - [TEST_STEP][PASSED] - tabs.ReferralsTab.verifyReferral("1150", "Phoenix, Physician, MD", "Kevin Walker", "Consultation", "Pending"): tabs.ReferralsTab.verifyReferral is PASSED

2021-03-13 12:22:10 - [MESSAGE][PASSED] - Object 'Object Repository/MainPage/Tabs/ReferralsTab/tableCell' is present

2021-03-13 12:22:12 - [MESSAGE][PASSED] - Object 'Object Repository/MainPage/Tabs/ReferralsTab/tableCell' is visible

2021-03-13 12:22:14 - [MESSAGE][PASSED] - Text of object 'Object Repository/MainPage/Tabs/ReferralsTab/tableCell' is: '1150'

2021-03-13 12:22:15 - [MESSAGE][PASSED] - Object 'Object Repository/MainPage/Tabs/ReferralsTab/tableCell' is present

2021-03-13 12:22:17 - [MESSAGE][PASSED] - Object 'Object Repository/MainPage/Tabs/ReferralsTab/tableCell' is visible

2021-03-13 12:22:19 - [MESSAGE][PASSED] - Text of object 'Object Repository/MainPage/Tabs/ReferralsTab/tableCell' is: 'Phoenix, Physician, MD'

2021-03-13 12:22:20 - [MESSAGE][PASSED] - Object 'Object Repository/MainPage/Tabs/ReferralsTab/tableCell' is present

2021-03-13 12:22:22 - [MESSAGE][PASSED] - Object 'Object Repository/MainPage/Tabs/ReferralsTab/tableCell' is visible

2021-03-13 12:22:25 - [MESSAGE][PASSED] - Text of object 'Object Repository/MainPage/Tabs/ReferralsTab/tableCell' is: 'Kevin Walker'

2021-03-13 12:22:27 - [MESSAGE][PASSED] - Object 'Object Repository/MainPage/Tabs/ReferralsTab/tableCell' is present

2021-03-13 12:22:29 - [MESSAGE][PASSED] - Object 'Object Repository/MainPage/Tabs/ReferralsTab/tableCell' is visible

2021-03-13 12:22:31 - [MESSAGE][PASSED] - Text of object 'Object Repository/MainPage/Tabs/ReferralsTab/tableCell' is: 'Consultation'

2021-03-13 12:22:32 - [MESSAGE][PASSED] - Object 'Object Repository/MainPage/Tabs/ReferralsTab/tableCell' is present

2021-03-13 12:22:34 - [MESSAGE][PASSED] - Object 'Object Repository/MainPage/Tabs/ReferralsTab/tableCell' is visible

2021-03-13 12:22:36 - [MESSAGE][PASSED] - Text of object 'Object Repository/MainPage/Tabs/ReferralsTab/tableCell' is: 'Pending'

2021-03-13 12:22:38 - [MESSAGE][PASSED] - Taking screenshot successfully
[[ATTACHMENT|/Users/apple/Documents/GitHub/SpinSci/passed.png]]

2021-03-13 12:22:38 - [MESSAGE][PASSED] - Actual text '1150' and expected text '1150' are matched 

2021-03-13 12:22:41 - [MESSAGE][PASSED] - Taking screenshot successfully
[[ATTACHMENT|/Users/apple/Documents/GitHub/SpinSci/passed.png]]

2021-03-13 12:22:41 - [MESSAGE][PASSED] - Actual text 'Phoenix, Physician, MD' and expected text 'Phoenix, Physician, MD' are matched 

2021-03-13 12:22:43 - [MESSAGE][PASSED] - Taking screenshot successfully
[[ATTACHMENT|/Users/apple/Documents/GitHub/SpinSci/passed.png]]

2021-03-13 12:22:43 - [MESSAGE][PASSED] - Actual text 'Kevin Walker' and expected text 'Kevin Walker' are matched 

2021-03-13 12:22:46 - [MESSAGE][PASSED] - Taking screenshot successfully
[[ATTACHMENT|/Users/apple/Documents/GitHub/SpinSci/passed.png]]

2021-03-13 12:22:46 - [MESSAGE][PASSED] - Actual text 'Consultation' and expected text 'Consultation' are matched 

2021-03-13 12:22:48 - [MESSAGE][PASSED] - Taking screenshot successfully
[[ATTACHMENT|/Users/apple/Documents/GitHub/SpinSci/passed.png]]

2021-03-13 12:22:48 - [MESSAGE][PASSED] - Actual text 'Pending' and expected text 'Pending' are matched 

2021-03-13 12:22:48 - [MESSAGE][PASSED] - tabs.ReferralsTab.verifyReferral is PASSED

2021-03-13 12:22:48 - [TEST_STEP][PASSED] - Start listener action : closeBrowserBeforeTestSuire: Refresh successfully

2021-03-13 12:22:48 - [TEST_STEP][PASSED] - refresh(): Refresh successfully

2021-03-13 12:22:49 - [MESSAGE][PASSED] - Refresh successfully

2021-03-13 12:22:52 - [TEST_STEP][PASSED] - Video: Video recording for test case 'Test Cases/TC_ID_07 Display Pending Referrals card in the Patient Dashboard' .

2021-03-13 12:22:52 - [MESSAGE][INFO] - Video recording for test case 'Test Cases/TC_ID_07 Display Pending Referrals card in the Patient Dashboard' .]]></system-out>
         <system-err><![CDATA[]]></system-err>
      </testcase>
      <testcase name="Test Cases/TC_ID_02 Verify Patient details on the Dashboard based on incoming call" time="209.135" classname="Test Cases/TC_ID_02 Verify Patient details on the Dashboard based on incoming call" status="PASSED">
         <system-out><![CDATA[2021-03-13 12:22:52 - [TEST_CASE][PASSED] - Test Cases/TC_ID_02 Verify Patient details on the Dashboard based on incoming call: Test Cases/TC_ID_02 Verify Patient details on the Dashboard based on incoming call

2021-03-13 12:22:52 - [TEST_STEP][PASSED] - patientCallerId = "6082719000": null

2021-03-13 12:22:52 - [TEST_STEP][PASSED] - patientCalledTo = "4698991226": null

2021-03-13 12:22:52 - [TEST_STEP][PASSED] - soucePatientName = "Cadence,Sam": null

2021-03-13 12:22:52 - [TEST_STEP][PASSED] - sourcePatientDOB = "09-12-1949": null

2021-03-13 12:22:52 - [TEST_STEP][PASSED] - subjectPatientName = "Cadence,Alyssa": null

2021-03-13 12:22:52 - [TEST_STEP][PASSED] - subjectPatientDOB = "03-24-1978": null

2021-03-13 12:22:52 - [TEST_STEP][PASSED] - subjectPatientlocation = "VERONA,Wisconsin,53593": null

2021-03-13 12:22:52 - [TEST_STEP][PASSED] - patientContactNumber = "(608) 271-9000": null

2021-03-13 12:22:52 - [TEST_STEP][PASSED] - subjectPatientCardTitle = "Subject is a Patient (42 year old Female)": null

2021-03-13 12:22:52 - [TEST_STEP][PASSED] - mainPage.Mainpage.searchWith(patientCallerId, patientCalledTo): mainPage.Mainpage.searchWith is PASSED

2021-03-13 12:22:53 - [MESSAGE][PASSED] - Object 'Object Repository/MainPage/patientCallerIdInputBox' is present

2021-03-13 12:22:55 - [MESSAGE][PASSED] - Object 'Object Repository/MainPage/patientCallerIdInputBox' is visible

2021-03-13 12:22:56 - [MESSAGE][PASSED] - Object 'Object Repository/MainPage/patientCallerIdInputBox' is clickable

2021-03-13 12:22:57 - [MESSAGE][PASSED] - Text of object 'Object Repository/MainPage/patientCallerIdInputBox' is cleared

2021-03-13 12:22:59 - [MESSAGE][PASSED] - Keys '6082719000' sent to object: 'Object Repository/MainPage/patientCallerIdInputBox'

2021-03-13 12:23:00 - [MESSAGE][PASSED] - Object 'Object Repository/MainPage/patientCalledToInputBox' is present

2021-03-13 12:23:01 - [MESSAGE][PASSED] - Object 'Object Repository/MainPage/patientCalledToInputBox' is visible

2021-03-13 12:23:03 - [MESSAGE][PASSED] - Object 'Object Repository/MainPage/patientCalledToInputBox' is clickable

2021-03-13 12:23:04 - [MESSAGE][PASSED] - Text of object 'Object Repository/MainPage/patientCalledToInputBox' is cleared

2021-03-13 12:23:06 - [MESSAGE][PASSED] - Keys '4698991226' sent to object: 'Object Repository/MainPage/patientCalledToInputBox'

2021-03-13 12:23:08 - [MESSAGE][PASSED] - Object 'Object Repository/MainPage/submitButton' is present

2021-03-13 12:23:09 - [MESSAGE][PASSED] - Object 'Object Repository/MainPage/submitButton' is visible

2021-03-13 12:23:11 - [MESSAGE][PASSED] - Object 'Object Repository/MainPage/submitButton' is clickable

2021-03-13 12:23:13 - [MESSAGE][PASSED] - Object: 'Object Repository/MainPage/submitButton' is clicked on

2021-03-13 12:23:15 - [MESSAGE][PASSED] - Taking screenshot successfully
[[ATTACHMENT|/Users/apple/Documents/GitHub/SpinSci/passed.png]]

2021-03-13 12:23:18 - [MESSAGE][PASSED] - Web element with id: 'Object Repository/MainPage/noOngoingIterationText' located by 'By.xpath: //h3[text()='Waiting for a new interaction...']' is not present after '10' second(s)

2021-03-13 12:23:18 - [MESSAGE][PASSED] - mainPage.Mainpage.searchWith is PASSED

2021-03-13 12:23:18 - [TEST_STEP][PASSED] - mainPage.Mainpage.verifySource(soucePatientName, sourcePatientDOB): mainPage.Mainpage.verifySource is PASSED

2021-03-13 12:23:20 - [MESSAGE][PASSED] - Taking screenshot successfully
[[ATTACHMENT|/Users/apple/Documents/GitHub/SpinSci/passed.png]]

2021-03-13 12:23:21 - [MESSAGE][PASSED] - Object 'Object Repository/MainPage/Verification/getTableRowsBasedonPatientName' is present

2021-03-13 12:23:22 - [MESSAGE][PASSED] - Object 'Object Repository/MainPage/Verification/getTableRowsBasedonPatientName' is present

2021-03-13 12:23:24 - [MESSAGE][PASSED] - Object 'Object Repository/MainPage/Verification/getTableRowsBasedonPatientName' is visible

2021-03-13 12:23:26 - [MESSAGE][PASSED] - Scroll to object 'Object Repository/MainPage/Verification/getTableRowsBasedonPatientName' successfully

2021-03-13 12:23:27 - [MESSAGE][PASSED] - Object 'Object Repository/MainPage/Verification/getDOBOfPatient' is present

2021-03-13 12:23:30 - [MESSAGE][PASSED] - Object 'Object Repository/MainPage/Verification/getDOBOfPatient' is visible

2021-03-13 12:23:31 - [MESSAGE][PASSED] - Text of object 'Object Repository/MainPage/Verification/getDOBOfPatient' is: '09-12-1949'

2021-03-13 12:23:33 - [MESSAGE][PASSED] - Object 'Object Repository/MainPage/Verification/verifyCheckMarkOfPatient' is present

2021-03-13 12:23:35 - [MESSAGE][PASSED] - Object 'Object Repository/MainPage/Verification/verifyCheckMarkOfPatient' is visible

2021-03-13 12:23:36 - [MESSAGE][PASSED] - Object 'Object Repository/MainPage/Verification/verifyCheckMarkOfPatient' is clickable

2021-03-13 12:23:39 - [MESSAGE][PASSED] - Object: 'Object Repository/MainPage/Verification/verifyCheckMarkOfPatient' is clicked on

2021-03-13 12:23:41 - [MESSAGE][PASSED] - Object 'Object Repository/MainPage/Verification/sourceTabName' is present

2021-03-13 12:23:43 - [MESSAGE][PASSED] - Object 'Object Repository/MainPage/Verification/sourceTabName' is visible

2021-03-13 12:23:44 - [MESSAGE][PASSED] - Text of object 'Object Repository/MainPage/Verification/sourceTabName' is: 'Cadence Sam'

2021-03-13 12:23:47 - [MESSAGE][PASSED] - Taking screenshot successfully
[[ATTACHMENT|/Users/apple/Documents/GitHub/SpinSci/passed.png]]

2021-03-13 12:23:47 - [MESSAGE][PASSED] - Actual text 'Cadence Sam' and expected text 'Cadence Sam' are matched 

2021-03-13 12:23:47 - [MESSAGE][PASSED] - mainPage.Mainpage.verifySource is PASSED

2021-03-13 12:23:47 - [TEST_STEP][PASSED] - mainPage.Mainpage.verifySubject(subjectPatientName, subjectPatientDOB, subjectPatientlocation): mainPage.Mainpage.verifySubject is PASSED

2021-03-13 12:23:50 - [MESSAGE][PASSED] - Taking screenshot successfully
[[ATTACHMENT|/Users/apple/Documents/GitHub/SpinSci/passed.png]]

2021-03-13 12:23:51 - [MESSAGE][PASSED] - Object 'Object Repository/MainPage/Verification/getTableRowsBasedonPatientName' is present

2021-03-13 12:23:52 - [MESSAGE][PASSED] - Object 'Object Repository/MainPage/Verification/getTableRowsBasedonPatientName' is present

2021-03-13 12:23:54 - [MESSAGE][PASSED] - Object 'Object Repository/MainPage/Verification/getTableRowsBasedonPatientName' is visible

2021-03-13 12:23:56 - [MESSAGE][PASSED] - Scroll to object 'Object Repository/MainPage/Verification/getTableRowsBasedonPatientName' successfully

2021-03-13 12:23:57 - [MESSAGE][PASSED] - Object 'Object Repository/MainPage/Verification/getDOBOfPatient' is present

2021-03-13 12:23:59 - [MESSAGE][PASSED] - Object 'Object Repository/MainPage/Verification/getDOBOfPatient' is visible

2021-03-13 12:24:01 - [MESSAGE][PASSED] - Text of object 'Object Repository/MainPage/Verification/getDOBOfPatient' is: '03-24-1978'

2021-03-13 12:24:03 - [MESSAGE][PASSED] - Object 'Object Repository/MainPage/Verification/verifyCheckMarkOfPatient' is present

2021-03-13 12:24:04 - [MESSAGE][PASSED] - Object 'Object Repository/MainPage/Verification/verifyCheckMarkOfPatient' is visible

2021-03-13 12:24:06 - [MESSAGE][PASSED] - Object 'Object Repository/MainPage/Verification/verifyCheckMarkOfPatient' is clickable

2021-03-13 12:24:11 - [MESSAGE][PASSED] - Object: 'Object Repository/MainPage/Verification/verifyCheckMarkOfPatient' is clicked on

2021-03-13 12:24:16 - [MESSAGE][PASSED] - Taking screenshot successfully
[[ATTACHMENT|/Users/apple/Documents/GitHub/SpinSci/passed.png]]

2021-03-13 12:24:20 - [MESSAGE][PASSED] - Web element with id: 'Object Repository/MainPage/Verification/subjectTabName' located by 'By.xpath: (//div[@class="p-verification__top-item-note"])[3]' is not present after '10' second(s)

2021-03-13 12:24:20 - [MESSAGE][PASSED] - mainPage.Mainpage.verifySubject is PASSED

2021-03-13 12:24:20 - [TEST_STEP][PASSED] - mainPage.Patient.verifyPatientDetails(subjectPatientCardTitle, subjectPatientName, "1978-03-24", patientContactNumber, subjectPatientlocation): mainPage.Patient.verifyPatientDetails is PASSED

2021-03-13 12:24:22 - [MESSAGE][PASSED] - Object 'Object Repository/MainPage/Cards/SubjectCard/subjectTitle' is present

2021-03-13 12:24:24 - [MESSAGE][PASSED] - Object 'Object Repository/MainPage/Cards/SubjectCard/subjectTitle' is visible

2021-03-13 12:24:27 - [MESSAGE][PASSED] - Text of object 'Object Repository/MainPage/Cards/SubjectCard/subjectTitle' is: 'Subject is a Patient (42 year old Female)'

2021-03-13 12:24:29 - [MESSAGE][PASSED] - Object 'Object Repository/MainPage/Cards/SubjectCard/subjectAddress' is present

2021-03-13 12:24:31 - [MESSAGE][PASSED] - Object 'Object Repository/MainPage/Cards/SubjectCard/subjectAddress' is visible

2021-03-13 12:24:33 - [MESSAGE][PASSED] - Text of object 'Object Repository/MainPage/Cards/SubjectCard/subjectAddress' is: 'Address: VERONA,Wisconsin,53593'

2021-03-13 12:24:36 - [MESSAGE][PASSED] - Object 'Object Repository/MainPage/Cards/SubjectCard/subjectName' is present

2021-03-13 12:24:38 - [MESSAGE][PASSED] - Object 'Object Repository/MainPage/Cards/SubjectCard/subjectName' is visible

2021-03-13 12:24:40 - [MESSAGE][PASSED] - Text of object 'Object Repository/MainPage/Cards/SubjectCard/subjectName' is: 'Cadence Alyssa'

2021-03-13 12:24:42 - [MESSAGE][PASSED] - Object 'Object Repository/MainPage/Cards/SubjectCard/subjectDOB' is present

2021-03-13 12:24:44 - [MESSAGE][PASSED] - Object 'Object Repository/MainPage/Cards/SubjectCard/subjectDOB' is visible

2021-03-13 12:24:46 - [MESSAGE][PASSED] - Text of object 'Object Repository/MainPage/Cards/SubjectCard/subjectDOB' is: 'DOB: 1978-03-24'

2021-03-13 12:24:48 - [MESSAGE][PASSED] - Object 'Object Repository/MainPage/Cards/SubjectCard/subjectEmpi' is present

2021-03-13 12:24:50 - [MESSAGE][PASSED] - Object 'Object Repository/MainPage/Cards/SubjectCard/subjectEmpi' is visible

2021-03-13 12:24:52 - [MESSAGE][PASSED] - Text of object 'Object Repository/MainPage/Cards/SubjectCard/subjectEmpi' is: 'EMPI: E2650'

2021-03-13 12:24:54 - [MESSAGE][PASSED] - Object 'Object Repository/MainPage/Cards/SubjectCard/subjectContactNumber' is present

2021-03-13 12:24:56 - [MESSAGE][PASSED] - Object 'Object Repository/MainPage/Cards/SubjectCard/subjectContactNumber' is visible

2021-03-13 12:24:58 - [MESSAGE][PASSED] - Text of object 'Object Repository/MainPage/Cards/SubjectCard/subjectContactNumber' is: 'Contact Number:  (608) 271-9000'

2021-03-13 12:25:01 - [MESSAGE][PASSED] - Taking screenshot successfully
[[ATTACHMENT|/Users/apple/Documents/GitHub/SpinSci/passed.png]]

2021-03-13 12:25:01 - [MESSAGE][PASSED] - Actual text 'Subject is a Patient (42 year old Female)' and expected text 'Subject is a Patient (42 year old Female)' are matched 

2021-03-13 12:25:04 - [MESSAGE][PASSED] - Taking screenshot successfully
[[ATTACHMENT|/Users/apple/Documents/GitHub/SpinSci/passed.png]]

2021-03-13 12:25:04 - [MESSAGE][PASSED] - Actual text 'VERONA,Wisconsin,53593' and expected text 'VERONA,Wisconsin,53593' are matched 

2021-03-13 12:25:10 - [MESSAGE][PASSED] - Taking screenshot successfully
[[ATTACHMENT|/Users/apple/Documents/GitHub/SpinSci/passed.png]]

2021-03-13 12:25:10 - [MESSAGE][PASSED] - Actual text 'Cadence Alyssa' and expected text 'Cadence Alyssa' are matched 

2021-03-13 12:25:13 - [MESSAGE][PASSED] - Taking screenshot successfully
[[ATTACHMENT|/Users/apple/Documents/GitHub/SpinSci/passed.png]]

2021-03-13 12:25:13 - [MESSAGE][PASSED] - Actual text '1978-03-24' and expected text '1978-03-24' are matched 

2021-03-13 12:25:17 - [MESSAGE][PASSED] - Taking screenshot successfully
[[ATTACHMENT|/Users/apple/Documents/GitHub/SpinSci/passed.png]]

2021-03-13 12:25:17 - [MESSAGE][PASSED] - Actual text '(608) 271-9000' and expected text '(608) 271-9000' are matched 

2021-03-13 12:25:20 - [MESSAGE][PASSED] - Taking screenshot successfully
[[ATTACHMENT|/Users/apple/Documents/GitHub/SpinSci/passed.png]]

2021-03-13 12:25:22 - [MESSAGE][PASSED] - Object 'Object Repository/MainPage/Cards/AppoinmentsCard/cardTitle' is present

2021-03-13 12:25:25 - [MESSAGE][PASSED] - Taking screenshot successfully
[[ATTACHMENT|/Users/apple/Documents/GitHub/SpinSci/passed.png]]

2021-03-13 12:25:26 - [MESSAGE][PASSED] - Object 'Object Repository/MainPage/Cards/BillingInformationCard/cardTitle' is present

2021-03-13 12:25:29 - [MESSAGE][PASSED] - Taking screenshot successfully
[[ATTACHMENT|/Users/apple/Documents/GitHub/SpinSci/passed.png]]

2021-03-13 12:25:30 - [MESSAGE][PASSED] - Object 'Object Repository/MainPage/Cards/EmergencyInfoCard/cardTitle' is present

2021-03-13 12:25:33 - [MESSAGE][PASSED] - Taking screenshot successfully
[[ATTACHMENT|/Users/apple/Documents/GitHub/SpinSci/passed.png]]

2021-03-13 12:25:35 - [MESSAGE][PASSED] - Object 'Object Repository/MainPage/Cards/EmploymentInfoCard/cardTitle' is present

2021-03-13 12:25:37 - [MESSAGE][PASSED] - Taking screenshot successfully
[[ATTACHMENT|/Users/apple/Documents/GitHub/SpinSci/passed.png]]

2021-03-13 12:25:39 - [MESSAGE][PASSED] - Object 'Object Repository/MainPage/Cards/InsuranceDetails/cardTitle' is present

2021-03-13 12:25:41 - [MESSAGE][PASSED] - Taking screenshot successfully
[[ATTACHMENT|/Users/apple/Documents/GitHub/SpinSci/passed.png]]

2021-03-13 12:25:43 - [MESSAGE][PASSED] - Object 'Object Repository/MainPage/Cards/PatientCareTeamCard/cardTitle' is present

2021-03-13 12:25:46 - [MESSAGE][PASSED] - Taking screenshot successfully
[[ATTACHMENT|/Users/apple/Documents/GitHub/SpinSci/passed.png]]

2021-03-13 12:25:47 - [MESSAGE][PASSED] - Object 'Object Repository/MainPage/Cards/PendingReferralsCard/cardTitle' is present

2021-03-13 12:25:50 - [MESSAGE][PASSED] - Taking screenshot successfully
[[ATTACHMENT|/Users/apple/Documents/GitHub/SpinSci/passed.png]]

2021-03-13 12:25:52 - [MESSAGE][PASSED] - Object 'Object Repository/MainPage/Cards/Pharmacies/cardTitle' is present

2021-03-13 12:25:55 - [MESSAGE][PASSED] - Taking screenshot successfully
[[ATTACHMENT|/Users/apple/Documents/GitHub/SpinSci/passed.png]]

2021-03-13 12:25:56 - [MESSAGE][PASSED] - Object 'Object Repository/MainPage/Navigations/appoinmentsTab' is present

2021-03-13 12:25:59 - [MESSAGE][PASSED] - Taking screenshot successfully
[[ATTACHMENT|/Users/apple/Documents/GitHub/SpinSci/passed.png]]

2021-03-13 12:26:00 - [MESSAGE][PASSED] - Object 'Object Repository/MainPage/Navigations/billingTab' is present

2021-03-13 12:26:03 - [MESSAGE][PASSED] - Taking screenshot successfully
[[ATTACHMENT|/Users/apple/Documents/GitHub/SpinSci/passed.png]]

2021-03-13 12:26:04 - [MESSAGE][PASSED] - Object 'Object Repository/MainPage/Navigations/dashboardTab' is present

2021-03-13 12:26:08 - [MESSAGE][PASSED] - Taking screenshot successfully
[[ATTACHMENT|/Users/apple/Documents/GitHub/SpinSci/passed.png]]

2021-03-13 12:26:09 - [MESSAGE][PASSED] - Object 'Object Repository/MainPage/Navigations/medicationTab' is present

2021-03-13 12:26:12 - [MESSAGE][PASSED] - Taking screenshot successfully
[[ATTACHMENT|/Users/apple/Documents/GitHub/SpinSci/passed.png]]

2021-03-13 12:26:13 - [MESSAGE][PASSED] - Object 'Object Repository/MainPage/Navigations/ReferralsTab' is present

2021-03-13 12:26:16 - [MESSAGE][PASSED] - Taking screenshot successfully
[[ATTACHMENT|/Users/apple/Documents/GitHub/SpinSci/passed.png]]

2021-03-13 12:26:18 - [MESSAGE][PASSED] - Object 'Object Repository/MainPage/Navigations/traigeTab' is present

2021-03-13 12:26:18 - [MESSAGE][PASSED] - mainPage.Patient.verifyPatientDetails is PASSED

2021-03-13 12:26:18 - [TEST_STEP][PASSED] - Start listener action : closeBrowserBeforeTestSuire: Refresh successfully

2021-03-13 12:26:18 - [TEST_STEP][PASSED] - refresh(): Refresh successfully

2021-03-13 12:26:18 - [MESSAGE][PASSED] - Refresh successfully

2021-03-13 12:26:21 - [TEST_STEP][PASSED] - Video: Video recording for test case 'Test Cases/TC_ID_02 Verify Patient details on the Dashboard based on incoming call' .

2021-03-13 12:26:21 - [MESSAGE][INFO] - Video recording for test case 'Test Cases/TC_ID_02 Verify Patient details on the Dashboard based on incoming call' .]]></system-out>
         <system-err><![CDATA[]]></system-err>
      </testcase>
      <testcase name="Test Cases/TC_ID_11 Display Patient Care Team card (PCP) details in the Patient Dashboard" time="112.871" classname="Test Cases/TC_ID_11 Display Patient Care Team card (PCP) details in the Patient Dashboard" status="PASSED">
         <system-out><![CDATA[2021-03-13 12:26:21 - [TEST_CASE][PASSED] - Test Cases/TC_ID_11 Display Patient Care Team card (PCP) details in the Patient Dashboard: Test Cases/TC_ID_11 Display Patient Care Team card (PCP) details in the Patient Dashboard

2021-03-13 12:26:21 - [TEST_STEP][PASSED] - patientCallerId = "6082719000": null

2021-03-13 12:26:21 - [TEST_STEP][PASSED] - patientCalledTo = "4698991226": null

2021-03-13 12:26:21 - [TEST_STEP][PASSED] - soucePatientName = "Cadence,Anna": null

2021-03-13 12:26:21 - [TEST_STEP][PASSED] - sourcePatientDOB = "09-09-1983": null

2021-03-13 12:26:21 - [TEST_STEP][PASSED] - subjectPatientName = "Cadence,Anna": null

2021-03-13 12:26:21 - [TEST_STEP][PASSED] - subjectPatientDOB = "09-09-1983": null

2021-03-13 12:26:21 - [TEST_STEP][PASSED] - pcpName = "Family Medicine, Physician, MD": null

2021-03-13 12:26:21 - [TEST_STEP][PASSED] - pcpCenter = "": null

2021-03-13 12:26:21 - [TEST_STEP][PASSED] - pcpDept = "Cardio": null

2021-03-13 12:26:21 - [TEST_STEP][PASSED] - mainPage.Mainpage.searchWith(patientCallerId, patientCalledTo): mainPage.Mainpage.searchWith is PASSED

2021-03-13 12:26:22 - [MESSAGE][PASSED] - Object 'Object Repository/MainPage/patientCallerIdInputBox' is present

2021-03-13 12:26:24 - [MESSAGE][PASSED] - Object 'Object Repository/MainPage/patientCallerIdInputBox' is visible

2021-03-13 12:26:25 - [MESSAGE][PASSED] - Object 'Object Repository/MainPage/patientCallerIdInputBox' is clickable

2021-03-13 12:26:27 - [MESSAGE][PASSED] - Text of object 'Object Repository/MainPage/patientCallerIdInputBox' is cleared

2021-03-13 12:26:28 - [MESSAGE][PASSED] - Keys '6082719000' sent to object: 'Object Repository/MainPage/patientCallerIdInputBox'

2021-03-13 12:26:29 - [MESSAGE][PASSED] - Object 'Object Repository/MainPage/patientCalledToInputBox' is present

2021-03-13 12:26:31 - [MESSAGE][PASSED] - Object 'Object Repository/MainPage/patientCalledToInputBox' is visible

2021-03-13 12:26:32 - [MESSAGE][PASSED] - Object 'Object Repository/MainPage/patientCalledToInputBox' is clickable

2021-03-13 12:26:34 - [MESSAGE][PASSED] - Text of object 'Object Repository/MainPage/patientCalledToInputBox' is cleared

2021-03-13 12:26:35 - [MESSAGE][PASSED] - Keys '4698991226' sent to object: 'Object Repository/MainPage/patientCalledToInputBox'

2021-03-13 12:26:36 - [MESSAGE][PASSED] - Object 'Object Repository/MainPage/submitButton' is present

2021-03-13 12:26:38 - [MESSAGE][PASSED] - Object 'Object Repository/MainPage/submitButton' is visible

2021-03-13 12:26:39 - [MESSAGE][PASSED] - Object 'Object Repository/MainPage/submitButton' is clickable

2021-03-13 12:26:42 - [MESSAGE][PASSED] - Object: 'Object Repository/MainPage/submitButton' is clicked on

2021-03-13 12:26:44 - [MESSAGE][PASSED] - Taking screenshot successfully
[[ATTACHMENT|/Users/apple/Documents/GitHub/SpinSci/passed.png]]

2021-03-13 12:26:47 - [MESSAGE][PASSED] - Web element with id: 'Object Repository/MainPage/noOngoingIterationText' located by 'By.xpath: //h3[text()='Waiting for a new interaction...']' is not present after '10' second(s)

2021-03-13 12:26:47 - [MESSAGE][PASSED] - mainPage.Mainpage.searchWith is PASSED

2021-03-13 12:26:47 - [TEST_STEP][PASSED] - mainPage.Mainpage.verifySource(soucePatientName, sourcePatientDOB): mainPage.Mainpage.verifySource is PASSED

2021-03-13 12:26:49 - [MESSAGE][PASSED] - Taking screenshot successfully
[[ATTACHMENT|/Users/apple/Documents/GitHub/SpinSci/passed.png]]

2021-03-13 12:26:51 - [MESSAGE][PASSED] - Object 'Object Repository/MainPage/Verification/getTableRowsBasedonPatientName' is present

2021-03-13 12:26:52 - [MESSAGE][PASSED] - Object 'Object Repository/MainPage/Verification/getTableRowsBasedonPatientName' is present

2021-03-13 12:26:54 - [MESSAGE][PASSED] - Object 'Object Repository/MainPage/Verification/getTableRowsBasedonPatientName' is visible

2021-03-13 12:26:56 - [MESSAGE][PASSED] - Scroll to object 'Object Repository/MainPage/Verification/getTableRowsBasedonPatientName' successfully

2021-03-13 12:26:57 - [MESSAGE][PASSED] - Object 'Object Repository/MainPage/Verification/getDOBOfPatient' is present

2021-03-13 12:26:58 - [MESSAGE][PASSED] - Object 'Object Repository/MainPage/Verification/getDOBOfPatient' is visible

2021-03-13 12:27:00 - [MESSAGE][PASSED] - Text of object 'Object Repository/MainPage/Verification/getDOBOfPatient' is: '09-09-1983'

2021-03-13 12:27:02 - [MESSAGE][PASSED] - Object 'Object Repository/MainPage/Verification/verifyCheckMarkOfPatient' is present

2021-03-13 12:27:03 - [MESSAGE][PASSED] - Object 'Object Repository/MainPage/Verification/verifyCheckMarkOfPatient' is visible

2021-03-13 12:27:05 - [MESSAGE][PASSED] - Object 'Object Repository/MainPage/Verification/verifyCheckMarkOfPatient' is clickable

2021-03-13 12:27:07 - [MESSAGE][PASSED] - Object: 'Object Repository/MainPage/Verification/verifyCheckMarkOfPatient' is clicked on

2021-03-13 12:27:09 - [MESSAGE][PASSED] - Object 'Object Repository/MainPage/Verification/sourceTabName' is present

2021-03-13 12:27:11 - [MESSAGE][PASSED] - Object 'Object Repository/MainPage/Verification/sourceTabName' is visible

2021-03-13 12:27:13 - [MESSAGE][PASSED] - Text of object 'Object Repository/MainPage/Verification/sourceTabName' is: 'Cadence Anna'

2021-03-13 12:27:15 - [MESSAGE][PASSED] - Taking screenshot successfully
[[ATTACHMENT|/Users/apple/Documents/GitHub/SpinSci/passed.png]]

2021-03-13 12:27:15 - [MESSAGE][PASSED] - Actual text 'Cadence Anna' and expected text 'Cadence Anna' are matched 

2021-03-13 12:27:15 - [MESSAGE][PASSED] - mainPage.Mainpage.verifySource is PASSED

2021-03-13 12:27:15 - [TEST_STEP][PASSED] - mainPage.Mainpage.verifySubject(subjectPatientName, subjectPatientDOB): mainPage.Mainpage.verifySubject is PASSED

2021-03-13 12:27:18 - [MESSAGE][PASSED] - Taking screenshot successfully
[[ATTACHMENT|/Users/apple/Documents/GitHub/SpinSci/passed.png]]

2021-03-13 12:27:20 - [MESSAGE][PASSED] - Object 'Object Repository/MainPage/Verification/getTableRowsBasedonPatientName' is present

2021-03-13 12:27:21 - [MESSAGE][PASSED] - Object 'Object Repository/MainPage/Verification/getTableRowsBasedonPatientName' is present

2021-03-13 12:27:23 - [MESSAGE][PASSED] - Object 'Object Repository/MainPage/Verification/getTableRowsBasedonPatientName' is visible

2021-03-13 12:27:25 - [MESSAGE][PASSED] - Scroll to object 'Object Repository/MainPage/Verification/getTableRowsBasedonPatientName' successfully

2021-03-13 12:27:26 - [MESSAGE][PASSED] - Object 'Object Repository/MainPage/Verification/getDOBOfPatient' is present

2021-03-13 12:27:28 - [MESSAGE][PASSED] - Object 'Object Repository/MainPage/Verification/getDOBOfPatient' is visible

2021-03-13 12:27:30 - [MESSAGE][PASSED] - Text of object 'Object Repository/MainPage/Verification/getDOBOfPatient' is: '09-09-1983'

2021-03-13 12:27:32 - [MESSAGE][PASSED] - Object 'Object Repository/MainPage/Verification/verifyCheckMarkOfPatient' is present

2021-03-13 12:27:33 - [MESSAGE][PASSED] - Object 'Object Repository/MainPage/Verification/verifyCheckMarkOfPatient' is visible

2021-03-13 12:27:35 - [MESSAGE][PASSED] - Object 'Object Repository/MainPage/Verification/verifyCheckMarkOfPatient' is clickable

2021-03-13 12:27:37 - [MESSAGE][PASSED] - Object: 'Object Repository/MainPage/Verification/verifyCheckMarkOfPatient' is clicked on

2021-03-13 12:27:42 - [MESSAGE][PASSED] - Taking screenshot successfully
[[ATTACHMENT|/Users/apple/Documents/GitHub/SpinSci/passed.png]]

2021-03-13 12:27:46 - [MESSAGE][PASSED] - Web element with id: 'Object Repository/MainPage/Verification/subjectTabName' located by 'By.xpath: (//div[@class="p-verification__top-item-note"])[3]' is not present after '10' second(s)

2021-03-13 12:27:46 - [MESSAGE][PASSED] - mainPage.Mainpage.verifySubject is PASSED

2021-03-13 12:27:46 - [TEST_STEP][PASSED] - cards.PatientCareTeamCard.verifyPcpDetails(pcpName, pcpCenter, pcpDept): cards.PatientCareTeamCard.verifyPcpDetails is PASSED

2021-03-13 12:27:47 - [MESSAGE][PASSED] - Object 'Object Repository/MainPage/Cards/PatientCareTeamCard/pcpName' is present

2021-03-13 12:27:49 - [MESSAGE][PASSED] - Object 'Object Repository/MainPage/Cards/PatientCareTeamCard/pcpName' is visible

2021-03-13 12:27:51 - [MESSAGE][PASSED] - Text of object 'Object Repository/MainPage/Cards/PatientCareTeamCard/pcpName' is: 'PCP Name: Family Medicine, Physician, MD'

2021-03-13 12:27:53 - [MESSAGE][PASSED] - Object 'Object Repository/MainPage/Cards/PatientCareTeamCard/pcpCenter' is present

2021-03-13 12:27:55 - [MESSAGE][PASSED] - Object 'Object Repository/MainPage/Cards/PatientCareTeamCard/pcpCenter' is visible

2021-03-13 12:27:57 - [MESSAGE][PASSED] - Text of object 'Object Repository/MainPage/Cards/PatientCareTeamCard/pcpCenter' is: 'PCP Center: '

2021-03-13 12:27:59 - [MESSAGE][PASSED] - Object 'Object Repository/MainPage/Cards/PatientCareTeamCard/pcpDep' is present

2021-03-13 12:28:01 - [MESSAGE][PASSED] - Object 'Object Repository/MainPage/Cards/PatientCareTeamCard/pcpDep' is visible

2021-03-13 12:28:03 - [MESSAGE][PASSED] - Text of object 'Object Repository/MainPage/Cards/PatientCareTeamCard/pcpDep' is: 'PCP Dept: Cardio'

2021-03-13 12:28:07 - [MESSAGE][PASSED] - Taking screenshot successfully
[[ATTACHMENT|/Users/apple/Documents/GitHub/SpinSci/passed.png]]

2021-03-13 12:28:07 - [MESSAGE][PASSED] - Actual text 'Family Medicine, Physician, MD' and expected text 'Family Medicine, Physician, MD' are matched 

2021-03-13 12:28:11 - [MESSAGE][PASSED] - Taking screenshot successfully
[[ATTACHMENT|/Users/apple/Documents/GitHub/SpinSci/passed.png]]

2021-03-13 12:28:11 - [MESSAGE][PASSED] - Actual text 'Cardio' and expected text 'Cardio' are matched 

2021-03-13 12:28:11 - [MESSAGE][PASSED] - cards.PatientCareTeamCard.verifyPcpDetails is PASSED

2021-03-13 12:28:11 - [TEST_STEP][PASSED] - Start listener action : closeBrowserBeforeTestSuire: Refresh successfully

2021-03-13 12:28:11 - [TEST_STEP][PASSED] - refresh(): Refresh successfully

2021-03-13 12:28:12 - [MESSAGE][PASSED] - Refresh successfully

2021-03-13 12:28:14 - [TEST_STEP][PASSED] - Video: Video recording for test case 'Test Cases/TC_ID_11 Display Patient Care Team card (PCP) details in the Patient Dashboard' .

2021-03-13 12:28:14 - [MESSAGE][INFO] - Video recording for test case 'Test Cases/TC_ID_11 Display Patient Care Team card (PCP) details in the Patient Dashboard' .]]></system-out>
         <system-err><![CDATA[]]></system-err>
      </testcase>
      <testcase name="Test Cases/TC_ID_05 Display upcoming appointments card in the Patient Dashboard" time="161.847" classname="Test Cases/TC_ID_05 Display upcoming appointments card in the Patient Dashboard" status="PASSED">
         <system-out><![CDATA[2021-03-13 12:28:14 - [TEST_CASE][PASSED] - Test Cases/TC_ID_05 Display upcoming appointments card in the Patient Dashboard: Test Cases/TC_ID_05 Display upcoming appointments card in the Patient Dashboard

2021-03-13 12:28:14 - [TEST_STEP][PASSED] - patientCallerId = "2158821126": null

2021-03-13 12:28:14 - [TEST_STEP][PASSED] - patientCalledTo = "4698991226": null

2021-03-13 12:28:14 - [TEST_STEP][PASSED] - soucePatientName = "Cadence,Anna": null

2021-03-13 12:28:14 - [TEST_STEP][PASSED] - sourcePatientDOB = "09-09-1983": null

2021-03-13 12:28:14 - [TEST_STEP][PASSED] - subjectPatientName = "Cadence,Anna": null

2021-03-13 12:28:14 - [TEST_STEP][PASSED] - subjectPatientDOB = "09-09-1983": null

2021-03-13 12:28:14 - [TEST_STEP][PASSED] - mainPage.Mainpage.searchWith(patientCallerId, patientCalledTo): mainPage.Mainpage.searchWith is PASSED

2021-03-13 12:28:15 - [MESSAGE][PASSED] - Object 'Object Repository/MainPage/patientCallerIdInputBox' is present

2021-03-13 12:28:17 - [MESSAGE][PASSED] - Object 'Object Repository/MainPage/patientCallerIdInputBox' is visible

2021-03-13 12:28:18 - [MESSAGE][PASSED] - Object 'Object Repository/MainPage/patientCallerIdInputBox' is clickable

2021-03-13 12:28:19 - [MESSAGE][PASSED] - Text of object 'Object Repository/MainPage/patientCallerIdInputBox' is cleared

2021-03-13 12:28:21 - [MESSAGE][PASSED] - Keys '2158821126' sent to object: 'Object Repository/MainPage/patientCallerIdInputBox'

2021-03-13 12:28:22 - [MESSAGE][PASSED] - Object 'Object Repository/MainPage/patientCalledToInputBox' is present

2021-03-13 12:28:23 - [MESSAGE][PASSED] - Object 'Object Repository/MainPage/patientCalledToInputBox' is visible

2021-03-13 12:28:25 - [MESSAGE][PASSED] - Object 'Object Repository/MainPage/patientCalledToInputBox' is clickable

2021-03-13 12:28:26 - [MESSAGE][PASSED] - Text of object 'Object Repository/MainPage/patientCalledToInputBox' is cleared

2021-03-13 12:28:28 - [MESSAGE][PASSED] - Keys '4698991226' sent to object: 'Object Repository/MainPage/patientCalledToInputBox'

2021-03-13 12:28:29 - [MESSAGE][PASSED] - Object 'Object Repository/MainPage/submitButton' is present

2021-03-13 12:28:30 - [MESSAGE][PASSED] - Object 'Object Repository/MainPage/submitButton' is visible

2021-03-13 12:28:32 - [MESSAGE][PASSED] - Object 'Object Repository/MainPage/submitButton' is clickable

2021-03-13 12:28:33 - [MESSAGE][PASSED] - Object: 'Object Repository/MainPage/submitButton' is clicked on

2021-03-13 12:28:36 - [MESSAGE][PASSED] - Taking screenshot successfully
[[ATTACHMENT|/Users/apple/Documents/GitHub/SpinSci/passed.png]]

2021-03-13 12:28:38 - [MESSAGE][PASSED] - Web element with id: 'Object Repository/MainPage/noOngoingIterationText' located by 'By.xpath: //h3[text()='Waiting for a new interaction...']' is not present after '10' second(s)

2021-03-13 12:28:38 - [MESSAGE][PASSED] - mainPage.Mainpage.searchWith is PASSED

2021-03-13 12:28:38 - [TEST_STEP][PASSED] - mainPage.Mainpage.verifySource(soucePatientName, sourcePatientDOB): mainPage.Mainpage.verifySource is PASSED

2021-03-13 12:28:40 - [MESSAGE][PASSED] - Taking screenshot successfully
[[ATTACHMENT|/Users/apple/Documents/GitHub/SpinSci/passed.png]]

2021-03-13 12:28:41 - [MESSAGE][PASSED] - Object 'Object Repository/MainPage/Verification/getTableRowsBasedonPatientName' is present

2021-03-13 12:28:43 - [MESSAGE][PASSED] - Object 'Object Repository/MainPage/Verification/getTableRowsBasedonPatientName' is present

2021-03-13 12:28:44 - [MESSAGE][PASSED] - Object 'Object Repository/MainPage/Verification/getTableRowsBasedonPatientName' is visible

2021-03-13 12:28:46 - [MESSAGE][PASSED] - Scroll to object 'Object Repository/MainPage/Verification/getTableRowsBasedonPatientName' successfully

2021-03-13 12:28:47 - [MESSAGE][PASSED] - Object 'Object Repository/MainPage/Verification/getDOBOfPatient' is present

2021-03-13 12:28:48 - [MESSAGE][PASSED] - Object 'Object Repository/MainPage/Verification/getDOBOfPatient' is visible

2021-03-13 12:28:50 - [MESSAGE][PASSED] - Text of object 'Object Repository/MainPage/Verification/getDOBOfPatient' is: '09-09-1983'

2021-03-13 12:28:51 - [MESSAGE][PASSED] - Object 'Object Repository/MainPage/Verification/verifyCheckMarkOfPatient' is present

2021-03-13 12:28:53 - [MESSAGE][PASSED] - Object 'Object Repository/MainPage/Verification/verifyCheckMarkOfPatient' is visible

2021-03-13 12:28:54 - [MESSAGE][PASSED] - Object 'Object Repository/MainPage/Verification/verifyCheckMarkOfPatient' is clickable

2021-03-13 12:28:56 - [MESSAGE][PASSED] - Object: 'Object Repository/MainPage/Verification/verifyCheckMarkOfPatient' is clicked on

2021-03-13 12:28:57 - [MESSAGE][PASSED] - Object 'Object Repository/MainPage/Verification/sourceTabName' is present

2021-03-13 12:28:59 - [MESSAGE][PASSED] - Object 'Object Repository/MainPage/Verification/sourceTabName' is visible

2021-03-13 12:29:01 - [MESSAGE][PASSED] - Text of object 'Object Repository/MainPage/Verification/sourceTabName' is: 'Cadence Anna'

2021-03-13 12:29:03 - [MESSAGE][PASSED] - Taking screenshot successfully
[[ATTACHMENT|/Users/apple/Documents/GitHub/SpinSci/passed.png]]

2021-03-13 12:29:03 - [MESSAGE][PASSED] - Actual text 'Cadence Anna' and expected text 'Cadence Anna' are matched 

2021-03-13 12:29:03 - [MESSAGE][PASSED] - mainPage.Mainpage.verifySource is PASSED

2021-03-13 12:29:03 - [TEST_STEP][PASSED] - mainPage.Mainpage.verifySubject(subjectPatientName, subjectPatientDOB): mainPage.Mainpage.verifySubject is PASSED

2021-03-13 12:29:05 - [MESSAGE][PASSED] - Taking screenshot successfully
[[ATTACHMENT|/Users/apple/Documents/GitHub/SpinSci/passed.png]]

2021-03-13 12:29:06 - [MESSAGE][PASSED] - Object 'Object Repository/MainPage/Verification/getTableRowsBasedonPatientName' is present

2021-03-13 12:29:07 - [MESSAGE][PASSED] - Object 'Object Repository/MainPage/Verification/getTableRowsBasedonPatientName' is present

2021-03-13 12:29:10 - [MESSAGE][PASSED] - Object 'Object Repository/MainPage/Verification/getTableRowsBasedonPatientName' is visible

2021-03-13 12:29:12 - [MESSAGE][PASSED] - Scroll to object 'Object Repository/MainPage/Verification/getTableRowsBasedonPatientName' successfully

2021-03-13 12:29:13 - [MESSAGE][PASSED] - Object 'Object Repository/MainPage/Verification/getDOBOfPatient' is present

2021-03-13 12:29:15 - [MESSAGE][PASSED] - Object 'Object Repository/MainPage/Verification/getDOBOfPatient' is visible

2021-03-13 12:29:16 - [MESSAGE][PASSED] - Text of object 'Object Repository/MainPage/Verification/getDOBOfPatient' is: '09-09-1983'

2021-03-13 12:29:18 - [MESSAGE][PASSED] - Object 'Object Repository/MainPage/Verification/verifyCheckMarkOfPatient' is present

2021-03-13 12:29:21 - [MESSAGE][PASSED] - Object 'Object Repository/MainPage/Verification/verifyCheckMarkOfPatient' is visible

2021-03-13 12:29:23 - [MESSAGE][PASSED] - Object 'Object Repository/MainPage/Verification/verifyCheckMarkOfPatient' is clickable

2021-03-13 12:29:25 - [MESSAGE][PASSED] - Object: 'Object Repository/MainPage/Verification/verifyCheckMarkOfPatient' is clicked on

2021-03-13 12:29:31 - [MESSAGE][PASSED] - Taking screenshot successfully
[[ATTACHMENT|/Users/apple/Documents/GitHub/SpinSci/passed.png]]

2021-03-13 12:29:34 - [MESSAGE][PASSED] - Web element with id: 'Object Repository/MainPage/Verification/subjectTabName' located by 'By.xpath: (//div[@class="p-verification__top-item-note"])[3]' is not present after '10' second(s)

2021-03-13 12:29:34 - [MESSAGE][PASSED] - mainPage.Mainpage.verifySubject is PASSED

2021-03-13 12:29:34 - [TEST_STEP][PASSED] - cards.AppoinmentCard.clickOnGearIcon(): cards.AppoinmentCard.clickOnGearIcon is PASSED

2021-03-13 12:29:36 - [MESSAGE][PASSED] - Object 'Object Repository/MainPage/Cards/AppoinmentsCard/gearIcon' is present

2021-03-13 12:29:38 - [MESSAGE][PASSED] - Object 'Object Repository/MainPage/Cards/AppoinmentsCard/gearIcon' is visible

2021-03-13 12:29:40 - [MESSAGE][PASSED] - Object 'Object Repository/MainPage/Cards/AppoinmentsCard/gearIcon' is clickable

2021-03-13 12:29:42 - [MESSAGE][PASSED] - Object: 'Object Repository/MainPage/Cards/AppoinmentsCard/gearIcon' is clicked on

2021-03-13 12:29:45 - [MESSAGE][PASSED] - Taking screenshot successfully
[[ATTACHMENT|/Users/apple/Documents/GitHub/SpinSci/passed.png]]

2021-03-13 12:29:47 - [MESSAGE][PASSED] - Object 'Object Repository/MainPage/Cards/AppoinmentsCard/moreDetailsOption' is present

2021-03-13 12:29:47 - [MESSAGE][PASSED] - cards.AppoinmentCard.clickOnGearIcon is PASSED

2021-03-13 12:29:47 - [TEST_STEP][PASSED] - cards.AppoinmentCard.clickOnMoreDetails(): cards.AppoinmentCard.clickOnMoreDetails is PASSED

2021-03-13 12:29:49 - [MESSAGE][PASSED] - Object 'Object Repository/MainPage/Cards/AppoinmentsCard/moreDetailsOption' is present

2021-03-13 12:29:50 - [MESSAGE][PASSED] - Object 'Object Repository/MainPage/Cards/AppoinmentsCard/moreDetailsOption' is visible

2021-03-13 12:29:52 - [MESSAGE][PASSED] - Object 'Object Repository/MainPage/Cards/AppoinmentsCard/moreDetailsOption' is clickable

2021-03-13 12:29:54 - [MESSAGE][PASSED] - Object: 'Object Repository/MainPage/Cards/AppoinmentsCard/moreDetailsOption' is clicked on

2021-03-13 12:29:54 - [MESSAGE][PASSED] - cards.AppoinmentCard.clickOnMoreDetails is PASSED

2021-03-13 12:29:54 - [TEST_STEP][PASSED] - tabs.AppoinmentsTab.switchToNoShowsAppoinments(): tabs.AppoinmentsTab.switchToNoShowsAppoinments is PASSED

2021-03-13 12:29:56 - [MESSAGE][PASSED] - Object 'Object Repository/MainPage/Tabs/AppoinmentsTab/noShowsAppoinments' is present

2021-03-13 12:29:57 - [MESSAGE][PASSED] - Object 'Object Repository/MainPage/Tabs/AppoinmentsTab/noShowsAppoinments' is visible

2021-03-13 12:29:59 - [MESSAGE][PASSED] - Object 'Object Repository/MainPage/Tabs/AppoinmentsTab/noShowsAppoinments' is clickable

2021-03-13 12:30:01 - [MESSAGE][PASSED] - Object: 'Object Repository/MainPage/Tabs/AppoinmentsTab/noShowsAppoinments' is clicked on

2021-03-13 12:30:01 - [MESSAGE][PASSED] - tabs.AppoinmentsTab.switchToNoShowsAppoinments is PASSED

2021-03-13 12:30:01 - [TEST_STEP][PASSED] - tabs.AppoinmentsTab.verifyAppoinment("7/21/2020", "EMH PHX CTH DEPT", "Coordinator Phoenix, RN", "TRANSPLANT EVALUATION", "No Show", "4:30 PM"): tabs.AppoinmentsTab.verifyAppoinment is PASSED

2021-03-13 12:30:03 - [MESSAGE][PASSED] - Object 'Object Repository/MainPage/Tabs/AppoinmentsTab/tableCell' is present

2021-03-13 12:30:04 - [MESSAGE][PASSED] - Object 'Object Repository/MainPage/Tabs/AppoinmentsTab/tableCell' is visible

2021-03-13 12:30:06 - [MESSAGE][PASSED] - Text of object 'Object Repository/MainPage/Tabs/AppoinmentsTab/tableCell' is: '7/21/2020'

2021-03-13 12:30:08 - [MESSAGE][PASSED] - Object 'Object Repository/MainPage/Tabs/AppoinmentsTab/tableCell' is present

2021-03-13 12:30:10 - [MESSAGE][PASSED] - Object 'Object Repository/MainPage/Tabs/AppoinmentsTab/tableCell' is visible

2021-03-13 12:30:12 - [MESSAGE][PASSED] - Text of object 'Object Repository/MainPage/Tabs/AppoinmentsTab/tableCell' is: 'EMH PHX CTH DEPT'

2021-03-13 12:30:14 - [MESSAGE][PASSED] - Object 'Object Repository/MainPage/Tabs/AppoinmentsTab/tableCell' is present

2021-03-13 12:30:15 - [MESSAGE][PASSED] - Object 'Object Repository/MainPage/Tabs/AppoinmentsTab/tableCell' is visible

2021-03-13 12:30:18 - [MESSAGE][PASSED] - Text of object 'Object Repository/MainPage/Tabs/AppoinmentsTab/tableCell' is: 'Coordinator Phoenix, RN'

2021-03-13 12:30:20 - [MESSAGE][PASSED] - Object 'Object Repository/MainPage/Tabs/AppoinmentsTab/tableCell' is present

2021-03-13 12:30:21 - [MESSAGE][PASSED] - Object 'Object Repository/MainPage/Tabs/AppoinmentsTab/tableCell' is visible

2021-03-13 12:30:23 - [MESSAGE][PASSED] - Text of object 'Object Repository/MainPage/Tabs/AppoinmentsTab/tableCell' is: 'TRANSPLANT EVALUATION'

2021-03-13 12:30:25 - [MESSAGE][PASSED] - Object 'Object Repository/MainPage/Tabs/AppoinmentsTab/tableCell' is present

2021-03-13 12:30:28 - [MESSAGE][PASSED] - Object 'Object Repository/MainPage/Tabs/AppoinmentsTab/tableCell' is visible

2021-03-13 12:30:30 - [MESSAGE][PASSED] - Text of object 'Object Repository/MainPage/Tabs/AppoinmentsTab/tableCell' is: 'No Show'

2021-03-13 12:30:31 - [MESSAGE][PASSED] - Object 'Object Repository/MainPage/Tabs/AppoinmentsTab/tableCell' is present

2021-03-13 12:30:33 - [MESSAGE][PASSED] - Object 'Object Repository/MainPage/Tabs/AppoinmentsTab/tableCell' is visible

2021-03-13 12:30:35 - [MESSAGE][PASSED] - Text of object 'Object Repository/MainPage/Tabs/AppoinmentsTab/tableCell' is: '4:30 PM'

2021-03-13 12:30:38 - [MESSAGE][PASSED] - Taking screenshot successfully
[[ATTACHMENT|/Users/apple/Documents/GitHub/SpinSci/passed.png]]

2021-03-13 12:30:38 - [MESSAGE][PASSED] - Actual text '7/21/2020' and expected text '7/21/2020' are matched 

2021-03-13 12:30:41 - [MESSAGE][PASSED] - Taking screenshot successfully
[[ATTACHMENT|/Users/apple/Documents/GitHub/SpinSci/passed.png]]

2021-03-13 12:30:41 - [MESSAGE][PASSED] - Actual text 'EMH PHX CTH DEPT' and expected text 'EMH PHX CTH DEPT' are matched 

2021-03-13 12:30:45 - [MESSAGE][PASSED] - Taking screenshot successfully
[[ATTACHMENT|/Users/apple/Documents/GitHub/SpinSci/passed.png]]

2021-03-13 12:30:45 - [MESSAGE][PASSED] - Actual text 'Coordinator Phoenix, RN' and expected text 'Coordinator Phoenix, RN' are matched 

2021-03-13 12:30:47 - [MESSAGE][PASSED] - Taking screenshot successfully
[[ATTACHMENT|/Users/apple/Documents/GitHub/SpinSci/passed.png]]

2021-03-13 12:30:47 - [MESSAGE][PASSED] - Actual text 'TRANSPLANT EVALUATION' and expected text 'TRANSPLANT EVALUATION' are matched 

2021-03-13 12:30:50 - [MESSAGE][PASSED] - Taking screenshot successfully
[[ATTACHMENT|/Users/apple/Documents/GitHub/SpinSci/passed.png]]

2021-03-13 12:30:50 - [MESSAGE][PASSED] - Actual text 'No Show' and expected text 'No Show' are matched 

2021-03-13 12:30:52 - [MESSAGE][PASSED] - Taking screenshot successfully
[[ATTACHMENT|/Users/apple/Documents/GitHub/SpinSci/passed.png]]

2021-03-13 12:30:52 - [MESSAGE][PASSED] - Actual text '4:30 PM' and expected text '4:30 PM' are matched 

2021-03-13 12:30:52 - [MESSAGE][PASSED] - tabs.AppoinmentsTab.verifyAppoinment is PASSED

2021-03-13 12:30:52 - [TEST_STEP][PASSED] - Start listener action : closeBrowserBeforeTestSuire: Refresh successfully

2021-03-13 12:30:52 - [TEST_STEP][PASSED] - refresh(): Refresh successfully

2021-03-13 12:30:53 - [MESSAGE][PASSED] - Refresh successfully

2021-03-13 12:30:56 - [TEST_STEP][PASSED] - Video: Video recording for test case 'Test Cases/TC_ID_05 Display upcoming appointments card in the Patient Dashboard' .

2021-03-13 12:30:56 - [MESSAGE][INFO] - Video recording for test case 'Test Cases/TC_ID_05 Display upcoming appointments card in the Patient Dashboard' .]]></system-out>
         <system-err><![CDATA[]]></system-err>
      </testcase>
      <system-out><![CDATA[2021-03-13 12:19:42 - [TEST_SUITE][INCOMPLETE] - Demo Test Suite: null]]></system-out>
      <system-err><![CDATA[2021-03-13 12:19:42 - [TEST_SUITE][INCOMPLETE] - Demo Test Suite: null]]></system-err>
   </testsuite>
</testsuites>
