<?xml version="1.0" encoding="UTF-8"?>
<testsuites name="Demo Test Suite" time="0.0" tests="0" failures="0" skips="0" errors="0">
   <testsuite name="Demo Test Suite" tests="0" failures="0" errors="0" time="0.0" skips="0" timestamp="2021-03-13 11:55:34" hostname="apple - 192.168.43.12" id="Test Suites/Demo Test Suite">
      <properties>
         <property name="deviceName" value=""/>
         <property name="devicePlatform" value=""/>
         <property name="logFolder" value="/Users/apple/Documents/GitHub/SpinSci/Reports/20210313_115515/Demo Test Suite/20210313_115515"/>
         <property name="logFiles" value="/Users/apple/Documents/GitHub/SpinSci/Reports/20210313_115515/Demo Test Suite/20210313_115515/execution0.log"/>
         <property name="attachments" value=""/>
         <property name="hostName" value="apple - 192.168.43.12"/>
         <property name="hostAddress" value="192.168.43.12"/>
         <property name="os" value="Mac OS X 64bit"/>
         <property name="katalonVersion" value="7.8.1.208"/>
      </properties>
      <system-out><![CDATA[2021-03-13 11:55:34 - [TEST_SUITE][INCOMPLETE] - Demo Test Suite: null]]></system-out>
      <system-err><![CDATA[2021-03-13 11:55:34 - [TEST_SUITE][INCOMPLETE] - Demo Test Suite: null]]></system-err>
   </testsuite>
</testsuites>
